10/07/2025  2:30 PM
Units: N
Readings: Continuous
X-Axis: Travel
Travel Unit: mm
Reading	Load	Travel	Time
1	-0.0010	-71.920	0.000
2	-0.0010	-71.920	0.116
3	-0.0010	-71.920	0.142
4	-0.0010	-71.920	0.167
5	-0.0012	-71.920	0.194
6	-0.0010	-71.920	0.218
7	-0.0008	-71.920	0.267
8	-0.0010	-71.920	0.292
9	-0.0010	-71.920	0.357
10	-0.0012	-71.920	0.382
11	-0.0012	-71.920	0.439
12	-0.0012	-71.920	0.467
13	-0.0008	-71.920	0.538
14	-0.0010	-71.920	0.577
15	-0.0010	-71.920	0.637
16	-0.0008	-71.920	0.662
17	-0.0010	-71.920	0.720
18	-0.0010	-71.920	0.748
19	-0.0010	-71.920	0.822
20	-0.0010	-71.920	0.850
21	-0.0010	-71.920	0.926
22	-0.0008	-71.920	0.954
23	-0.0010	-71.920	1.039
24	-0.0012	-71.920	1.066
25	-0.0010	-71.920	1.161
26	-0.0012	-71.920	1.187
27	-0.0012	-71.920	1.274
28	-0.0010	-71.920	1.300
29	-0.0010	-71.920	1.383
30	-0.0010	-71.920	1.410
31	-0.0012	-71.920	1.485
32	-0.0010	-71.920	1.512
33	-0.0010	-71.920	1.584
34	-0.0010	-71.920	1.611
35	-0.0010	-71.920	1.700
36	-0.0010	-71.920	1.727
37	-0.0010	-71.920	1.804
38	-0.0010	-71.920	1.830
39	-0.0010	-71.920	1.904
40	-0.0010	-71.920	1.930
41	-0.0010	-71.920	2.008
42	-0.0010	-71.920	2.034
43	-0.0010	-71.920	2.115
44	-0.0010	-71.920	2.142
45	-0.0010	-71.920	2.220
46	-0.0010	-71.920	2.245
47	-0.0010	-71.920	2.327
48	-0.0010	-71.920	2.354
49	-0.0010	-71.920	2.450
50	-0.0010	-71.920	2.477
51	-0.0010	-71.920	2.554
52	-0.0010	-71.920	2.580
53	-0.0010	-71.920	2.668
54	-0.0010	-71.920	2.694
55	-0.0010	-71.920	2.765
56	-0.0010	-71.920	2.792
57	-0.0010	-71.920	2.883
58	-0.0010	-71.920	2.908
59	-0.0010	-71.920	2.986
60	-0.0010	-71.920	3.011
61	-0.0010	-71.920	3.081
62	-0.0010	-71.920	3.108
63	-0.0010	-71.920	3.188
64	-0.0010	-71.920	3.213
65	-0.0010	-71.920	3.288
66	-0.0010	-71.920	3.314
67	-0.0010	-71.920	3.394
68	-0.0010	-71.920	3.421
69	-0.0008	-71.920	3.512
70	-0.0010	-71.920	3.538
71	-0.0010	-71.920	3.630
72	-0.0010	-71.920	3.658
73	-0.0010	-71.920	3.745
74	-0.0012	-71.920	3.772
75	-0.0010	-71.920	3.852
76	-0.0012	-71.920	3.879
77	-0.0010	-71.920	3.962
78	-0.0010	-71.920	3.992
79	-0.0010	-71.920	4.070
80	-0.0010	-71.920	4.097
81	-0.0010	-71.920	4.176
82	-0.0010	-71.920	4.203
83	-0.0010	-71.920	4.287
84	-0.0010	-71.920	4.313
85	-0.0010	-71.920	4.386
86	-0.0010	-71.920	4.413
87	-0.0010	-71.920	4.499
88	-0.0010	-71.920	4.524
89	-0.0010	-71.920	4.607
90	-0.0010	-71.920	4.634
91	-0.0010	-71.920	4.718
92	-0.0010	-71.920	4.745
93	-0.0010	-71.920	4.837
94	-0.0010	-71.920	4.864
95	-0.0144	-71.920	4.941
96	-0.0012	-71.920	4.968
97	-0.0010	-71.920	5.045
98	0.0136	-71.920	5.070
99	0.0126	-71.920	5.164
100	0.0000	-71.920	5.190
101	0.0136	-71.920	5.270
102	0.0002	-71.920	5.295
103	-0.0016	-71.920	5.372
104	0.0152	-71.920	5.397
105	-0.0014	-71.920	5.487
106	0.0124	-71.920	5.512
107	0.0000	-71.920	5.594
108	0.0138	-71.920	5.618
109	-0.0010	-71.920	5.692
110	0.0128	-71.920	5.717
111	-0.0018	-71.920	5.794
112	-0.0008	-71.920	5.821
113	-0.0006	-71.920	5.909
114	0.0108	-71.920	5.932
115	-0.0004	-71.920	6.022
116	-0.0008	-71.920	6.049
117	0.0118	-71.920	6.136
118	-0.0144	-71.920	6.164
119	-0.0020	-71.920	6.236
120	0.0116	-71.920	6.260
121	-0.0016	-71.920	6.335
122	-0.0012	-71.920	6.361
123	-0.0014	-71.920	6.448
124	0.0134	-71.920	6.474
125	-0.0140	-71.920	6.567
126	-0.0016	-71.920	6.595
127	-0.0018	-71.920	6.687
128	-0.0018	-71.920	6.712
129	-0.0148	-71.920	6.784
130	-0.0156	-71.920	6.811
131	0.0132	-71.920	6.881
132	0.0002	-71.920	6.908
133	0.0000	-71.920	6.992
134	-0.0014	-71.920	7.020
135	-0.0012	-71.920	7.089
136	-0.0160	-71.920	7.118
137	-0.0014	-71.920	7.207
138	-0.0006	-71.920	7.235
139	0.0002	-71.920	7.320
140	-0.0010	-71.920	7.348
141	-0.0014	-71.920	7.428
142	-0.0162	-71.920	7.456
143	-0.0018	-71.920	7.544
144	0.0002	-71.920	7.569
145	-0.0158	-71.920	7.645
146	0.0138	-71.920	7.670
147	-0.0150	-71.920	7.750
148	-0.0152	-71.920	7.775
149	0.0116	-71.920	7.848
150	-0.0016	-71.920	7.875
151	-0.0012	-71.920	7.946
152	-0.0004	-71.920	7.974
153	-0.0010	-71.920	8.054
154	-0.0010	-71.920	8.082
155	-0.0160	-71.920	8.165
156	-0.0158	-71.920	8.194
157	-0.0012	-71.920	8.291
158	0.0124	-71.920	8.316
159	-0.0006	-71.920	8.405
160	-0.0020	-71.920	8.431
161	-0.0162	-71.920	8.519
162	-0.0020	-71.920	8.546
163	-0.0016	-71.920	8.625
164	-0.0016	-71.920	8.653
165	-0.0014	-71.920	8.726
166	-0.0148	-71.920	8.754
167	0.0138	-71.920	8.848
168	-0.0020	-71.920	8.875
169	-0.0012	-71.920	8.952
170	-0.0010	-71.920	8.979
171	-0.0004	-71.920	9.060
172	-0.0016	-71.920	9.087
173	-0.0134	-71.920	9.176
174	-0.0016	-71.920	9.202
175	-0.0008	-71.920	9.279
176	-0.0012	-71.920	9.306
177	-0.0004	-71.920	9.395
178	-0.0018	-71.920	9.424
179	-0.0012	-71.920	9.516
180	-0.0014	-71.920	9.544
181	0.0130	-71.920	9.644
182	0.0134	-71.920	9.671
183	-0.0012	-71.920	9.753
184	-0.0148	-71.920	9.782
185	-0.0010	-71.920	9.852
186	0.0146	-71.920	9.877
187	0.0000	-71.920	9.952
188	-0.0144	-71.920	9.980
189	-0.0144	-71.920	10.062
190	-0.0004	-71.920	10.089
191	-0.0006	-71.920	10.174
192	-0.0162	-71.920	10.201
193	-0.0008	-71.920	10.272
194	0.0118	-71.920	10.298
195	-0.0012	-71.920	10.387
196	-0.0174	-71.920	10.417
197	-0.0142	-71.920	10.495
198	-0.0010	-71.920	10.524
199	-0.0154	-71.920	10.632
200	-0.0002	-71.920	10.659
201	-0.0018	-71.920	10.735
202	-0.0166	-71.920	10.762
203	-0.0144	-71.920	10.830
204	-0.0158	-71.920	10.857
205	-0.0022	-71.920	10.942
206	-0.0020	-71.920	10.967
207	0.0112	-71.920	11.043
208	-0.0022	-71.920	11.070
209	-0.0018	-71.920	11.146
210	-0.0010	-71.920	11.174
211	-0.0008	-71.920	11.244
212	0.0132	-71.920	11.270
213	-0.0004	-71.920	11.354
214	-0.0002	-71.920	11.384
215	0.0148	-71.920	11.470
216	-0.0012	-71.920	11.499
217	-0.0006	-71.920	11.574
218	-0.0014	-71.920	11.602
219	-0.0020	-71.920	11.690
220	0.0142	-71.920	11.715
221	0.0140	-71.920	11.813
222	-0.0008	-71.920	11.840
223	-0.0010	-71.920	11.932
224	-0.0022	-71.920	11.958
225	-0.0160	-71.920	12.049
226	0.0142	-71.920	12.074
227	-0.0018	-71.920	12.151
228	-0.0002	-71.920	12.180
229	0.0140	-71.920	12.274
230	0.0000	-71.920	12.300
231	-0.0002	-71.920	12.386
232	-0.0142	-71.920	12.414
233	-0.0164	-71.920	12.490
234	-0.0152	-71.920	12.516
235	-0.0166	-71.920	12.596
236	-0.0020	-71.920	12.624
237	-0.0020	-71.920	12.695
238	-0.0018	-71.920	12.722
239	-0.0006	-71.920	12.800
240	-0.0130	-71.920	12.826
241	-0.0016	-71.920	12.900
242	-0.0020	-71.920	12.930
243	-0.0150	-71.920	13.019
244	0.0144	-71.920	13.045
245	0.0122	-71.920	13.124
246	0.0140	-71.920	13.151
247	-0.0004	-71.920	13.243
248	-0.0006	-71.920	13.272
249	-0.0016	-71.920	13.365
250	-0.0012	-71.920	13.394
251	-0.0004	-71.920	13.481
252	-0.0002	-71.920	13.512
253	-0.0020	-71.920	13.596
254	0.0000	-71.920	13.624
255	-0.0012	-71.920	13.708
256	0.0122	-71.920	13.733
257	-0.0160	-71.920	13.828
258	-0.0020	-71.920	13.856
259	0.0110	-71.920	13.942
260	-0.0008	-71.920	13.968
261	0.0000	-71.920	14.045
262	0.0114	-71.920	14.070
263	-0.0172	-71.920	14.154
264	-0.0006	-71.920	14.183
265	-0.0008	-71.920	14.276
266	-0.0144	-71.920	14.302
267	-0.0012	-71.920	14.383
268	-0.0010	-71.920	14.410
269	0.0124	-71.920	14.500
270	-0.0166	-71.920	14.528
271	-0.0010	-71.920	14.636
272	0.0138	-71.920	14.662
273	-0.0002	-71.920	14.736
274	-0.0016	-71.920	14.764
275	-0.0004	-71.920	14.864
276	-0.0140	-71.920	14.892
277	0.0146	-71.920	14.968
278	0.0140	-71.920	14.995
279	0.0122	-71.920	15.082
280	0.0132	-71.920	15.108
281	0.0118	-71.920	15.192
282	-0.0002	-71.920	15.222
283	-0.0004	-71.920	15.316
284	0.0140	-71.920	15.342
285	-0.0016	-71.920	15.437
286	-0.0002	-71.920	15.464
287	-0.0012	-71.920	15.542
288	-0.0018	-71.920	15.568
289	0.0132	-71.920	15.644
290	0.0138	-71.920	15.670
291	-0.0020	-71.920	15.752
292	0.0132	-71.920	15.776
293	0.0122	-71.920	15.858
294	-0.0148	-71.920	15.886
295	-0.0020	-71.920	15.976
296	-0.0014	-71.920	16.002
297	0.0002	-71.920	16.082
298	-0.0014	-71.920	16.108
299	-0.0182	-71.920	16.193
300	-0.0024	-71.920	16.218
301	-0.0178	-71.920	16.300
302	-0.0144	-71.920	16.328
303	0.0146	-71.920	16.427
304	-0.0014	-71.920	16.454
305	-0.0010	-71.920	16.530
306	-0.0012	-71.920	16.557
307	-0.0008	-71.920	16.639
308	-0.0010	-71.920	16.666
309	-0.0166	-71.920	16.758
310	0.0142	-71.920	16.784
311	-0.0014	-71.920	16.853
312	-0.0018	-71.920	16.882
313	-0.0018	-71.920	16.976
314	0.0112	-71.920	17.001
315	0.0120	-71.920	17.083
316	-0.0010	-71.920	17.110
317	-0.0002	-71.920	17.182
318	-0.0014	-71.920	17.210
319	-0.0018	-71.920	17.295
320	0.0140	-71.920	17.320
321	-0.0132	-71.920	17.401
322	-0.0022	-71.920	17.428
323	0.0134	-71.920	17.504
324	-0.0022	-71.920	17.534
325	0.0144	-71.920	17.635
326	-0.0020	-71.920	17.662
327	-0.0006	-71.920	17.740
328	0.0000	-71.920	17.768
329	-0.0010	-71.920	17.853
330	0.0130	-71.920	17.879
331	-0.0164	-71.920	17.958
332	-0.0168	-71.920	17.986
333	-0.0136	-71.920	18.078
334	0.0138	-71.920	18.104
335	-0.0004	-71.920	18.182
336	-0.0142	-71.920	18.210
337	-0.0012	-71.920	18.298
338	0.0158	-71.920	18.324
339	-0.0020	-71.920	18.398
340	0.0134	-71.920	18.422
341	-0.0002	-71.920	18.507
342	-0.0008	-71.920	18.534
343	0.0134	-71.920	18.614
344	-0.0006	-71.920	18.642
345	0.0126	-71.920	18.726
346	0.0126	-71.920	18.750
347	-0.0008	-71.920	18.832
348	0.0134	-71.920	18.857
349	-0.0012	-71.920	18.938
350	0.0124	-71.920	18.964
351	-0.0002	-71.920	19.047
352	0.0108	-71.920	19.073
353	-0.0014	-71.920	19.144
354	0.0144	-71.920	19.171
355	-0.0008	-71.920	19.243
356	-0.0020	-71.920	19.270
357	-0.0014	-71.920	19.372
358	-0.0166	-71.920	19.402
359	-0.0168	-71.920	19.494
360	-0.0022	-71.920	19.522
361	-0.0168	-71.920	19.618
362	-0.0014	-71.920	19.648
363	-0.0130	-71.920	19.742
364	0.0144	-71.920	19.767
365	-0.0012	-71.920	19.856
366	0.0134	-71.920	19.882
367	-0.0022	-71.920	19.950
368	-0.0004	-71.920	19.978
369	-0.0158	-71.920	20.044
370	-0.0164	-71.920	20.073
371	-0.0020	-71.920	20.164
372	-0.0010	-71.920	20.192
373	-0.0006	-71.920	20.276
374	-0.0174	-71.920	20.303
375	-0.0160	-71.920	20.389
376	0.0116	-71.920	20.415
377	-0.0172	-71.920	20.504
378	0.0138	-71.920	20.530
379	0.0134	-71.920	20.607
380	0.0106	-71.920	20.631
381	-0.0022	-71.920	20.712
382	-0.0020	-71.920	20.744
383	-0.0166	-71.920	20.831
384	-0.0162	-71.920	20.861
385	0.0000	-71.920	20.926
386	-0.0018	-71.920	20.956
387	-0.0004	-71.920	21.026
388	-0.0004	-71.920	21.054
389	-0.0006	-71.920	21.148
390	-0.0014	-71.920	21.176
391	-0.0168	-71.920	21.260
392	0.0144	-71.920	21.288
393	-0.0014	-71.920	21.377
394	-0.0002	-71.920	21.404
395	-0.0150	-71.920	21.490
396	-0.0004	-71.920	21.518
397	-0.0002	-71.920	21.610
398	0.0132	-71.920	21.636
399	-0.0016	-71.920	21.723
400	0.0122	-71.920	21.750
401	-0.0154	-71.920	21.836
402	-0.0180	-71.920	21.865
403	-0.0170	-71.920	21.949
404	-0.0022	-71.920	21.976
405	-0.0158	-71.920	22.057
406	-0.0008	-71.920	22.089
407	0.0134	-71.920	22.172
408	-0.0166	-71.920	22.202
409	-0.0006	-71.920	22.268
410	-0.0016	-71.920	22.296
411	-0.0140	-71.920	22.388
412	-0.0158	-71.920	22.414
413	-0.0166	-71.920	22.494
414	-0.0158	-71.920	22.521
415	-0.0168	-71.920	22.602
416	0.0146	-71.920	22.628
417	0.0118	-71.920	22.704
418	0.0000	-71.920	22.730
419	-0.0156	-71.920	22.836
420	-0.0172	-71.920	22.866
421	0.0136	-71.920	22.935
422	-0.0006	-71.920	22.962
423	-0.0002	-71.920	23.048
424	-0.0146	-71.920	23.077
425	0.0122	-71.920	23.156
426	-0.0024	-71.920	23.185
427	-0.0010	-71.920	23.274
428	0.0144	-71.920	23.301
429	-0.0022	-71.920	23.384
430	-0.0002	-71.920	23.414
431	0.0142	-71.920	23.508
432	0.0138	-71.920	23.533
433	0.0142	-71.920	23.615
434	-0.0010	-71.920	23.642
435	-0.0008	-71.920	23.744
436	-0.0150	-71.920	23.771
437	-0.0010	-71.920	23.851
438	-0.0016	-71.920	23.880
439	-0.0012	-71.920	23.972
440	-0.0012	-71.920	24.002
441	-0.0014	-71.920	24.088
442	-0.0012	-71.920	24.115
443	-0.0012	-71.920	24.202
444	-0.0014	-71.920	24.231
445	-0.0014	-71.920	24.318
446	-0.0012	-71.920	24.345
447	-0.0012	-71.920	24.428
448	-0.0012	-71.920	24.455
449	-0.0012	-71.920	24.551
450	-0.0014	-71.920	24.582
451	-0.0012	-71.920	24.672
452	-0.0012	-71.920	24.702
453	-0.0012	-71.920	24.796
454	-0.0012	-71.920	24.822
455	-0.0012	-71.920	24.911
456	-0.0012	-71.920	24.936
457	-0.0014	-71.920	25.018
458	-0.0012	-71.920	25.048
459	-0.0014	-71.920	25.118
460	-0.0014	-71.920	25.145
461	-0.0012	-71.920	25.231
462	-0.0014	-71.920	25.261
463	-0.0012	-71.920	25.333
464	-0.0014	-71.920	25.364
465	-0.0012	-71.920	25.434
466	-0.0014	-71.920	25.462
467	-0.0012	-71.920	25.560
468	-0.0012	-71.920	25.586
469	-0.0014	-71.920	25.671
470	-0.0012	-71.920	25.702
471	-0.0014	-71.920	25.797
472	-0.0012	-71.920	25.826
473	-0.0012	-71.920	25.899
474	-0.0014	-71.920	25.930
475	-0.0014	-71.920	26.005
476	-0.0014	-71.920	26.034
477	-0.0012	-71.920	26.128
478	-0.0014	-71.920	26.158
479	-0.0014	-71.920	26.246
480	-0.0010	-71.920	26.273
481	-0.0014	-71.920	26.354
482	-0.0012	-71.920	26.382
483	-0.0016	-71.920	26.474
484	-0.0012	-71.920	26.505
485	-0.0014	-71.920	26.604
486	-0.0012	-71.920	26.635
487	-0.0014	-71.920	26.708
488	-0.0010	-71.920	26.734
489	-0.0010	-71.920	26.821
490	-0.0016	-71.920	26.852
491	-0.0010	-71.920	26.922
492	-0.0016	-71.920	26.950
493	-0.0010	-71.920	27.049
494	-0.0014	-71.920	27.078
495	-0.0012	-71.920	27.168
496	-0.0012	-71.920	27.197
497	-0.0014	-71.920	27.286
498	-0.0014	-71.920	27.314
499	-0.0014	-71.920	27.396
500	-0.0014	-71.920	27.427
501	-0.0014	-71.920	27.516
502	-0.0012	-71.920	27.544
503	-0.0012	-71.920	27.630
504	-0.0014	-71.920	27.657
505	-0.0014	-71.920	27.740
506	-0.0014	-71.920	27.766
507	-0.0016	-71.920	27.850
508	-0.0012	-71.920	27.879
509	-0.0014	-71.920	27.971
510	-0.0012	-71.920	28.002
511	-0.0012	-71.920	28.072
512	-0.0016	-71.920	28.100
513	-0.0014	-71.920	28.186
514	-0.0012	-71.920	28.216
515	-0.0014	-71.920	28.306
516	-0.0014	-71.920	28.334
517	-0.0014	-71.920	28.415
518	-0.0012	-71.920	28.443
519	-0.0016	-71.920	28.517
520	-0.0012	-71.920	28.546
521	-0.0012	-71.920	28.628
522	-0.0014	-71.920	28.659
