10/07/2025  2:26 PM
Units: N
Readings: Continuous
X-Axis: Travel
Travel Unit: mm
Reading	Load	Travel	Time
1	0.0000	-71.920	0.000
2	-0.0006	-71.920	0.115
3	-0.0008	-71.920	0.141
4	-0.0006	-71.920	0.202
5	0.0000	-71.920	0.227
6	-0.0002	-71.920	0.291
7	-0.0002	-71.920	0.317
8	0.0000	-71.920	0.377
9	-0.0002	-71.920	0.403
10	0.0000	-71.920	0.460
11	-0.0004	-71.920	0.486
12	-0.0006	-71.920	0.552
13	-0.0006	-71.920	0.577
14	-0.0002	-71.920	0.633
15	-0.0006	-71.920	0.661
16	-0.0006	-71.920	0.726
17	0.0000	-71.920	0.750
18	-0.0006	-71.920	0.826
19	-0.0004	-71.920	0.851
20	-0.0004	-71.920	0.914
21	-0.0002	-71.920	0.939
22	-0.0002	-71.920	1.007
23	-0.0006	-71.920	1.034
24	-0.0006	-71.920	1.117
25	-0.0002	-71.920	1.143
26	0.0000	-71.920	1.230
27	-0.0002	-71.920	1.256
28	-0.0006	-71.920	1.325
29	-0.0002	-71.920	1.351
30	-0.0006	-71.920	1.427
31	-0.0004	-71.920	1.453
32	-0.0004	-71.920	1.529
33	-0.0006	-71.920	1.555
34	-0.0002	-71.920	1.649
35	-0.0006	-71.920	1.676
36	-0.0002	-71.920	1.746
37	-0.0002	-71.920	1.771
38	-0.0006	-71.920	1.841
39	-0.0004	-71.920	1.866
40	-0.0006	-71.920	1.945
41	-0.0004	-71.920	1.971
42	-0.0004	-71.920	2.045
43	-0.0006	-71.920	2.071
44	0.0000	-71.920	2.141
45	-0.0002	-71.920	2.167
46	0.0000	-71.920	2.243
47	0.0000	-71.920	2.267
48	-0.0006	-71.920	2.338
49	-0.0006	-71.920	2.366
50	-0.0006	-71.920	2.446
51	0.0000	-71.920	2.475
52	0.0000	-71.920	2.557
53	-0.0002	-71.920	2.585
54	0.0000	-71.920	2.661
55	-0.0002	-71.920	2.688
56	-0.0002	-71.920	2.763
57	-0.0002	-71.920	2.791
58	-0.0006	-71.920	2.861
59	-0.0002	-71.920	2.888
60	-0.0002	-71.920	2.976
61	-0.0006	-71.920	3.003
62	-0.0006	-71.920	3.071
63	-0.0002	-71.920	3.097
64	-0.0002	-71.920	3.166
65	-0.0006	-71.920	3.193
66	-0.0004	-71.920	3.261
67	-0.0002	-71.920	3.287
68	-0.0004	-71.920	3.358
69	-0.0006	-71.920	3.386
70	-0.0006	-71.920	3.470
71	-0.0002	-71.920	3.497
72	-0.0006	-71.920	3.575
73	-0.0002	-71.920	3.603
74	0.0000	-71.920	3.682
75	-0.0002	-71.920	3.711
76	-0.0004	-71.920	3.785
77	0.0000	-71.920	3.811
78	0.0000	-71.920	3.893
79	-0.0002	-71.920	3.919
80	-0.0006	-71.920	3.990
81	0.0000	-71.920	4.017
82	0.0000	-71.920	4.099
83	-0.0002	-71.920	4.127
84	-0.0006	-71.920	4.199
85	0.0000	-71.920	4.223
86	-0.0006	-71.920	4.303
87	0.0000	-71.920	4.328
88	-0.0004	-71.920	4.430
89	0.0000	-71.920	4.454
90	-0.0010	-71.920	4.528
91	-0.0002	-71.920	4.556
92	-0.0008	-71.920	4.651
93	-0.0008	-71.920	4.676
94	0.0000	-71.920	4.746
95	-0.0004	-71.920	4.772
96	0.0000	-71.920	4.849
97	-0.0002	-71.920	4.876
98	-0.0004	-71.920	4.950
99	0.0000	-71.920	4.975
100	0.0136	-71.920	5.061
101	-0.0010	-71.920	5.087
102	0.0000	-71.920	5.171
103	0.0120	-71.920	5.197
104	-0.0142	-71.920	5.278
105	-0.0016	-71.920	5.304
106	-0.0010	-71.920	5.380
107	-0.0008	-71.920	5.407
108	0.0002	-71.920	5.483
109	0.0004	-71.920	5.513
110	-0.0006	-71.920	5.593
111	-0.0002	-71.920	5.620
112	-0.0006	-71.920	5.707
113	-0.0004	-71.920	5.735
114	0.0006	-71.920	5.813
115	-0.0006	-71.920	5.841
116	0.0002	-71.920	5.922
117	-0.0008	-71.920	5.949
118	-0.0120	-71.920	6.017
119	-0.0144	-71.920	6.045
120	-0.0002	-71.920	6.119
121	-0.0136	-71.920	6.147
122	0.0002	-71.920	6.215
123	-0.0012	-71.920	6.241
124	-0.0002	-71.920	6.314
125	-0.0018	-71.920	6.341
126	-0.0016	-71.920	6.426
127	-0.0002	-71.920	6.453
128	-0.0008	-71.920	6.543
129	-0.0006	-71.920	6.568
130	0.0008	-71.920	6.640
131	0.0122	-71.920	6.665
132	0.0134	-71.920	6.739
133	0.0158	-71.920	6.763
134	-0.0002	-71.920	6.844
135	-0.0014	-71.920	6.870
136	-0.0122	-71.920	6.958
137	0.0002	-71.920	6.983
138	-0.0132	-71.920	7.074
139	0.0130	-71.920	7.099
140	-0.0018	-71.920	7.197
141	-0.0006	-71.920	7.225
142	0.0126	-71.920	7.313
143	-0.0002	-71.920	7.341
144	0.0000	-71.920	7.437
145	0.0006	-71.920	7.461
146	-0.0004	-71.920	7.547
147	0.0134	-71.920	7.573
148	-0.0130	-71.920	7.649
149	-0.0002	-71.920	7.707
150	-0.0148	-71.920	7.735
151	0.0152	-71.920	7.805
152	-0.0008	-71.920	7.831
153	0.0154	-71.920	7.912
154	0.0008	-71.920	7.938
155	0.0006	-71.920	8.022
156	-0.0006	-71.920	8.049
157	0.0128	-71.920	8.125
158	-0.0014	-71.920	8.151
159	0.0000	-71.920	8.236
160	0.0126	-71.920	8.261
161	-0.0002	-71.920	8.343
162	0.0004	-71.920	8.369
163	0.0162	-71.920	8.453
164	-0.0008	-71.920	8.478
165	0.0004	-71.920	8.568
166	0.0142	-71.920	8.595
167	-0.0008	-71.920	8.677
168	-0.0008	-71.920	8.704
169	-0.0006	-71.920	8.777
170	0.0156	-71.920	8.803
171	-0.0006	-71.920	8.884
172	0.0158	-71.920	8.909
173	-0.0010	-71.920	8.994
174	-0.0002	-71.920	9.021
175	0.0138	-71.920	9.094
176	-0.0010	-71.920	9.121
177	-0.0140	-71.920	9.193
178	0.0004	-71.920	9.219
179	-0.0140	-71.920	9.325
180	0.0150	-71.920	9.350
181	-0.0014	-71.920	9.427
182	-0.0002	-71.920	9.454
183	-0.0130	-71.920	9.538
184	-0.0010	-71.920	9.563
185	0.0154	-71.920	9.635
186	-0.0010	-71.920	9.663
187	0.0000	-71.920	9.730
188	0.0124	-71.920	9.755
189	-0.0142	-71.920	9.843
190	-0.0012	-71.920	9.870
191	-0.0014	-71.920	9.947
192	0.0006	-71.920	9.973
193	0.0006	-71.920	10.054
194	-0.0010	-71.920	10.083
195	-0.0006	-71.920	10.172
196	-0.0008	-71.920	10.201
197	-0.0146	-71.920	10.294
198	-0.0018	-71.920	10.321
199	-0.0008	-71.920	10.403
200	0.0146	-71.920	10.427
201	-0.0014	-71.920	10.513
202	0.0006	-71.920	10.539
203	0.0002	-71.920	10.605
204	-0.0014	-71.920	10.632
205	-0.0142	-71.920	10.734
206	0.0000	-71.920	10.761
207	0.0146	-71.920	10.849
208	0.0006	-71.920	10.875
209	0.0002	-71.920	10.952
210	-0.0122	-71.920	10.981
211	-0.0002	-71.920	11.082
212	-0.0012	-71.920	11.108
213	-0.0010	-71.920	11.184
214	0.0126	-71.920	11.211
215	0.0142	-71.920	11.308
216	0.0004	-71.920	11.333
217	0.0002	-71.920	11.422
218	-0.0010	-71.920	11.449
219	0.0150	-71.920	11.538
220	0.0006	-71.920	11.563
221	-0.0122	-71.920	11.631
222	-0.0014	-71.920	11.657
223	0.0154	-71.920	11.746
224	0.0008	-71.920	11.772
225	0.0008	-71.920	11.871
226	0.0000	-71.920	11.897
227	0.0126	-71.920	11.980
228	0.0002	-71.920	12.007
229	0.0002	-71.920	12.105
230	-0.0174	-71.920	12.133
231	0.0006	-71.920	12.232
232	-0.0002	-71.920	12.260
233	0.0162	-71.920	12.347
234	0.0008	-71.920	12.374
235	0.0000	-71.920	12.450
236	-0.0004	-71.920	12.479
237	-0.0132	-71.920	12.568
238	0.0152	-71.920	12.593
239	-0.0006	-71.920	12.681
240	-0.0132	-71.920	12.708
241	0.0002	-71.920	12.787
242	0.0128	-71.920	12.815
243	-0.0008	-71.920	12.911
244	-0.0152	-71.920	12.937
245	-0.0002	-71.920	13.020
246	-0.0006	-71.920	13.048
247	0.0000	-71.920	13.124
248	0.0134	-71.920	13.150
249	0.0156	-71.920	13.245
250	0.0008	-71.920	13.271
251	-0.0012	-71.920	13.350
252	0.0006	-71.920	13.378
253	-0.0160	-71.920	13.443
254	-0.0016	-71.920	13.469
255	-0.0012	-71.920	13.554
256	0.0004	-71.920	13.581
257	-0.0006	-71.920	13.675
258	-0.0004	-71.920	13.703
259	-0.0138	-71.920	13.792
260	-0.0010	-71.920	13.819
261	-0.0008	-71.920	13.913
262	-0.0006	-71.920	13.941
263	-0.0002	-71.920	14.043
264	-0.0008	-71.920	14.071
265	-0.0004	-71.920	14.157
266	0.0136	-71.920	14.185
267	0.0000	-71.920	14.272
268	-0.0016	-71.920	14.299
269	0.0000	-71.920	14.375
270	-0.0006	-71.920	14.403
271	-0.0006	-71.920	14.485
272	-0.0012	-71.920	14.512
273	0.0128	-71.920	14.603
274	-0.0150	-71.920	14.630
275	-0.0002	-71.920	14.719
276	-0.0004	-71.920	14.748
277	0.0004	-71.920	14.815
278	0.0124	-71.920	14.841
279	-0.0002	-71.920	14.929
280	-0.0142	-71.920	14.957
281	-0.0010	-71.920	15.027
282	-0.0010	-71.920	15.053
283	-0.0006	-71.920	15.141
284	-0.0010	-71.920	15.168
285	0.0150	-71.920	15.245
286	0.0128	-71.920	15.269
287	-0.0010	-71.920	15.359
288	0.0138	-71.920	15.385
289	-0.0008	-71.920	15.467
290	0.0148	-71.920	15.491
291	-0.0006	-71.920	15.573
292	0.0150	-71.920	15.597
293	-0.0130	-71.920	15.677
294	-0.0012	-71.920	15.704
295	-0.0012	-71.920	15.789
296	-0.0142	-71.920	15.819
297	-0.0010	-71.920	15.912
298	0.0004	-71.920	15.939
299	0.0132	-71.920	16.027
300	0.0006	-71.920	16.053
301	0.0130	-71.920	16.138
302	-0.0002	-71.920	16.165
303	-0.0150	-71.920	16.257
304	0.0138	-71.920	16.284
305	0.0002	-71.920	16.377
306	-0.0016	-71.920	16.412
307	0.0006	-71.920	16.495
308	-0.0002	-71.920	16.522
309	0.0146	-71.920	16.597
310	0.0006	-71.920	16.623
311	0.0140	-71.920	16.704
312	-0.0160	-71.920	16.734
313	-0.0010	-71.920	16.825
314	0.0120	-71.920	16.853
315	-0.0154	-71.920	16.920
316	0.0142	-71.920	16.947
317	-0.0004	-71.920	17.053
318	0.0140	-71.920	17.079
319	0.0126	-71.920	17.164
320	0.0002	-71.920	17.193
321	-0.0016	-71.920	17.278
322	-0.0006	-71.920	17.305
323	0.0002	-71.920	17.389
324	0.0136	-71.920	17.414
325	0.0152	-71.920	17.507
326	-0.0012	-71.920	17.534
327	-0.0006	-71.920	17.619
328	-0.0002	-71.920	17.647
329	0.0136	-71.920	17.743
330	-0.0004	-71.920	17.770
331	0.0124	-71.920	17.858
332	-0.0014	-71.920	17.887
333	-0.0156	-71.920	17.975
334	-0.0012	-71.920	18.005
335	0.0134	-71.920	18.069
336	0.0140	-71.920	18.095
337	-0.0012	-71.920	18.181
338	-0.0160	-71.920	18.211
339	0.0136	-71.920	18.295
340	-0.0008	-71.920	18.325
341	0.0004	-71.920	18.392
342	0.0000	-71.920	18.421
343	-0.0012	-71.920	18.516
344	-0.0018	-71.920	18.547
345	0.0002	-71.920	18.641
346	-0.0002	-71.920	18.667
347	-0.0002	-71.920	18.759
348	0.0134	-71.920	18.785
349	-0.0142	-71.920	18.877
350	0.0142	-71.920	18.905
351	-0.0018	-71.920	18.985
352	0.0008	-71.920	19.011
353	-0.0006	-71.920	19.103
354	-0.0002	-71.920	19.133
355	-0.0012	-71.920	19.210
356	-0.0002	-71.920	19.239
357	0.0008	-71.920	19.325
358	0.0128	-71.920	19.351
359	-0.0162	-71.920	19.437
360	0.0000	-71.920	19.461
361	-0.0136	-71.920	19.551
362	-0.0158	-71.920	19.579
363	0.0000	-71.920	19.646
364	-0.0132	-71.920	19.673
365	-0.0010	-71.920	19.759
366	0.0152	-71.920	19.785
367	-0.0138	-71.920	19.869
368	-0.0010	-71.920	19.895
369	-0.0154	-71.920	19.985
370	-0.0130	-71.920	20.015
371	-0.0014	-71.920	20.088
372	-0.0002	-71.920	20.117
373	-0.0160	-71.920	20.185
374	-0.0014	-71.920	20.210
375	-0.0002	-71.920	20.292
376	0.0164	-71.920	20.321
377	-0.0006	-71.920	20.393
378	-0.0132	-71.920	20.423
379	-0.0008	-71.920	20.508
380	0.0000	-71.920	20.532
381	-0.0012	-71.920	20.627
382	-0.0006	-71.920	20.657
383	-0.0004	-71.920	20.727
384	-0.0010	-71.920	20.757
385	0.0000	-71.920	20.827
386	-0.0010	-71.920	20.855
387	-0.0006	-71.920	20.946
388	-0.0002	-71.920	20.975
389	-0.0006	-71.920	21.062
390	-0.0012	-71.920	21.089
391	-0.0010	-71.920	21.174
392	0.0000	-71.920	21.201
393	-0.0002	-71.920	21.283
394	-0.0004	-71.920	21.311
395	-0.0004	-71.920	21.387
396	-0.0010	-71.920	21.417
397	0.0000	-71.920	21.490
398	-0.0002	-71.920	21.519
399	-0.0006	-71.920	21.603
400	-0.0012	-71.920	21.631
401	-0.0014	-71.920	21.710
402	0.0000	-71.920	21.737
403	0.0002	-71.920	21.805
404	-0.0012	-71.920	21.835
405	0.0004	-71.920	21.928
406	-0.0010	-71.920	21.957
407	-0.0014	-71.920	22.027
408	0.0006	-71.920	22.054
409	-0.0014	-71.920	22.147
410	-0.0012	-71.920	22.173
411	-0.0010	-71.920	22.259
412	0.0004	-71.920	22.285
413	-0.0004	-71.920	22.374
414	-0.0016	-71.920	22.401
415	-0.0004	-71.920	22.488
416	0.0002	-71.920	22.514
417	0.0006	-71.920	22.617
418	-0.0014	-71.920	22.647
419	-0.0010	-71.920	22.717
420	-0.0004	-71.920	22.747
421	-0.0016	-71.920	22.815
422	-0.0006	-71.920	22.843
423	0.0002	-71.920	22.927
424	-0.0006	-71.920	22.957
425	-0.0010	-71.920	23.027
426	0.0000	-71.920	23.051
427	-0.0002	-71.920	23.143
428	-0.0014	-71.920	23.173
429	-0.0010	-71.920	23.271
430	-0.0014	-71.920	23.297
431	-0.0014	-71.920	23.378
432	-0.0006	-71.920	23.405
433	-0.0012	-71.920	23.500
434	-0.0010	-71.920	23.529
435	0.0002	-71.920	23.616
436	-0.0004	-71.920	23.643
437	0.0000	-71.920	23.740
438	-0.0002	-71.920	23.767
439	0.0000	-71.920	23.867
440	-0.0010	-71.920	23.897
441	-0.0006	-71.920	23.969
442	-0.0008	-71.920	23.999
443	-0.0006	-71.920	24.071
444	-0.0002	-71.920	24.100
445	-0.0004	-71.920	24.197
446	-0.0004	-71.920	24.228
447	-0.0006	-71.920	24.321
448	-0.0002	-71.920	24.349
449	-0.0012	-71.920	24.419
450	-0.0006	-71.920	24.447
451	-0.0010	-71.920	24.541
452	-0.0008	-71.920	24.569
453	0.0000	-71.920	24.657
454	-0.0008	-71.920	24.686
455	-0.0008	-71.920	24.779
456	-0.0002	-71.920	24.807
457	-0.0002	-71.920	24.885
458	-0.0006	-71.920	24.914
459	-0.0002	-71.920	25.011
460	-0.0010	-71.920	25.042
461	-0.0008	-71.920	25.111
462	-0.0002	-71.920	25.138
463	-0.0002	-71.920	25.220
464	-0.0004	-71.920	25.247
465	-0.0010	-71.920	25.339
466	-0.0002	-71.920	25.365
467	-0.0004	-71.920	25.451
468	-0.0010	-71.920	25.480
469	-0.0002	-71.920	25.558
470	-0.0010	-71.920	25.589
471	-0.0002	-71.920	25.678
