27/06/2025  2:49 PM
Units: N
Readings: Continuous
X-Axis: Travel
Travel Unit: mm
Reading	Load	Travel	Time
1	0.000	0.980	0.000
2	0.002	0.980	0.199
3	0.000	0.980	0.399
4	0.000	0.980	0.599
5	0.000	0.980	0.799
6	0.000	0.980	1.000
7	0.000	0.980	1.200
8	0.000	0.980	1.400
9	0.000	0.980	1.600
10	0.000	0.980	1.800
11	0.000	0.980	2.000
12	0.188	0.480	3.399
13	-0.326	0.380	3.599
14	0.184	0.260	3.800
15	-0.016	0.160	4.000
16	-0.020	0.060	4.199
17	-0.234	0.000	4.400
18	0.302	-0.100	4.599
19	-0.138	-0.160	4.800
20	-0.090	-0.260	4.999
21	0.264	-0.380	5.200
22	-0.270	-0.480	5.400
23	0.138	-0.580	5.600
24	0.182	-0.680	5.799
25	0.012	-0.780	6.000
26	-0.220	-0.880	6.200
27	0.346	-0.960	6.400
28	0.050	-0.980	6.599
29	0.050	-0.980	6.800
30	0.048	-0.980	7.003
31	0.048	-0.980	7.200
32	0.048	-0.980	7.399
33	0.048	-0.980	7.599
34	0.048	-0.980	7.799
35	0.048	-0.980	8.000
36	0.048	-0.980	8.199
37	0.048	-0.980	8.400
38	0.048	-0.980	8.599
39	0.048	-0.980	8.800
40	0.048	-0.980	9.000
41	0.048	-0.980	9.200
42	0.048	-0.980	9.400
43	0.048	-0.980	9.599
44	0.048	-0.980	9.800
45	0.048	-0.980	9.999
46	0.048	-0.980	10.201
47	0.048	-0.980	10.400
48	0.048	-0.980	10.600
49	0.048	-0.980	10.799
50	0.048	-0.980	11.000
51	0.046	-0.980	11.199
52	0.048	-0.980	11.400
53	-0.154	-0.920	11.599
54	0.206	-0.820	11.799
55	0.186	-0.720	11.999
56	-0.398	-0.620	12.199
57	0.386	-0.540	12.399
58	0.392	-0.440	12.599
59	-0.022	-0.340	12.799
60	-0.208	-0.240	13.000
61	0.280	-0.140	13.199
62	-0.180	-0.040	13.399
63	0.020	0.020	13.599
64	0.238	0.120	13.800
65	-0.310	0.220	13.999
66	-0.304	0.320	14.199
67	0.262	0.420	14.399
68	-0.024	0.520	14.599
69	-0.198	0.620	14.807
70	0.432	0.720	14.999
71	-0.266	0.820	15.199
72	0.026	0.920	15.399
73	-0.002	0.960	15.599
74	0.000	0.960	15.808
75	0.000	0.960	15.999
76	0.000	0.980	16.200
77	0.002	0.980	16.400
78	0.000	0.980	16.599
79	0.000	0.980	16.800
80	0.000	0.980	17.000
81	0.000	0.980	17.200
82	0.002	0.960	17.399
83	-0.210	0.860	17.599
84	-0.076	0.760	17.800
85	0.286	0.660	17.999
86	-0.278	0.540	18.199
87	0.024	0.440	18.399
88	0.186	0.340	18.599
89	-0.336	0.240	18.799
90	0.228	0.140	18.999
91	0.292	0.040	19.200
92	-0.022	-0.020	19.399
93	-0.214	-0.120	19.599
94	0.224	-0.220	19.800
95	-0.108	-0.300	20.000
96	-0.096	-0.400	20.200
97	0.270	-0.500	20.399
98	-0.318	-0.600	20.600
99	0.174	-0.700	20.799
100	0.288	-0.800	21.000
101	0.020	-0.900	21.200
102	0.052	-0.960	21.400
103	0.050	-0.980	21.600
104	0.048	-0.980	21.799
105	0.048	-0.980	22.000
106	0.048	-0.980	22.200
107	0.048	-0.980	22.399
108	0.048	-0.980	22.600
109	0.048	-0.980	22.800
110	0.048	-0.980	23.000
111	0.048	-0.980	23.199
112	0.048	-0.980	23.399
113	0.048	-0.980	23.599
114	0.048	-0.980	23.800
115	0.046	-0.980	23.999
116	0.046	-0.980	24.200
117	0.046	-0.980	24.400
118	0.046	-0.980	24.599
119	0.046	-0.980	24.799
120	0.046	-0.980	25.001
121	0.048	-0.980	25.199
122	0.046	-0.980	25.399
123	0.046	-0.980	25.599
124	0.046	-0.980	25.800
125	0.046	-0.980	26.000
126	0.046	-0.980	26.200
127	0.046	-0.980	26.399
128	0.046	-0.980	26.599
129	0.246	-0.920	26.799
130	-0.320	-0.820	27.000
131	0.300	-0.720	27.200
132	-0.012	-0.620	27.400
133	-0.018	-0.520	27.599
134	-0.252	-0.420	27.799
135	0.444	-0.320	28.000
136	-0.196	-0.220	28.199
137	-0.080	-0.120	28.399
138	0.232	-0.020	28.600
139	-0.300	0.020	28.799
140	0.170	0.120	29.000
141	0.220	0.220	29.200
142	-0.014	0.320	29.400
143	-0.274	0.420	29.599
144	0.364	0.520	29.799
145	-0.294	0.620	30.001
146	0.022	0.720	30.200
147	0.308	0.860	30.400
148	-0.372	0.920	30.599
149	0.002	0.960	30.800
150	0.002	0.960	30.999
151	0.002	0.960	31.200
152	0.002	0.980	31.400
153	0.000	0.980	31.599
154	0.000	0.980	31.800
155	0.000	0.980	32.000
156	0.000	0.980	32.199
157	0.000	0.980	32.399
158	0.168	0.920	32.599
159	-0.246	0.820	32.799
160	0.018	0.720	33.000
161	0.252	0.620	33.200
162	-0.312	0.540	33.406
163	0.026	0.420	33.599
164	0.178	0.320	33.801
165	-0.330	0.220	33.999
166	0.240	0.120	34.199
167	0.300	0.020	34.400
168	-0.026	-0.020	34.599
169	-0.180	-0.120	34.800
170	0.258	-0.220	34.999
171	-0.106	-0.320	35.202
172	-0.084	-0.420	35.399
173	0.254	-0.520	35.600
174	-0.334	-0.620	35.799
175	-0.274	-0.720	36.000
176	0.268	-0.820	36.199
177	0.024	-0.920	36.399
178	0.052	-0.960	36.600
179	0.050	-0.980	36.800
180	0.048	-0.980	37.000
181	0.048	-0.980	37.201
182	0.048	-0.980	37.400
183	0.048	-0.980	37.599
184	0.048	-0.980	37.800
185	0.048	-0.980	38.000
186	0.048	-0.980	38.200
187	0.046	-0.980	38.399
188	0.048	-0.980	38.599
189	0.048	-0.980	38.801
190	0.048	-0.980	39.000
191	0.048	-0.980	39.199
192	0.046	-0.980	39.399
193	0.046	-0.980	39.599
194	0.048	-0.980	39.799
195	0.046	-0.980	40.000
196	0.046	-0.980	40.200
197	0.046	-0.980	40.400
198	0.046	-0.980	40.600
199	0.046	-0.980	40.803
200	0.046	-0.980	41.000
201	0.046	-0.980	41.200
202	0.046	-0.980	41.399
203	0.046	-0.980	41.600
204	0.046	-0.980	41.800
205	-0.248	-0.900	41.999
206	0.374	-0.800	42.199
207	-0.174	-0.700	42.399
208	-0.340	-0.600	42.600
209	0.036	-0.500	42.802
210	0.366	-0.400	43.001
211	-0.374	-0.300	43.200
212	0.026	-0.220	43.400
213	0.122	-0.120	43.600
214	-0.230	-0.020	43.800
215	0.258	0.040	43.999
216	0.336	0.140	44.200
217	-0.150	0.240	44.400
218	-0.144	0.340	44.600
219	0.320	0.440	44.799
220	-0.332	0.540	45.000
221	0.212	0.660	45.200
222	0.136	0.760	45.400
223	-0.352	0.860	45.599
224	0.350	0.960	45.799
225	0.002	0.960	45.999
226	0.002	0.960	46.199
227	0.002	0.960	46.399
228	0.000	0.980	46.599
229	0.002	0.980	46.800
230	0.002	0.980	46.999
231	0.000	0.980	47.200
232	0.000	0.980	47.400
233	0.000	0.980	47.600
234	0.000	0.980	47.799
235	0.000	0.980	47.999
236	0.000	0.980	48.200
237	0.000	0.980	48.399
238	0.000	0.980	48.600
239	0.000	0.980	48.799
240	0.000	0.980	48.999
241	0.000	0.980	49.200
242	0.000	0.980	49.400
243	0.000	0.980	49.599
244	0.000	0.980	49.800
245	0.000	0.980	50.009
246	0.000	0.980	50.200
247	0.000	0.980	50.400
248	0.000	0.980	50.600
249	0.000	0.980	50.800
250	0.000	0.980	50.999
251	0.000	0.980	51.200
252	0.000	0.980	51.400
