17/07/2025  3:11 PM
Units: N
Readings: Continuous
X-Axis: Travel
Travel Unit: mm
Reading	Load	Travel	Time
1	0.0002	0.000	0.000
2	-0.0014	0.000	0.113
3	-0.0010	0.000	0.156
4	-0.0010	0.000	0.172
5	-0.0016	0.000	0.212
6	0.0000	0.000	0.232
7	-0.0012	0.000	0.276
8	-0.0006	0.000	0.291
9	-0.0002	0.000	0.351
10	-0.0004	0.000	0.371
11	-0.0008	0.000	0.417
12	-0.0006	0.000	0.431
13	-0.0006	0.000	0.491
14	-0.0004	0.000	0.511
15	-0.0004	0.000	0.571
16	-0.0002	0.000	0.591
17	-0.0006	0.000	0.651
18	0.0002	0.000	0.672
19	-0.0012	0.000	0.731
20	0.0004	0.000	0.751
21	-0.0018	0.000	0.815
22	0.0006	0.000	0.831
23	0.0004	0.000	0.911
24	-0.0004	0.000	0.932
25	-0.0022	0.000	0.999
26	0.0006	0.000	1.011
27	0.0010	0.000	1.091
28	-0.0016	0.000	1.111
29	-0.0004	0.000	1.197
30	0.0000	0.000	1.211
31	-0.0016	0.000	1.291
32	-0.0018	0.000	1.311
33	-0.0012	0.000	1.391
34	-0.0014	0.000	1.411
35	-0.0006	0.000	1.481
36	-0.0002	0.000	1.493
37	-0.0004	0.000	1.571
38	-0.0014	0.000	1.591
39	-0.0002	0.000	1.660
40	-0.0002	0.000	1.673
41	-0.0018	0.000	1.751
42	-0.0012	0.000	1.771
43	0.0008	0.000	1.839
44	-0.0018	0.000	1.851
45	-0.0020	0.000	1.932
46	-0.0002	0.000	1.951
47	-0.0020	0.000	2.032
48	0.0004	0.000	2.051
49	0.0014	0.000	2.131
50	0.0014	0.000	2.151
51	-0.0026	0.000	2.236
52	0.0004	0.000	2.252
53	0.0008	0.000	2.331
54	0.0000	0.000	2.352
55	-0.0012	0.000	2.432
56	0.0002	0.000	2.452
57	-0.0010	0.000	2.531
58	-0.0008	0.000	2.551
59	-0.0012	0.000	2.632
60	-0.0004	0.000	2.652
61	-0.0010	-0.020	2.889
62	-0.0010	-0.020	2.912
63	0.0002	-0.020	2.991
64	0.0002	-0.020	3.011
65	-0.0008	-0.060	3.073
66	-0.0008	-0.060	3.091
67	-0.0014	-0.100	3.171
68	-0.0010	-0.100	3.191
69	-0.0006	-0.120	3.271
70	-0.0006	-0.120	3.291
71	0.0018	-0.160	3.372
72	0.0040	-0.160	3.391
73	0.0066	-0.200	3.471
74	0.0066	-0.200	3.491
75	0.0114	-0.220	3.572
76	0.0114	-0.220	3.592
77	0.0114	-0.260	3.671
78	0.0248	-0.260	3.691
79	0.0098	-0.260	3.791
80	0.0090	-0.260	3.811
81	0.0082	-0.260	3.891
82	0.0082	-0.260	3.911
83	-0.0082	-0.260	3.991
84	-0.0054	-0.260	4.012
85	0.0142	-0.260	4.091
86	0.0142	-0.260	4.111
87	0.0152	-0.260	4.172
88	0.0152	-0.260	4.192
89	0.0316	-0.260	4.271
90	0.0316	-0.260	4.292
91	0.0078	-0.260	4.372
92	0.0078	-0.260	4.391
93	0.0072	-0.260	4.471
94	-0.0108	-0.260	4.491
95	-0.0096	-0.260	4.571
96	-0.0028	-0.260	4.592
97	0.0152	-0.260	4.671
98	0.0152	-0.260	4.692
99	0.0312	-0.260	4.771
100	0.0340	-0.260	4.791
101	0.0278	-0.260	4.871
102	0.0278	-0.260	4.891
103	0.0072	-0.260	4.971
104	0.0066	-0.260	4.991
105	-0.0126	-0.260	5.072
106	-0.0126	-0.260	5.091
107	-0.0074	-0.260	5.171
108	0.0016	-0.260	5.191
109	0.0156	-0.260	5.272
110	0.0310	-0.260	5.292
111	0.0346	-0.260	5.371
112	0.0346	-0.260	5.391
113	0.0200	-0.260	5.453
114	0.0200	-0.260	5.472
115	-0.0064	-0.260	5.571
116	-0.0064	-0.260	5.592
117	-0.0088	-0.260	5.671
118	-0.0054	-0.260	5.691
119	0.0140	-0.260	5.771
120	0.0140	-0.260	5.791
121	0.0146	-0.260	5.871
122	0.0300	-0.260	5.891
123	0.0282	-0.260	5.972
124	0.0282	-0.260	5.991
125	0.0084	-0.260	6.071
126	0.0076	-0.260	6.091
127	-0.0064	-0.260	6.171
128	-0.0072	-0.260	6.191
129	0.0008	-0.260	6.271
130	0.0008	-0.260	6.292
131	0.0142	-0.260	6.371
132	0.0140	-0.260	6.392
133	0.0262	-0.260	6.472
134	0.0262	-0.260	6.491
135	0.0098	-0.260	6.552
136	0.0098	-0.260	6.571
137	0.0086	-0.260	6.652
138	0.0088	-0.260	6.672
139	-0.0012	-0.260	6.751
140	-0.0012	-0.260	6.772
141	0.0128	-0.260	6.851
142	0.0128	-0.260	6.871
143	0.0130	-0.260	6.952
144	0.0124	-0.260	6.971
145	0.0108	-0.260	7.051
146	0.0108	-0.260	7.071
147	0.0096	-0.260	7.151
148	0.0094	-0.260	7.171
149	0.0100	-0.260	7.233
150	0.0100	-0.260	7.252
151	0.0114	-0.260	7.332
152	0.0114	-0.260	7.352
153	0.0126	-0.260	7.431
154	0.0126	-0.260	7.451
155	0.0116	-0.260	7.532
156	0.0116	-0.260	7.551
157	0.0102	-0.260	7.631
158	0.0098	-0.260	7.652
159	0.0098	-0.260	7.732
160	0.0098	-0.260	7.751
161	0.0114	-0.260	7.831
162	0.0114	-0.260	7.851
163	0.0122	-0.260	7.931
164	0.0124	-0.260	7.952
165	0.0116	-0.260	8.031
166	0.0116	-0.260	8.051
167	0.0104	-0.260	8.131
168	0.0100	-0.260	8.151
169	0.0098	-0.260	8.232
170	0.0098	-0.260	8.251
171	0.0106	-0.260	8.331
172	0.0112	-0.260	8.351
173	0.0124	-0.260	8.431
174	0.0124	-0.260	8.451
175	0.0124	-0.260	8.532
176	0.0120	-0.260	8.551
177	0.0104	-0.260	8.632
178	0.0098	-0.260	8.652
179	0.0092	-0.260	8.731
180	0.0090	-0.260	8.751
181	0.0096	-0.240	8.831
182	-0.0040	-0.240	8.851
183	0.0094	-0.220	8.931
184	0.0094	-0.200	8.951
185	0.0058	-0.160	9.031
186	0.0050	-0.160	9.051
187	0.0024	-0.140	9.131
188	0.0024	-0.120	9.152
189	-0.0014	-0.100	9.231
190	-0.0010	-0.100	9.252
191	-0.0020	-0.060	9.332
192	-0.0020	-0.060	9.351
193	-0.0022	-0.040	9.431
194	-0.0008	-0.020	9.451
195	0.0154	0.000	9.531
196	0.0004	0.000	9.551
197	-0.0012	0.000	9.632
198	-0.0012	0.000	9.652
199	-0.0020	0.000	9.731
200	-0.0020	0.000	9.751
201	-0.0014	0.000	9.832
202	-0.0014	0.000	9.851
203	0.0000	0.000	9.931
204	0.0004	0.000	9.952
205	0.0006	0.000	10.031
206	0.0006	0.000	10.051
207	-0.0002	0.000	10.131
208	-0.0006	0.000	10.152
209	-0.0018	0.000	10.231
210	-0.0018	0.000	10.252
211	-0.0016	0.000	10.331
212	-0.0016	0.000	10.352
213	-0.0006	0.000	10.431
214	-0.0002	0.000	10.451
215	0.0002	0.000	10.531
216	0.0002	0.000	10.552
217	0.0000	0.000	10.631
218	0.0000	0.000	10.652
219	-0.0004	0.000	10.732
220	-0.0004	0.000	10.751
221	-0.0016	0.000	10.832
222	-0.0022	0.000	10.851
223	-0.0022	0.000	10.932
224	-0.0022	0.000	10.951
225	-0.0008	0.000	11.031
226	0.0002	0.000	11.051
227	0.0014	0.000	11.131
228	0.0014	0.000	11.151
229	-0.0002	0.000	11.231
230	-0.0002	0.000	11.251
231	-0.0022	0.000	11.331
232	-0.0026	0.000	11.352
233	-0.0020	0.000	11.431
234	-0.0020	0.000	11.452
235	-0.0004	0.000	11.531
236	0.0000	0.000	11.552
237	0.0002	0.000	11.631
238	0.0002	0.000	11.652
239	0.0002	0.000	11.732
240	0.0000	0.000	11.751
241	-0.0002	0.000	11.832
242	-0.0002	0.000	11.851
243	-0.0018	0.000	11.932
244	-0.0018	0.000	11.952
245	-0.0024	0.000	12.031
246	-0.0020	0.000	12.052
247	-0.0002	0.000	12.132
248	-0.0002	0.000	12.152
249	0.0014	0.000	12.232
250	0.0014	0.000	12.251
251	0.0002	0.000	12.331
252	0.0002	0.000	12.351
253	-0.0016	0.000	12.431
254	-0.0022	0.000	12.451
255	-0.0018	0.000	12.532
256	-0.0018	0.000	12.551
257	-0.0006	0.000	12.632
258	-0.0004	0.000	12.691
259	-0.0004	0.000	12.711
260	0.0000	0.000	12.791
261	0.0002	0.000	12.811
262	0.0004	0.000	12.891
263	0.0004	0.000	12.912
264	-0.0012	0.000	12.991
265	-0.0012	0.000	13.011
266	-0.0024	0.000	13.111
267	-0.0024	0.000	13.132
268	-0.0004	0.000	13.211
269	-0.0004	0.000	13.231
270	0.0010	0.000	13.331
271	0.0010	0.000	13.351
272	-0.0006	0.000	13.452
273	-0.0006	0.000	13.471
274	-0.0014	0.000	13.572
275	-0.0012	0.000	13.591
276	-0.0010	0.000	13.671
277	-0.0010	0.000	13.691
278	-0.0010	0.000	13.791
279	-0.0010	0.000	13.811
280	-0.0002	0.000	13.891
281	-0.0002	0.000	13.911
282	0.0006	0.000	13.991
283	0.0006	0.000	14.011
284	0.0002	0.000	14.071
285	-0.0020	0.000	14.151
286	-0.0020	0.000	14.172
287	-0.0018	0.000	14.251
288	-0.0018	0.000	14.272
289	0.0000	0.000	14.352
290	0.0000	0.000	14.371
291	0.0004	0.000	14.452
292	0.0002	0.000	14.471
293	-0.0008	0.000	14.551
294	-0.0008	0.000	14.571
295	-0.0012	0.000	14.652
296	-0.0012	0.000	14.671
297	0.0004	-0.020	14.751
298	0.0004	-0.020	14.772
299	-0.0006	-0.060	14.852
300	-0.0010	-0.060	14.871
301	0.0002	-0.100	14.952
302	0.0002	-0.100	14.972
303	0.0004	-0.120	15.052
304	0.0010	-0.120	15.071
305	0.0034	-0.160	15.151
306	0.0034	-0.160	15.171
307	0.0054	-0.200	15.251
308	0.0054	-0.200	15.271
309	0.0070	-0.220	15.351
310	0.0070	-0.220	15.371
311	0.0098	-0.240	15.451
312	0.0098	-0.240	15.472
313	0.0118	-0.260	15.551
314	0.0116	-0.260	15.572
315	0.0106	-0.260	15.652
316	0.0106	-0.260	15.672
317	0.0104	-0.260	15.752
318	0.0104	-0.260	15.772
319	0.0108	-0.260	15.851
320	0.0108	-0.260	15.872
321	0.0112	-0.260	15.952
322	0.0114	-0.260	15.971
323	0.0114	-0.260	16.051
324	0.0114	-0.260	16.072
325	0.0108	-0.260	16.152
326	0.0108	-0.260	16.171
327	0.0104	-0.260	16.251
328	0.0102	-0.260	16.271
329	0.0104	-0.260	16.351
330	0.0104	-0.260	16.371
331	0.0110	-0.260	16.451
332	0.0112	-0.260	16.472
333	0.0118	-0.260	16.551
334	0.0118	-0.260	16.572
335	0.0118	-0.260	16.652
336	0.0116	-0.260	16.671
337	0.0104	-0.260	16.751
338	0.0104	-0.260	16.772
339	0.0092	-0.260	16.851
340	0.0092	-0.260	16.871
341	0.0100	-0.260	16.951
342	0.0100	-0.260	16.971
343	0.0122	-0.260	17.052
344	0.0122	-0.260	17.072
345	0.0126	-0.260	17.151
346	0.0124	-0.260	17.171
347	0.0112	-0.260	17.251
348	0.0112	-0.260	17.271
349	0.0096	-0.260	17.351
350	0.0090	-0.260	17.371
351	0.0088	-0.260	17.452
352	0.0088	-0.260	17.471
353	-0.0002	-0.260	17.551
354	-0.0002	-0.260	17.572
355	0.0130	-0.260	17.651
356	0.0130	-0.260	17.671
357	0.0254	-0.260	17.751
358	0.0254	-0.260	17.771
359	0.0242	-0.260	17.851
360	0.0092	-0.260	17.871
361	0.0074	-0.260	17.952
362	0.0074	-0.260	17.971
363	-0.0070	-0.260	18.051
364	-0.0084	-0.260	18.072
365	0.0002	-0.260	18.151
366	0.0002	-0.260	18.171
367	0.0142	-0.260	18.251
368	0.0142	-0.260	18.271
369	0.0308	-0.260	18.351
370	0.0308	-0.260	18.371
371	0.0226	-0.260	18.452
372	0.0080	-0.260	18.471
373	0.0070	-0.260	18.552
374	0.0070	-0.260	18.571
375	-0.0104	-0.260	18.652
376	-0.0104	-0.260	18.671
377	0.0136	-0.260	18.751
378	0.0148	-0.260	18.771
379	0.0326	-0.260	18.872
380	0.0356	-0.260	18.891
381	0.0274	-0.260	18.991
382	0.0074	-0.260	19.012
383	0.0060	-0.260	19.092
384	0.0060	-0.260	19.112
385	-0.0152	-0.260	19.191
386	-0.0134	-0.260	19.211
387	0.0016	-0.260	19.291
388	0.0016	-0.260	19.312
389	0.0318	-0.260	19.391
390	0.0318	-0.260	19.412
391	0.0360	-0.260	19.492
392	0.0304	-0.260	19.511
393	0.0066	-0.260	19.591
394	0.0066	-0.260	19.612
395	-0.0100	-0.260	19.692
396	-0.0150	-0.260	19.711
397	-0.0116	-0.260	19.791
398	-0.0116	-0.260	19.811
399	0.0150	-0.260	19.891
400	0.0158	-0.260	19.911
401	0.0380	-0.260	19.991
402	0.0380	-0.260	20.011
403	0.0252	-0.260	20.112
404	0.0252	-0.260	20.131
405	-0.0098	-0.260	20.212
406	-0.0098	-0.260	20.232
407	-0.0170	-0.260	20.311
408	-0.0170	-0.260	20.332
409	0.0146	-0.260	20.411
410	0.0146	-0.260	20.431
411	0.0290	-0.260	20.512
412	0.0350	-0.260	20.531
413	0.0346	-0.260	20.611
414	0.0346	-0.260	20.631
415	0.0072	-0.240	20.711
416	0.0040	-0.240	20.732
417	-0.0272	-0.220	20.811
418	-0.0272	-0.220	20.831
419	0.0088	-0.160	20.932
420	0.0088	-0.160	20.951
421	0.0202	-0.140	21.031
422	0.0202	-0.140	21.052
423	0.0224	-0.120	21.131
424	0.0224	-0.100	21.151
425	-0.0042	-0.060	21.231
426	-0.0042	-0.060	21.252
427	-0.0042	-0.040	21.331
428	-0.0182	-0.020	21.352
429	0.0012	0.000	21.431
430	0.0012	0.000	21.451
431	-0.0002	0.000	21.532
432	-0.0004	0.000	21.552
433	-0.0002	0.000	21.631
434	-0.0002	0.000	21.652
435	-0.0012	0.000	21.732
436	-0.0012	0.000	21.752
437	-0.0020	0.000	21.831
438	-0.0020	0.000	21.852
439	-0.0012	0.000	21.932
440	-0.0012	0.000	21.951
441	0.0004	0.000	22.032
442	0.0008	0.000	22.051
443	0.0006	0.000	22.131
444	0.0006	0.000	22.152
445	-0.0006	0.000	22.232
446	-0.0012	0.000	22.252
447	-0.0020	0.000	22.351
448	-0.0020	0.000	22.372
449	-0.0010	0.000	22.451
450	-0.0010	0.000	22.471
451	-0.0002	0.000	22.551
452	0.0000	0.000	22.571
453	0.0000	0.000	22.651
454	0.0000	0.000	22.671
455	-0.0004	0.000	22.751
456	-0.0004	0.000	22.771
457	-0.0010	0.000	22.852
458	-0.0010	0.000	22.872
459	-0.0014	0.000	22.952
460	-0.0014	0.000	22.971
461	-0.0008	0.000	23.071
462	-0.0008	0.000	23.092
463	-0.0002	0.000	23.171
464	0.0002	0.000	23.191
465	0.0002	0.000	23.271
466	0.0002	0.000	23.291
467	-0.0008	0.000	23.372
468	-0.0012	0.000	23.391
469	-0.0016	0.000	23.472
470	-0.0016	0.000	23.491
471	-0.0004	0.000	23.571
472	-0.0004	0.000	23.592
473	-0.0004	0.000	23.691
474	-0.0004	0.000	23.711
475	-0.0010	0.000	23.791
476	-0.0008	0.000	23.812
477	-0.0006	0.000	23.911
478	-0.0004	0.000	23.932
479	-0.0004	0.000	24.011
480	-0.0004	0.000	24.032
481	-0.0012	0.000	24.112
482	-0.0012	0.000	24.132
483	-0.0008	0.000	24.211
484	-0.0008	0.000	24.231
485	0.0000	0.000	24.312
486	0.0000	0.000	24.331
487	-0.0004	0.000	24.411
488	-0.0004	0.000	24.432
489	-0.0014	0.000	24.511
490	-0.0014	0.000	24.531
491	-0.0010	0.000	24.611
492	-0.0004	0.000	24.632
493	0.0002	0.000	24.712
494	0.0002	0.000	24.731
495	-0.0004	0.000	24.812
496	-0.0008	0.000	24.831
497	-0.0018	0.000	24.912
498	-0.0018	0.000	24.931
499	-0.0004	0.000	25.012
500	-0.0004	0.000	25.031
501	0.0000	0.000	25.132
502	-0.0002	0.000	25.151
503	-0.0006	0.000	25.231
504	-0.0006	0.000	25.252
505	-0.0006	0.000	25.331
506	-0.0006	0.000	25.352
507	-0.0004	0.000	25.432
508	-0.0006	0.000	25.451
509	-0.0014	0.000	25.531
510	-0.0014	0.000	25.551
511	-0.0014	0.000	25.631
512	-0.0010	0.000	25.651
513	0.0000	0.000	25.731
514	0.0000	0.000	25.752
515	0.0002	0.000	25.832
516	0.0002	0.000	25.852
517	-0.0010	0.000	25.931
518	-0.0010	0.000	25.952
519	-0.0016	0.000	26.032
520	-0.0016	0.000	26.052
521	-0.0010	0.000	26.131
522	-0.0010	0.000	26.156
523	-0.0002	0.000	26.251
524	-0.0002	0.000	26.271
525	-0.0002	0.000	26.351
526	-0.0002	0.000	26.371
527	0.0000	0.000	26.451
528	-0.0002	0.000	26.471
529	-0.0010	0.000	26.551
530	-0.0010	0.000	26.571
531	-0.0018	-0.020	26.651
532	-0.0012	-0.020	26.671
533	-0.0012	-0.040	26.751
534	-0.0012	-0.060	26.772
535	0.0014	-0.100	26.851
536	0.0014	-0.100	26.871
537	0.0012	-0.120	26.951
538	0.0012	-0.120	26.971
539	0.0036	-0.140	27.051
540	0.0036	-0.160	27.072
541	0.0044	-0.200	27.151
542	0.0050	-0.200	27.171
543	0.0062	-0.220	27.271
544	0.0068	-0.220	27.291
545	-0.0040	-0.240	27.371
546	-0.0040	-0.240	27.391
547	0.0138	-0.260	27.471
548	0.0138	-0.260	27.491
549	0.0256	-0.260	27.571
550	0.0256	-0.260	27.591
551	0.0228	-0.260	27.671
552	0.0228	-0.260	27.692
553	0.0084	-0.260	27.771
554	0.0084	-0.260	27.791
555	-0.0060	-0.260	27.871
556	-0.0060	-0.260	27.892
557	-0.0054	-0.260	27.971
558	0.0010	-0.260	27.991
559	0.0142	-0.260	28.071
560	0.0142	-0.260	28.092
561	0.0286	-0.260	28.172
562	0.0292	-0.260	28.191
563	0.0224	-0.260	28.271
564	0.0224	-0.260	28.292
565	0.0072	-0.260	28.412
566	-0.0064	-0.260	28.431
567	-0.0090	-0.260	28.511
568	-0.0090	-0.260	28.531
569	0.0144	-0.260	28.611
570	0.0144	-0.260	28.631
571	0.0296	-0.260	28.711
572	0.0328	-0.260	28.731
573	0.0290	-0.260	28.811
574	0.0290	-0.260	28.831
575	0.0070	-0.260	28.911
576	0.0064	-0.260	28.931
577	-0.0132	-0.260	29.011
578	-0.0132	-0.260	29.032
579	-0.0004	-0.260	29.111
580	-0.0004	-0.260	29.131
581	0.0154	-0.260	29.211
582	0.0154	-0.260	29.231
583	0.0354	-0.260	29.332
584	0.0354	-0.260	29.351
585	0.0070	-0.260	29.431
586	0.0070	-0.260	29.452
587	-0.0064	-0.260	29.531
588	-0.0064	-0.260	29.551
589	-0.0122	-0.260	29.632
590	-0.0122	-0.260	29.652
591	0.0142	-0.260	29.731
592	0.0154	-0.260	29.751
593	0.0346	-0.260	29.851
594	0.0376	-0.260	29.871
595	0.0290	-0.260	29.952
596	0.0290	-0.260	29.971
597	0.0058	-0.260	30.051
598	0.0058	-0.260	30.072
599	-0.0166	-0.260	30.151
600	-0.0166	-0.260	30.171
601	0.0014	-0.260	30.251
602	0.0014	-0.260	30.271
603	0.0156	-0.260	30.351
604	0.0330	-0.260	30.371
605	0.0358	-0.260	30.451
606	0.0358	-0.260	30.471
607	0.0212	-0.260	30.551
608	0.0066	-0.260	30.571
609	-0.0090	-0.260	30.651
610	-0.0090	-0.260	30.671
611	-0.0144	-0.260	30.751
612	-0.0104	-0.260	30.772
613	0.0146	-0.260	30.851
614	0.0146	-0.260	30.871
615	0.0344	-0.260	30.952
616	0.0344	-0.260	30.971
617	0.0322	-0.260	31.051
618	0.0322	-0.260	31.071
619	0.0062	-0.260	31.151
620	0.0062	-0.260	31.172
621	-0.0126	-0.260	31.251
622	-0.0130	-0.260	31.271
623	-0.0018	-0.260	31.372
624	0.0140	-0.260	31.391
625	0.0146	-0.260	31.491
626	0.0304	-0.260	31.511
627	0.0290	-0.260	31.591
628	0.0290	-0.260	31.611
629	0.0074	-0.260	31.691
630	0.0074	-0.260	31.711
631	-0.0058	-0.260	31.792
632	-0.0058	-0.260	31.812
633	-0.0018	-0.260	31.911
634	-0.0018	-0.260	31.931
635	0.0140	-0.260	32.011
636	0.0140	-0.260	32.032
637	0.0276	-0.260	32.112
638	0.0276	-0.260	32.131
639	0.0090	-0.260	32.212
640	0.0090	-0.260	32.231
641	0.0082	-0.260	32.312
642	0.0082	-0.260	32.332
643	-0.0040	-0.260	32.412
644	-0.0040	-0.260	32.431
645	0.0128	-0.260	32.512
646	0.0128	-0.260	32.531
647	0.0128	-0.240	32.612
648	0.0128	-0.240	32.631
649	0.0070	-0.220	32.711
650	0.0070	-0.220	32.731
651	0.0054	-0.160	32.811
652	0.0054	-0.160	32.831
653	0.0028	-0.140	32.912
654	0.0028	-0.140	32.931
655	0.0024	-0.120	32.991
656	0.0024	-0.120	33.012
657	-0.0004	-0.100	33.091
658	0.0000	-0.100	33.111
659	-0.0018	-0.040	33.211
660	-0.0032	-0.040	33.231
661	-0.0014	-0.020	33.331
662	-0.0006	0.000	33.352
663	-0.0004	0.000	33.452
664	-0.0002	0.000	33.471
665	-0.0004	0.000	33.551
666	-0.0004	0.000	33.571
667	-0.0010	0.000	33.651
668	-0.0010	0.000	33.671
669	-0.0008	0.000	33.771
670	-0.0008	0.000	33.791
671	-0.0002	0.000	33.871
672	-0.0002	0.000	33.892
673	-0.0006	0.000	33.971
674	-0.0006	0.000	33.992
675	-0.0008	0.000	34.071
676	-0.0008	0.000	34.091
677	-0.0004	0.000	34.171
678	-0.0004	0.000	34.191
679	-0.0008	0.000	34.271
680	-0.0008	0.000	34.292
681	-0.0010	0.000	34.391
682	-0.0010	0.000	34.411
683	-0.0004	0.000	34.493
684	-0.0002	0.000	34.511
685	0.0002	0.000	34.611
686	0.0000	0.000	34.631
687	-0.0010	0.000	34.711
688	-0.0010	0.000	34.731
689	-0.0014	0.000	34.811
690	-0.0014	0.000	34.832
691	-0.0010	0.000	34.931
692	-0.0004	0.000	34.951
693	-0.0002	0.000	35.031
694	-0.0002	0.000	35.052
695	-0.0006	0.000	35.132
696	-0.0006	0.000	35.151
697	-0.0004	0.000	35.232
698	-0.0004	0.000	35.251
699	-0.0006	0.000	35.351
700	-0.0006	0.000	35.372
701	-0.0018	0.000	35.451
702	-0.0018	0.000	35.472
703	-0.0006	0.000	35.571
704	-0.0006	0.000	35.591
705	0.0008	0.000	35.691
706	0.0008	0.000	35.711
707	-0.0008	0.000	35.791
708	-0.0008	0.000	35.811
709	-0.0020	0.000	35.891
710	-0.0020	0.000	35.911
711	-0.0012	0.000	35.992
712	-0.0006	0.000	36.051
713	-0.0006	0.000	36.071
714	0.0000	0.000	36.152
715	0.0000	0.000	36.171
716	-0.0004	0.000	36.252
717	-0.0004	0.000	36.272
718	0.0000	0.000	36.371
719	0.0000	0.000	36.391
720	-0.0014	0.000	36.472
721	-0.0022	0.000	36.531
722	-0.0022	0.000	36.551
723	-0.0018	0.000	36.631
724	-0.0018	0.000	36.651
725	0.0012	0.000	36.731
726	0.0012	0.000	36.751
727	0.0014	0.000	36.831
728	0.0014	0.000	36.851
729	-0.0014	0.000	36.931
730	-0.0014	0.000	36.951
731	-0.0024	0.000	37.011
732	-0.0024	0.000	37.032
733	-0.0018	0.000	37.111
734	-0.0010	0.000	37.132
735	-0.0002	0.000	37.211
736	-0.0002	0.000	37.231
737	0.0002	0.000	37.311
738	0.0002	0.000	37.332
739	0.0000	0.000	37.411
740	0.0000	0.000	37.431
741	-0.0004	0.000	37.513
742	-0.0004	0.000	37.532
743	-0.0016	0.000	37.631
744	-0.0022	0.000	37.652
745	-0.0022	0.000	37.731
746	-0.0022	0.000	37.751
747	0.0006	0.000	37.832
748	0.0006	0.000	37.851
749	0.0016	0.000	37.931
750	0.0014	0.000	37.951
751	-0.0006	0.000	38.031
752	-0.0006	0.000	38.052
753	-0.0026	0.000	38.152
754	-0.0026	0.000	38.171
