17/07/2025  3:24 PM
Units: N
Readings: Continuous
X-Axis: Travel
Travel Unit: mm
Reading	Load	Travel	Time
1	-0.0012	0.000	0.000
2	-0.0012	0.000	0.102
3	-0.0004	0.000	0.118
4	-0.0010	0.000	0.179
5	-0.0006	0.000	0.199
6	-0.0010	0.000	0.243
7	-0.0004	0.000	0.258
8	-0.0014	0.000	0.306
9	-0.0002	0.000	0.318
10	-0.0008	0.000	0.384
11	-0.0004	0.000	0.399
12	-0.0014	0.000	0.458
13	-0.0016	0.000	0.478
14	-0.0014	0.000	0.538
15	-0.0012	0.000	0.559
16	-0.0016	0.000	0.619
17	-0.0010	0.000	0.639
18	-0.0004	0.000	0.704
19	-0.0016	0.000	0.719
20	-0.0002	0.000	0.788
21	-0.0014	0.000	0.800
22	-0.0004	0.000	0.879
23	-0.0002	0.000	0.899
24	-0.0008	0.000	0.978
25	-0.0008	0.000	0.999
26	-0.0008	0.000	1.067
27	-0.0006	0.000	1.080
28	-0.0006	0.000	1.163
29	-0.0012	0.000	1.178
30	-0.0014	0.000	1.258
31	-0.0002	0.000	1.279
32	-0.0002	0.000	1.347
33	-0.0018	0.000	1.360
34	-0.0012	0.000	1.438
35	0.0002	0.000	1.459
36	0.0006	0.000	1.538
37	-0.0006	0.000	1.558
38	-0.0008	0.000	1.638
39	-0.0010	0.000	1.658
40	-0.0004	0.000	1.741
41	-0.0006	0.000	1.758
42	-0.0020	0.000	1.838
43	-0.0020	0.000	1.859
44	-0.0016	0.000	1.939
45	-0.0018	0.000	1.958
46	-0.0012	0.000	2.038
47	-0.0016	0.000	2.058
48	-0.0010	-0.020	2.276
49	-0.0010	-0.020	2.298
50	-0.0018	-0.020	2.379
51	-0.0018	-0.020	2.398
52	-0.0024	-0.060	2.478
53	-0.0026	-0.060	2.498
54	-0.0128	-0.100	2.578
55	-0.0128	-0.100	2.598
56	0.0028	-0.120	2.679
57	0.0028	-0.140	2.699
58	0.0052	-0.160	2.778
59	0.0052	-0.160	2.798
60	0.0058	-0.200	2.878
61	0.0066	-0.200	2.899
62	0.0076	-0.240	2.978
63	0.0076	-0.240	2.999
64	0.0100	-0.260	3.079
65	0.0100	-0.260	3.098
66	0.0130	-0.300	3.178
67	0.0138	-0.300	3.199
68	0.0172	-0.340	3.278
69	0.0172	-0.340	3.298
70	0.0214	-0.380	3.379
71	0.0218	-0.380	3.398
72	0.0362	-0.400	3.479
73	0.0362	-0.400	3.498
74	0.0400	-0.420	3.578
75	0.0248	-0.440	3.598
76	0.0276	-0.480	3.678
77	0.0276	-0.480	3.698
78	0.0196	-0.500	3.778
79	0.0196	-0.500	3.798
80	0.0392	-0.540	3.878
81	0.0420	-0.540	3.898
82	0.0448	-0.580	3.978
83	0.0448	-0.580	3.998
84	0.0588	-0.580	4.078
85	0.0596	-0.580	4.098
86	0.0416	-0.580	4.178
87	0.0416	-0.580	4.199
88	0.0400	-0.580	4.279
89	0.0396	-0.580	4.298
90	0.0254	-0.580	4.378
91	0.0254	-0.580	4.398
92	0.0258	-0.580	4.458
93	0.0258	-0.580	4.478
94	0.0452	-0.580	4.558
95	0.0460	-0.580	4.578
96	0.0588	-0.580	4.658
97	0.0588	-0.580	4.678
98	0.0572	-0.580	4.758
99	0.0572	-0.580	4.779
100	0.0398	-0.580	4.858
101	0.0396	-0.580	4.879
102	0.0266	-0.580	4.958
103	0.0266	-0.580	4.978
104	0.0274	-0.580	5.058
105	0.0436	-0.580	5.078
106	0.0452	-0.580	5.158
107	0.0452	-0.580	5.178
108	0.0448	-0.580	5.238
109	0.0448	-0.580	5.258
110	0.0546	-0.580	5.339
111	0.0546	-0.580	5.359
112	0.0402	-0.580	5.419
113	0.0402	-0.580	5.438
114	0.0396	-0.580	5.498
115	0.0396	-0.580	5.518
116	0.0272	-0.580	5.598
117	0.0290	-0.580	5.618
118	0.0446	-0.580	5.681
119	0.0446	-0.580	5.698
120	0.0448	-0.580	5.778
121	0.0448	-0.580	5.798
122	0.0554	-0.580	5.879
123	0.0536	-0.580	5.898
124	0.0404	-0.580	5.978
125	0.0404	-0.580	5.999
126	0.0400	-0.580	6.078
127	0.0404	-0.580	6.098
128	0.0304	-0.580	6.179
129	0.0304	-0.580	6.198
130	0.0446	-0.580	6.278
131	0.0446	-0.580	6.298
132	0.0444	-0.580	6.378
133	0.0558	-0.580	6.399
134	0.0550	-0.580	6.459
135	0.0414	-0.580	6.478
136	0.0398	-0.580	6.558
137	0.0398	-0.580	6.578
138	0.0400	-0.580	6.658
139	0.0290	-0.580	6.678
140	0.0430	-0.580	6.758
141	0.0430	-0.580	6.779
142	0.0444	-0.580	6.858
143	0.0446	-0.580	6.878
144	0.0436	-0.580	6.959
145	0.0436	-0.580	6.979
146	0.0410	-0.580	7.058
147	0.0410	-0.580	7.078
148	0.0398	-0.580	7.158
149	0.0398	-0.580	7.179
150	0.0294	-0.580	7.258
151	0.0294	-0.580	7.278
152	0.0430	-0.580	7.359
153	0.0438	-0.580	7.378
154	0.0444	-0.580	7.458
155	0.0444	-0.580	7.478
156	0.0552	-0.580	7.559
157	0.0422	-0.580	7.579
158	0.0406	-0.580	7.659
159	0.0406	-0.580	7.678
160	0.0400	-0.580	7.758
161	0.0402	-0.580	7.778
162	0.0416	-0.580	7.858
163	0.0416	-0.580	7.879
164	0.0438	-0.580	7.958
165	0.0438	-0.580	7.978
166	0.0436	-0.580	8.059
167	0.0432	-0.580	8.078
168	0.0420	-0.580	8.158
169	0.0420	-0.580	8.178
170	0.0408	-0.580	8.258
171	0.0404	-0.580	8.278
172	0.0408	-0.580	8.358
173	0.0408	-0.580	8.378
174	0.0418	-0.580	8.458
175	0.0422	-0.580	8.478
176	0.0432	-0.580	8.559
177	0.0432	-0.580	8.578
178	0.0432	-0.580	8.639
179	0.0432	-0.580	8.659
180	0.0422	-0.580	8.738
181	0.0418	-0.580	8.758
182	0.0410	-0.580	8.838
183	0.0410	-0.580	8.858
184	0.0412	-0.580	8.918
185	0.0418	-0.580	8.978
186	0.0418	-0.580	8.998
187	0.0424	-0.580	9.079
188	0.0424	-0.580	9.098
189	0.0402	-0.540	9.178
190	0.0402	-0.540	9.198
191	0.0358	-0.500	9.278
192	0.0346	-0.500	9.299
193	0.0306	-0.480	9.379
194	0.0306	-0.480	9.398
195	0.0268	-0.440	9.479
196	0.0268	-0.440	9.498
197	0.0246	-0.400	9.579
198	0.0246	-0.400	9.598
199	0.0198	-0.380	9.679
200	0.0198	-0.380	9.699
201	0.0176	-0.340	9.798
202	0.0158	-0.320	9.818
203	0.0126	-0.300	9.898
204	0.0130	-0.300	9.919
205	0.0116	-0.260	9.998
206	0.0116	-0.260	10.019
207	0.0078	-0.220	10.118
208	0.0078	-0.220	10.139
209	0.0034	-0.200	10.219
210	0.0034	-0.200	10.238
211	0.0038	-0.160	10.318
212	0.0038	-0.140	10.339
213	0.0006	-0.120	10.418
214	0.0006	-0.120	10.438
215	-0.0010	-0.100	10.519
216	-0.0010	-0.060	10.538
217	-0.0050	-0.040	10.618
218	-0.0050	-0.040	10.639
219	-0.0028	-0.020	10.719
220	-0.0012	-0.020	10.738
221	0.0006	0.000	10.838
222	0.0006	0.000	10.858
223	-0.0008	0.000	10.939
224	-0.0008	0.000	10.959
225	-0.0016	0.000	11.039
226	-0.0016	0.000	11.058
227	-0.0008	0.000	11.138
228	-0.0008	0.000	11.158
229	-0.0012	0.000	11.258
230	-0.0012	0.000	11.278
231	-0.0014	0.000	11.358
232	-0.0014	0.000	11.378
233	-0.0004	0.000	11.459
234	0.0000	0.000	11.478
235	0.0000	0.000	11.558
236	0.0000	0.000	11.578
237	-0.0010	0.000	11.658
238	-0.0016	0.000	11.679
239	-0.0020	0.000	11.759
240	-0.0020	0.000	11.778
241	-0.0014	0.000	11.859
242	-0.0006	0.000	11.878
243	-0.0002	0.000	11.959
244	-0.0002	0.000	11.978
245	-0.0006	0.000	12.059
246	-0.0010	0.000	12.079
247	-0.0006	0.000	12.159
248	-0.0006	0.000	12.178
249	-0.0008	0.000	12.258
250	-0.0008	0.000	12.278
251	-0.0020	0.000	12.358
252	-0.0024	0.000	12.378
253	-0.0014	0.000	12.458
254	-0.0014	0.000	12.479
255	0.0002	0.000	12.558
256	0.0006	0.000	12.579
257	0.0004	0.000	12.658
258	0.0004	0.000	12.679
259	-0.0012	0.000	12.758
260	-0.0018	0.000	12.779
261	-0.0020	0.000	12.858
262	-0.0020	0.000	12.879
263	-0.0014	0.000	12.958
264	-0.0008	0.000	12.978
265	-0.0006	0.000	13.058
266	-0.0004	0.000	13.078
267	-0.0004	0.000	13.158
268	-0.0004	0.000	13.178
269	0.0002	0.000	13.258
270	0.0000	0.000	13.278
271	-0.0014	0.000	13.358
272	-0.0014	0.000	13.378
273	-0.0024	0.000	13.458
274	-0.0022	0.000	13.479
275	-0.0012	0.000	13.558
276	-0.0012	0.000	13.578
277	0.0000	0.000	13.659
278	0.0004	0.000	13.679
279	0.0004	0.000	13.758
280	0.0004	0.000	13.778
281	-0.0010	0.000	13.858
282	-0.0010	0.000	13.879
283	-0.0020	0.000	13.958
284	-0.0022	0.000	13.979
285	-0.0016	0.000	14.058
286	-0.0016	0.000	14.078
287	-0.0006	0.000	14.199
288	-0.0002	0.000	14.219
289	0.0002	0.000	14.298
290	0.0002	0.000	14.318
291	0.0002	0.000	14.398
292	-0.0002	0.000	14.419
293	-0.0016	0.000	14.498
294	-0.0016	0.000	14.518
295	-0.0024	0.000	14.598
296	-0.0024	0.000	14.618
297	-0.0010	0.000	14.699
298	-0.0004	0.000	14.718
299	0.0006	0.000	14.798
300	0.0006	0.000	14.818
301	0.0004	0.000	14.898
302	-0.0002	0.000	14.919
303	-0.0014	0.000	14.999
304	-0.0014	0.000	15.018
305	-0.0020	0.000	15.098
306	-0.0018	0.000	15.118
307	-0.0014	0.000	15.198
308	-0.0014	0.000	15.218
309	-0.0010	0.000	15.298
310	-0.0010	0.000	15.318
311	0.0002	0.000	15.399
312	0.0002	0.000	15.418
313	0.0006	0.000	15.499
314	0.0006	0.000	15.518
315	-0.0010	0.000	15.599
316	-0.0020	0.000	15.618
317	-0.0028	0.000	15.698
318	-0.0028	0.000	15.719
319	-0.0022	0.000	15.799
320	-0.0126	0.000	15.818
321	0.0008	-0.020	15.898
322	0.0008	-0.020	15.918
323	0.0006	-0.040	15.998
324	0.0002	-0.040	16.018
325	-0.0006	-0.060	16.099
326	-0.0006	-0.060	16.118
327	-0.0014	-0.120	16.199
328	-0.0014	-0.120	16.218
329	0.0018	-0.140	16.298
330	0.0018	-0.140	16.318
331	0.0042	-0.160	16.398
332	0.0042	-0.160	16.418
333	0.0068	-0.220	16.498
334	0.0078	-0.220	16.519
335	0.0104	-0.240	16.598
336	0.0104	-0.240	16.618
337	0.0122	-0.260	16.699
338	0.0126	-0.260	16.719
339	0.0134	-0.300	16.798
340	0.0134	-0.320	16.818
341	0.0142	-0.340	16.898
342	0.0158	-0.340	16.918
343	0.0066	-0.380	16.998
344	0.0066	-0.400	17.019
345	0.0264	-0.400	17.098
346	0.0264	-0.420	17.119
347	0.0304	-0.440	17.198
348	0.0304	-0.440	17.218
349	0.0470	-0.480	17.298
350	0.0470	-0.500	17.319
351	0.0470	-0.520	17.398
352	0.0340	-0.520	17.420
353	0.0380	-0.540	17.498
354	0.0380	-0.540	17.519
355	0.0388	-0.540	17.599
356	0.0400	-0.540	17.619
357	0.0432	-0.540	17.698
358	0.0432	-0.580	17.718
359	0.0450	-0.580	17.799
360	0.0450	-0.580	17.818
361	0.0442	-0.580	17.898
362	0.0442	-0.580	17.919
363	0.0414	-0.580	17.998
364	0.0414	-0.580	18.018
365	0.0404	-0.580	18.098
366	0.0402	-0.580	18.118
367	0.0408	-0.580	18.198
368	0.0408	-0.580	18.218
369	0.0422	-0.580	18.298
370	0.0430	-0.580	18.319
371	0.0442	-0.580	18.398
372	0.0442	-0.580	18.419
373	0.0438	-0.580	18.501
374	0.0438	-0.580	18.519
375	0.0422	-0.580	18.599
376	0.0422	-0.580	18.618
377	0.0406	-0.580	18.698
378	0.0404	-0.580	18.719
379	0.0408	-0.580	18.798
380	0.0408	-0.580	18.818
381	0.0424	-0.580	18.898
382	0.0424	-0.580	18.919
383	0.0432	-0.580	18.998
384	0.0434	-0.580	19.018
385	0.0430	-0.580	19.118
386	0.0426	-0.580	19.138
387	0.0418	-0.580	19.218
388	0.0418	-0.580	19.239
389	0.0412	-0.580	19.319
390	0.0412	-0.580	19.338
391	0.0414	-0.580	19.418
392	0.0414	-0.580	19.439
393	0.0422	-0.580	19.519
394	0.0422	-0.580	19.540
395	0.0426	-0.580	19.619
396	0.0426	-0.580	19.638
397	0.0422	-0.580	19.718
398	0.0422	-0.580	19.738
399	0.0418	-0.580	19.818
400	0.0418	-0.580	19.838
401	0.0418	-0.580	19.918
402	0.0418	-0.580	19.939
403	0.0420	-0.580	20.019
404	0.0420	-0.580	20.038
405	0.0420	-0.580	20.118
406	0.0420	-0.580	20.138
407	0.0418	-0.580	20.218
408	0.0418	-0.580	20.238
409	0.0418	-0.580	20.318
410	0.0418	-0.580	20.338
411	0.0418	-0.580	20.418
412	0.0418	-0.580	20.438
413	0.0420	-0.580	20.539
414	0.0420	-0.580	20.558
415	0.0420	-0.580	20.639
416	0.0420	-0.580	20.659
417	0.0418	-0.580	20.738
418	0.0418	-0.580	20.758
419	0.0418	-0.580	20.839
420	0.0416	-0.580	20.858
421	0.0418	-0.580	20.939
422	0.0418	-0.580	20.958
423	0.0420	-0.580	21.039
424	0.0420	-0.580	21.058
425	0.0418	-0.580	21.138
426	0.0418	-0.580	21.158
427	0.0414	-0.580	21.238
428	0.0414	-0.580	21.258
429	0.0416	-0.580	21.338
430	0.0416	-0.580	21.358
431	0.0418	-0.580	21.438
432	0.0418	-0.580	21.458
433	0.0422	-0.580	21.539
434	0.0422	-0.580	21.558
435	0.0422	-0.580	21.638
436	0.0422	-0.580	21.658
437	0.0418	-0.580	21.739
438	0.0414	-0.580	21.758
439	0.0412	-0.580	21.838
440	0.0412	-0.580	21.858
441	0.0412	-0.580	21.938
442	0.0414	-0.580	21.958
443	0.0418	-0.580	22.038
444	0.0418	-0.580	22.058
445	0.0426	-0.580	22.138
446	0.0426	-0.580	22.158
447	0.0424	-0.580	22.238
448	0.0418	-0.580	22.259
449	0.0410	-0.580	22.338
450	0.0410	-0.580	22.358
451	0.0408	-0.580	22.438
452	0.0408	-0.580	22.458
453	0.0416	-0.580	22.539
454	0.0416	-0.580	22.559
455	0.0426	-0.580	22.658
456	0.0426	-0.580	22.678
457	0.0426	-0.580	22.758
458	0.0426	-0.580	22.778
459	0.0418	-0.540	22.859
460	0.0418	-0.540	22.878
461	0.0366	-0.520	22.958
462	0.0366	-0.520	22.978
463	0.0334	-0.500	23.058
464	0.0334	-0.500	23.078
465	0.0300	-0.440	23.159
466	0.0300	-0.440	23.178
467	0.0276	-0.420	23.239
468	0.0276	-0.420	23.260
469	0.0242	-0.400	23.338
470	0.0214	-0.400	23.358
471	0.0182	-0.380	23.439
472	0.0182	-0.340	23.458
473	0.0014	-0.320	23.559
474	0.0014	-0.320	23.579
475	0.0144	-0.300	23.658
476	0.0144	-0.300	23.678
477	0.0102	-0.260	23.778
478	0.0100	-0.240	23.798
479	0.0062	-0.220	23.878
480	0.0062	-0.220	23.898
481	0.0034	-0.160	23.978
482	0.0034	-0.160	23.998
483	0.0026	-0.160	24.058
484	0.0026	-0.140	24.078
485	0.0028	-0.120	24.158
486	0.0026	-0.120	24.178
487	0.0130	-0.100	24.258
488	0.0130	-0.060	24.279
489	0.0108	-0.040	24.358
490	-0.0034	-0.040	24.378
491	-0.0052	-0.020	24.458
492	-0.0052	-0.020	24.479
493	-0.0016	0.000	24.558
494	-0.0016	0.000	24.578
495	-0.0002	0.000	24.678
496	0.0006	0.000	24.698
497	0.0008	0.000	24.758
498	0.0008	0.000	24.778
499	-0.0010	0.000	24.858
500	-0.0018	0.000	24.878
501	-0.0026	0.000	24.958
502	-0.0026	0.000	24.979
503	-0.0020	0.000	25.058
504	-0.0014	0.000	25.078
505	-0.0002	0.000	25.158
506	-0.0002	0.000	25.178
507	0.0002	0.000	25.258
508	0.0002	0.000	25.278
509	0.0002	0.000	25.359
510	0.0002	0.000	25.378
511	-0.0016	0.000	25.458
512	-0.0016	0.000	25.478
513	-0.0028	0.000	25.558
514	-0.0028	0.000	25.578
515	-0.0014	0.000	25.659
516	-0.0014	0.000	25.679
517	0.0010	0.000	25.778
518	0.0010	0.000	25.798
519	0.0006	0.000	25.878
520	-0.0002	0.000	25.898
521	-0.0018	0.000	25.978
522	-0.0018	0.000	25.998
523	-0.0020	0.000	26.078
524	-0.0020	0.000	26.099
525	-0.0014	0.000	26.178
526	-0.0014	0.000	26.198
527	-0.0006	0.000	26.298
528	-0.0006	0.000	26.319
529	0.0006	0.000	26.398
530	0.0006	0.000	26.418
531	0.0002	0.000	26.498
532	-0.0004	0.000	26.518
533	-0.0024	0.000	26.599
534	-0.0024	0.000	26.619
535	-0.0024	0.000	26.698
536	-0.0024	0.000	26.719
537	-0.0004	0.000	26.819
538	0.0004	0.000	26.838
539	0.0010	0.000	26.918
540	0.0010	0.000	26.938
541	-0.0008	0.000	27.019
542	-0.0008	0.000	27.038
543	-0.0016	0.000	27.118
544	-0.0016	0.000	27.139
545	-0.0018	0.000	27.218
546	-0.0018	0.000	27.238
547	-0.0016	0.000	27.318
548	-0.0012	0.000	27.338
549	-0.0002	0.000	27.418
550	-0.0002	0.000	27.438
551	0.0004	0.000	27.518
552	0.0006	0.000	27.538
553	-0.0004	0.000	27.619
554	-0.0004	0.000	27.638
555	-0.0024	0.000	27.718
556	-0.0024	0.000	27.738
557	-0.0020	0.000	27.818
558	-0.0020	0.000	27.838
559	-0.0002	0.000	27.919
560	-0.0002	0.000	27.938
561	0.0002	0.000	28.018
562	0.0002	0.000	28.038
563	-0.0006	0.000	28.118
564	-0.0006	0.000	28.138
565	-0.0010	0.000	28.218
566	-0.0012	0.000	28.239
567	-0.0016	0.000	28.318
568	-0.0016	0.000	28.338
569	-0.0018	0.000	28.418
570	-0.0014	0.000	28.439
571	-0.0006	0.000	28.518
572	-0.0006	0.000	28.538
573	0.0006	0.000	28.618
574	0.0006	0.000	28.638
575	-0.0004	0.000	28.719
576	-0.0004	0.000	28.738
577	-0.0024	0.000	28.839
578	-0.0022	0.000	28.858
579	-0.0020	0.000	28.919
580	-0.0012	0.000	28.939
581	0.0000	0.000	29.018
582	0.0000	0.000	29.038
583	-0.0002	0.000	29.118
584	-0.0004	0.000	29.139
585	-0.0008	0.000	29.218
586	-0.0008	0.000	29.238
587	-0.0008	0.000	29.318
588	-0.0008	0.000	29.338
589	-0.0008	0.000	29.418
590	-0.0008	0.000	29.438
591	-0.0014	0.000	29.518
592	-0.0014	0.000	29.539
593	-0.0010	0.000	29.618
594	-0.0010	0.000	29.638
595	0.0010	-0.020	29.718
596	0.0010	-0.040	29.738
597	-0.0016	-0.060	29.839
598	-0.0014	-0.060	29.858
599	0.0004	-0.120	29.938
600	-0.0004	-0.120	29.959
601	0.0010	-0.140	30.038
602	0.0010	-0.140	30.058
603	0.0040	-0.160	30.138
604	0.0044	-0.160	30.159
605	0.0064	-0.220	30.238
606	0.0064	-0.220	30.259
607	0.0096	-0.240	30.339
608	0.0096	-0.240	30.358
609	0.0120	-0.260	30.438
610	0.0120	-0.260	30.459
611	0.0138	-0.300	30.538
612	0.0138	-0.320	30.558
613	0.0168	-0.340	30.638
614	0.0174	-0.340	30.658
615	0.0206	-0.380	30.738
616	0.0206	-0.400	30.759
617	0.0242	-0.400	30.838
618	0.0244	-0.420	30.858
619	0.0274	-0.440	30.958
620	0.0290	-0.440	30.978
621	0.0310	-0.500	31.059
622	0.0310	-0.500	31.078
623	0.0368	-0.520	31.158
624	0.0368	-0.520	31.178
625	0.0396	-0.540	31.258
626	0.0396	-0.540	31.278
627	0.0418	-0.540	31.358
628	0.0418	-0.540	31.378
629	0.0426	-0.580	31.458
630	0.0426	-0.580	31.478
631	0.0422	-0.580	31.558
632	0.0422	-0.580	31.578
633	0.0418	-0.580	31.659
634	0.0418	-0.580	31.678
635	0.0416	-0.580	31.779
636	0.0418	-0.580	31.798
637	0.0426	-0.580	31.879
638	0.0426	-0.580	31.898
639	0.0428	-0.580	31.979
640	0.0428	-0.580	31.998
641	0.0422	-0.580	32.079
642	0.0422	-0.580	32.098
643	0.0412	-0.580	32.178
644	0.0412	-0.580	32.198
645	0.0412	-0.580	32.278
646	0.0416	-0.580	32.298
647	0.0424	-0.580	32.398
648	0.0428	-0.580	32.419
649	0.0430	-0.580	32.498
650	0.0430	-0.580	32.518
651	0.0420	-0.580	32.598
652	0.0420	-0.580	32.618
653	0.0412	-0.580	32.699
654	0.0412	-0.580	32.719
655	0.0404	-0.580	32.778
656	0.0404	-0.580	32.799
657	0.0416	-0.580	32.898
658	0.0416	-0.580	32.918
659	0.0432	-0.580	33.019
660	0.0436	-0.580	33.038
661	0.0428	-0.580	33.138
662	0.0422	-0.580	33.158
663	0.0406	-0.580	33.238
664	0.0406	-0.580	33.258
665	0.0400	-0.580	33.338
666	0.0402	-0.580	33.359
667	0.0414	-0.580	33.438
668	0.0414	-0.580	33.459
669	0.0434	-0.580	33.538
670	0.0434	-0.580	33.558
671	0.0436	-0.580	33.638
672	0.0436	-0.580	33.658
673	0.0418	-0.580	33.738
674	0.0418	-0.580	33.758
675	0.0400	-0.580	33.839
676	0.0400	-0.580	33.858
677	0.0400	-0.580	33.938
678	0.0400	-0.580	33.958
679	0.0304	-0.580	34.038
680	0.0426	-0.580	34.058
681	0.0440	-0.580	34.138
682	0.0440	-0.580	34.159
683	0.0544	-0.580	34.239
684	0.0544	-0.580	34.259
685	0.0408	-0.580	34.338
686	0.0408	-0.580	34.359
687	0.0394	-0.580	34.438
688	0.0394	-0.580	34.458
689	0.0286	-0.580	34.538
690	0.0286	-0.580	34.558
691	0.0434	-0.580	34.639
692	0.0434	-0.580	34.659
693	0.0442	-0.580	34.738
694	0.0438	-0.580	34.758
695	0.0544	-0.580	34.858
696	0.0410	-0.580	34.878
697	0.0392	-0.580	34.959
698	0.0392	-0.580	34.979
699	0.0276	-0.580	35.078
700	0.0276	-0.580	35.098
701	0.0434	-0.580	35.180
702	0.0434	-0.580	35.198
703	0.0442	-0.580	35.299
704	0.0438	-0.580	35.318
705	0.0556	-0.580	35.398
706	0.0556	-0.580	35.418
707	0.0394	-0.580	35.500
708	0.0394	-0.580	35.518
709	0.0392	-0.580	35.599
710	0.0282	-0.580	35.618
711	0.0302	-0.580	35.699
712	0.0302	-0.580	35.718
713	0.0440	-0.580	35.818
714	0.0440	-0.580	35.838
715	0.0550	-0.580	35.919
716	0.0556	-0.580	35.938
717	0.0404	-0.580	36.039
718	0.0394	-0.580	36.059
719	0.0390	-0.580	36.158
720	0.0276	-0.580	36.178
721	0.0290	-0.580	36.278
722	0.0428	-0.580	36.299
723	0.0440	-0.580	36.378
724	0.0440	-0.580	36.398
725	0.0542	-0.580	36.498
726	0.0532	-0.580	36.518
727	0.0396	-0.540	36.599
728	0.0396	-0.540	36.619
729	0.0370	-0.520	36.699
730	0.0370	-0.520	36.718
731	0.0348	-0.500	36.798
732	0.0348	-0.500	36.818
733	0.0308	-0.440	36.918
734	0.0308	-0.440	36.938
735	0.0236	-0.420	37.018
736	0.0236	-0.420	37.039
737	0.0194	-0.380	37.139
738	0.0180	-0.380	37.158
739	-0.0030	-0.340	37.258
740	0.0166	-0.340	37.279
741	0.0166	-0.300	37.358
742	0.0150	-0.300	37.379
743	0.0248	-0.260	37.459
744	0.0248	-0.260	37.478
745	0.0054	-0.240	37.579
746	0.0054	-0.220	37.598
747	0.0036	-0.200	37.679
748	0.0036	-0.200	37.698
749	-0.0100	-0.160	37.798
750	0.0046	-0.140	37.818
751	0.0032	-0.120	37.918
752	0.0010	-0.120	37.939
753	0.0104	-0.060	38.018
754	0.0104	-0.060	38.038
755	-0.0058	-0.040	38.138
756	-0.0058	-0.040	38.159
757	-0.0018	0.000	38.238
758	-0.0018	0.000	38.258
759	0.0020	0.000	38.339
760	0.0020	0.000	38.359
761	0.0134	0.000	38.458
762	0.0116	0.000	38.479
763	-0.0028	0.000	38.578
764	-0.0028	0.000	38.598
765	-0.0018	0.000	38.698
766	-0.0010	0.000	38.718
767	0.0000	0.000	38.799
768	0.0000	0.000	38.818
769	-0.0006	0.000	38.918
770	-0.0006	0.000	38.938
771	-0.0010	0.000	39.039
772	-0.0008	0.000	39.059
773	-0.0006	0.000	39.138
774	-0.0006	0.000	39.158
775	-0.0016	0.000	39.258
776	-0.0016	0.000	39.278
777	-0.0016	0.000	39.359
778	-0.0016	0.000	39.378
779	-0.0002	0.000	39.458
780	-0.0002	0.000	39.478
781	0.0002	0.000	39.579
782	0.0002	0.000	39.598
783	-0.0018	0.000	39.698
784	-0.0018	0.000	39.718
785	-0.0018	0.000	39.798
786	-0.0018	0.000	39.819
787	-0.0004	0.000	39.899
788	0.0000	0.000	39.919
789	-0.0004	0.000	40.018
790	-0.0008	0.000	40.039
791	-0.0014	0.000	40.119
792	-0.0014	0.000	40.138
793	-0.0006	0.000	40.219
794	-0.0006	0.000	40.238
795	-0.0006	0.000	40.319
796	-0.0006	0.000	40.338
797	-0.0014	0.000	40.419
798	-0.0014	0.000	40.439
799	-0.0010	0.000	40.518
800	-0.0010	0.000	40.538
801	-0.0002	0.000	40.618
802	-0.0002	0.000	40.639
803	-0.0006	0.000	40.718
804	-0.0012	0.000	40.738
805	-0.0018	0.000	40.838
806	-0.0014	0.000	40.858
807	-0.0006	0.000	40.938
808	-0.0006	0.000	40.958
809	-0.0002	0.000	41.038
810	-0.0002	0.000	41.059
811	-0.0012	0.000	41.158
812	-0.0016	0.000	41.180
813	-0.0014	0.000	41.259
814	-0.0014	0.000	41.278
815	-0.0006	0.000	41.358
816	-0.0004	0.000	41.378
817	-0.0004	0.000	41.458
818	-0.0006	0.000	41.478
819	-0.0010	0.000	41.578
820	-0.0010	0.000	41.599
821	-0.0006	0.000	41.698
822	-0.0008	0.000	41.719
823	-0.0012	0.000	41.818
824	-0.0014	0.000	41.838
825	-0.0010	0.000	41.918
826	-0.0010	0.000	41.938
827	-0.0002	0.000	42.019
828	-0.0002	0.000	42.038
829	-0.0002	0.000	42.098
830	-0.0002	0.000	42.119
831	-0.0008	0.000	42.199
832	-0.0008	0.000	42.218
833	-0.0016	0.000	42.318
834	-0.0014	0.000	42.338
