27/06/2025  2:45 PM
Units: N
Readings: Continuous
X-Axis: Travel
Travel Unit: mm
Reading	Load	Travel	Time
1	0.000	0.980	0.000
2	0.000	0.980	0.201
3	0.000	0.980	0.401
4	0.000	0.980	0.601
5	0.000	0.980	0.800
6	0.000	0.980	1.000
7	0.000	0.980	1.202
8	0.000	0.980	1.400
9	0.000	0.980	1.602
10	0.000	0.980	1.801
11	0.000	0.980	2.001
12	0.000	0.980	2.201
13	0.000	0.980	2.401
14	0.000	0.980	2.600
15	0.000	0.980	2.801
16	0.000	0.980	3.000
17	0.000	0.980	3.201
18	0.000	0.980	3.401
19	0.000	0.980	3.601
20	0.000	0.960	3.800
21	0.000	0.960	4.001
22	-0.004	0.920	4.200
23	0.004	0.880	4.401
24	0.000	0.860	4.601
25	0.000	0.820	4.801
26	0.000	0.800	5.001
27	0.004	0.760	5.200
28	-0.004	0.720	5.400
29	0.004	0.700	5.601
30	0.002	0.660	5.802
31	-0.004	0.620	6.002
32	0.006	0.600	6.200
33	0.000	0.540	6.400
34	-0.004	0.520	6.600
35	-0.004	0.500	6.800
36	0.006	0.440	7.001
37	-0.004	0.420	7.200
38	0.002	0.400	7.401
39	0.006	0.340	7.601
40	-0.004	0.320	7.801
41	0.004	0.300	8.000
42	0.002	0.240	8.201
43	0.000	0.220	8.401
44	-0.002	0.200	8.600
45	0.006	0.140	8.801
46	0.000	0.120	9.001
47	0.000	0.060	9.201
48	0.006	0.040	9.401
49	-0.004	0.020	9.601
50	0.000	0.000	9.802
51	0.004	-0.020	10.001
52	0.002	-0.040	10.201
53	-0.004	-0.060	10.401
54	0.006	-0.120	10.601
55	0.000	-0.140	10.801
56	0.000	-0.160	11.000
57	0.008	-0.220	11.201
58	0.002	-0.240	11.400
59	0.006	-0.260	11.601
60	0.006	-0.300	11.802
61	0.012	-0.340	12.001
62	0.004	-0.380	12.201
63	0.012	-0.400	12.401
64	0.012	-0.440	12.601
65	0.010	-0.480	12.800
66	0.018	-0.500	13.001
67	0.012	-0.520	13.201
68	0.012	-0.580	13.400
69	0.018	-0.600	13.601
70	0.024	-0.620	13.800
71	0.020	-0.680	14.001
72	0.028	-0.700	14.201
73	0.026	-0.720	14.400
74	0.026	-0.760	14.600
75	0.036	-0.800	14.800
76	0.040	-0.820	15.001
77	0.036	-0.860	15.200
78	0.042	-0.900	15.401
79	0.048	-0.920	15.600
80	0.042	-0.960	15.801
81	0.048	-0.980	16.001
82	0.048	-0.980	16.201
83	0.048	-0.980	16.401
84	0.048	-0.980	16.601
85	0.048	-0.980	16.809
86	0.048	-0.980	17.001
87	0.048	-0.980	17.201
88	0.048	-0.980	17.401
89	0.048	-0.980	17.601
90	0.048	-0.980	17.800
91	0.048	-0.980	18.001
92	0.048	-0.980	18.201
93	0.048	-0.980	18.401
94	0.048	-0.980	18.600
95	0.048	-0.980	18.801
96	0.048	-0.980	19.001
97	0.048	-0.980	19.201
98	0.048	-0.980	19.401
99	0.048	-0.980	19.601
100	0.048	-0.980	19.801
101	0.048	-0.980	20.001
102	0.048	-0.980	20.201
103	0.048	-0.980	20.401
104	0.048	-0.980	20.601
105	0.048	-0.980	20.800
106	0.046	-0.960	21.000
107	0.042	-0.900	21.201
108	0.034	-0.820	21.401
109	0.026	-0.780	21.600
110	0.022	-0.700	21.801
111	0.018	-0.620	22.001
112	0.016	-0.580	22.200
113	0.014	-0.500	22.400
114	0.010	-0.440	22.601
115	0.008	-0.380	22.801
116	0.010	-0.300	23.001
117	0.004	-0.240	23.201
118	0.002	-0.160	23.401
119	0.004	-0.120	23.602
120	0.000	-0.040	23.800
121	-0.002	0.000	24.001
122	0.002	0.040	24.200
123	0.000	0.120	24.401
124	0.000	0.160	24.600
125	0.002	0.240	24.801
126	0.002	0.320	25.001
127	0.000	0.380	25.202
128	0.002	0.440	25.401
129	0.002	0.520	25.602
130	-0.002	0.600	25.800
131	0.000	0.660	26.001
132	0.000	0.720	26.200
133	0.004	0.780	26.400
134	0.002	0.860	26.604
135	0.002	0.920	26.801
136	0.000	0.980	27.001
137	0.000	0.980	27.200
138	0.000	0.980	27.400
139	0.000	0.980	27.600
140	0.000	0.980	27.801
141	0.000	0.980	28.000
142	0.000	0.960	28.201
143	0.004	0.920	28.401
144	0.002	0.880	28.601
145	-0.004	0.860	28.802
146	0.006	0.820	29.001
147	-0.002	0.780	29.201
148	-0.002	0.760	29.405
149	0.006	0.720	29.601
150	-0.002	0.680	29.800
151	-0.004	0.660	30.001
152	0.002	0.620	30.202
153	0.004	0.600	30.400
154	-0.004	0.540	30.601
155	0.004	0.520	30.801
156	0.002	0.480	31.001
157	-0.002	0.440	31.200
158	0.006	0.400	31.400
159	0.000	0.380	31.601
160	0.000	0.340	31.801
161	0.000	0.300	32.001
162	0.006	0.260	32.200
163	-0.004	0.240	32.402
164	0.004	0.220	32.601
165	0.004	0.160	32.801
166	-0.004	0.140	33.001
167	0.006	0.120	33.201
168	0.004	0.060	33.401
169	0.000	0.040	33.601
170	-0.002	0.020	33.801
171	0.008	0.000	34.001
172	-0.004	-0.020	34.200
173	0.000	-0.040	34.401
174	0.004	-0.100	34.601
175	-0.004	-0.120	34.801
176	-0.002	-0.140	35.001
177	0.006	-0.160	35.201
178	0.004	-0.220	35.401
179	0.002	-0.240	35.600
180	0.008	-0.260	35.800
181	0.006	-0.300	36.001
182	0.004	-0.340	36.201
183	0.012	-0.380	36.401
184	0.008	-0.400	36.600
185	0.008	-0.440	36.802
186	0.014	-0.480	37.000
187	0.016	-0.500	37.200
188	0.010	-0.540	37.401
189	0.022	-0.580	37.601
190	0.016	-0.600	37.800
191	0.018	-0.620	38.001
192	0.026	-0.680	38.207
193	0.028	-0.700	38.400
194	0.024	-0.720	38.601
195	0.032	-0.780	38.801
196	0.036	-0.800	39.001
197	0.032	-0.820	39.202
198	0.044	-0.880	39.400
199	0.040	-0.900	39.600
200	0.040	-0.920	39.801
201	0.048	-0.960	40.001
202	0.048	-0.980	40.201
203	0.048	-0.980	40.400
204	0.048	-0.980	40.600
205	0.048	-0.980	40.801
206	0.048	-0.980	41.001
207	0.048	-0.980	41.200
208	0.048	-0.980	41.400
209	0.048	-0.980	41.601
210	0.048	-0.980	41.801
211	0.048	-0.980	42.004
212	0.048	-0.980	42.207
213	0.048	-0.980	42.401
214	0.048	-0.980	42.600
215	0.048	-0.980	42.801
216	0.048	-0.980	43.001
217	0.048	-0.980	43.200
218	0.048	-0.980	43.400
219	0.048	-0.980	43.600
220	0.048	-0.980	43.801
221	0.048	-0.980	44.001
222	0.048	-0.980	44.201
223	0.048	-0.980	44.401
224	0.048	-0.980	44.600
225	0.048	-0.980	44.801
226	0.048	-0.980	45.001
227	0.048	-0.980	45.200
228	0.042	-0.920	45.400
229	0.038	-0.860	45.600
230	0.030	-0.800	45.801
231	0.026	-0.720	46.000
232	0.020	-0.680	46.201
233	0.018	-0.600	46.401
234	0.016	-0.520	46.600
235	0.012	-0.480	46.800
236	0.010	-0.400	47.000
237	0.006	-0.340	47.201
238	0.006	-0.260	47.400
239	0.004	-0.220	47.601
240	0.002	-0.140	47.800
241	0.000	-0.060	48.001
242	0.000	-0.020	48.201
243	-0.002	0.020	48.400
244	0.000	0.060	48.601
245	0.000	0.140	48.800
246	0.004	0.220	49.000
247	0.000	0.260	49.201
248	-0.004	0.340	49.400
249	0.002	0.420	49.601
250	0.002	0.500	49.800
251	0.000	0.540	50.001
252	0.000	0.620	50.201
253	0.004	0.680	50.400
254	0.000	0.760	50.600
255	0.000	0.820	50.800
256	0.002	0.900	51.003
257	0.000	0.960	51.202
258	0.000	0.980	51.400
259	0.000	0.980	51.601
260	0.000	0.980	51.801
261	0.000	0.980	52.001
262	0.000	0.980	52.202
263	0.000	0.960	52.400
264	0.004	0.920	52.601
265	0.002	0.900	52.801
266	-0.004	0.880	53.000
267	0.006	0.820	53.201
268	0.006	0.800	53.400
269	-0.002	0.780	53.600
270	0.000	0.720	53.801
271	0.004	0.700	54.001
272	-0.002	0.680	54.200
273	0.002	0.620	54.401
274	0.004	0.600	54.600
275	-0.004	0.580	54.800
276	0.004	0.520	55.000
277	0.006	0.500	55.200
278	0.000	0.480	55.401
279	-0.004	0.420	55.601
280	0.006	0.400	55.801
281	-0.002	0.340	56.001
282	-0.002	0.320	56.200
283	0.006	0.300	56.400
284	-0.004	0.260	56.601
285	-0.004	0.220	56.800
286	0.004	0.200	57.000
287	0.002	0.160	57.200
288	-0.004	0.120	57.400
289	0.006	0.100	57.601
290	0.000	0.060	57.801
291	-0.002	0.020	58.001
292	0.006	0.000	58.202
293	0.006	0.000	58.401
294	-0.004	-0.040	58.602
295	0.002	-0.060	58.801
296	0.004	-0.120	59.008
297	0.000	-0.140	59.200
298	0.004	-0.160	59.400
299	0.004	-0.200	59.601
300	0.000	-0.220	59.801
301	0.002	-0.260	60.001
302	0.010	-0.300	60.201
303	0.006	-0.320	60.401
304	0.008	-0.340	60.601
305	0.014	-0.400	60.801
306	0.006	-0.420	61.000
307	0.014	-0.440	61.200
308	0.014	-0.500	61.401
309	0.010	-0.520	61.600
310	0.014	-0.540	61.801
311	0.022	-0.600	62.000
312	0.016	-0.620	62.201
313	0.022	-0.660	62.401
314	0.028	-0.680	62.601
315	0.022	-0.720	62.801
316	0.030	-0.760	63.001
317	0.034	-0.780	63.200
318	0.034	-0.820	63.401
319	0.034	-0.860	63.601
320	0.044	-0.880	63.801
321	0.040	-0.920	64.001
322	0.046	-0.960	64.201
323	0.050	-0.980	64.401
324	0.048	-0.980	64.600
325	0.048	-0.980	64.802
326	0.048	-0.980	65.000
327	0.048	-0.980	65.200
328	0.048	-0.980	65.400
329	0.048	-0.980	65.602
330	0.048	-0.980	65.800
331	0.048	-0.980	66.001
332	0.048	-0.980	66.201
333	0.048	-0.980	66.400
334	0.048	-0.980	66.600
335	0.048	-0.980	66.800
336	0.048	-0.980	67.001
337	0.048	-0.980	67.201
338	0.048	-0.980	67.401
339	0.048	-0.980	67.600
340	0.048	-0.980	67.801
341	0.048	-0.980	68.001
342	0.048	-0.980	68.201
343	0.048	-0.980	68.401
344	0.048	-0.980	68.600
345	0.048	-0.980	68.800
346	0.048	-0.980	69.000
347	0.048	-0.980	69.201
348	0.048	-0.980	69.401
349	0.048	-0.960	69.601
350	0.040	-0.880	69.801
351	0.036	-0.820	70.000
352	0.030	-0.760	70.200
353	0.020	-0.700	70.400
354	0.018	-0.620	70.602
355	0.016	-0.580	70.801
356	0.010	-0.500	71.001
357	0.010	-0.420	71.201
358	0.008	-0.380	71.401
359	0.008	-0.300	71.601
360	0.002	-0.240	71.801
361	0.004	-0.160	72.001
362	0.000	-0.120	72.200
363	0.000	-0.040	72.401
364	0.000	0.000	72.601
365	0.000	0.040	72.800
366	0.004	0.120	73.001
367	0.000	0.200	73.201
368	0.004	0.240	73.401
369	0.000	0.320	73.601
370	0.002	0.400	73.801
371	0.000	0.440	74.001
372	0.000	0.520	74.201
373	0.004	0.600	74.401
374	-0.002	0.660	74.601
375	0.002	0.720	74.801
376	0.002	0.800	75.001
377	0.000	0.880	75.201
378	0.002	0.920	75.400
379	0.002	0.980	75.600
380	0.000	0.980	75.800
381	0.000	0.980	76.000
382	0.000	0.980	76.201
383	0.000	0.980	76.400
384	0.000	0.980	76.601
385	0.000	0.980	76.801
386	0.000	0.980	77.001
387	0.000	0.980	77.201
388	0.000	0.980	77.400
389	0.000	0.980	77.601
390	0.000	0.980	77.801
391	0.000	0.980	78.001
392	0.000	0.980	78.201
393	0.000	0.980	78.401
394	0.000	0.980	78.600
395	0.000	0.980	78.801
