27/06/2025  2:25 PM
Units: N
Readings: Continuous
X-Axis: Travel
Travel Unit: mm
Reading	Load	Travel	Time
1	0.000	0.980	0.000
2	0.000	0.980	0.201
3	0.000	0.980	0.401
4	0.000	0.980	0.601
5	0.000	0.980	0.800
6	0.000	0.980	1.000
7	0.000	0.980	1.201
8	0.000	0.980	1.401
9	0.000	0.980	1.601
10	0.000	0.980	1.801
11	0.000	0.980	2.000
12	0.000	0.980	2.200
13	0.000	0.980	2.400
14	0.000	0.980	2.600
15	0.000	0.980	2.801
16	0.000	0.980	3.001
17	0.000	0.980	3.201
18	0.000	0.980	3.401
19	0.000	0.980	3.601
20	0.000	0.980	3.801
21	0.000	0.980	4.002
22	0.000	0.980	4.200
23	0.000	0.980	4.400
24	0.000	0.960	4.600
25	0.000	0.960	4.800
26	0.000	0.880	5.000
27	0.000	0.820	5.200
28	0.002	0.760	5.400
29	-0.002	0.680	5.600
30	0.000	0.600	5.800
31	0.002	0.540	6.001
32	0.002	0.480	6.201
33	-0.002	0.400	6.400
34	-0.002	0.340	6.602
35	0.000	0.260	6.801
36	-0.002	0.200	7.001
37	0.000	0.140	7.201
38	0.004	0.060	7.400
39	0.000	0.000	7.601
40	-0.002	-0.020	7.800
41	0.002	-0.100	8.000
42	0.004	-0.160	8.201
43	0.006	-0.220	8.401
44	0.010	-0.300	8.601
45	0.010	-0.340	8.800
46	0.010	-0.420	9.001
47	0.014	-0.480	9.200
48	0.018	-0.540	9.401
49	0.022	-0.600	9.600
50	0.024	-0.680	9.801
51	0.028	-0.760	10.001
52	0.032	-0.800	10.201
53	0.040	-0.880	10.400
54	0.046	-0.960	10.600
55	0.050	-0.980	10.801
56	0.050	-0.980	11.001
57	0.048	-0.980	11.201
58	0.048	-0.980	11.401
59	0.048	-0.980	11.600
60	0.048	-0.980	11.800
61	0.048	-0.980	12.001
62	0.048	-0.980	12.201
63	0.048	-0.980	12.401
64	0.048	-0.980	12.600
65	0.048	-0.980	12.801
66	0.048	-0.980	13.000
67	0.048	-0.980	13.201
68	0.048	-0.980	13.401
69	0.048	-0.980	13.600
70	0.048	-0.980	13.800
71	0.048	-0.980	14.000
72	0.048	-0.980	14.201
73	0.048	-0.980	14.401
74	0.048	-0.980	14.601
75	0.046	-0.980	14.801
76	0.048	-0.980	15.000
77	0.048	-0.980	15.201
78	0.048	-0.980	15.401
79	0.046	-0.980	15.601
80	0.046	-0.980	15.800
81	0.044	-0.920	16.001
82	0.036	-0.860	16.201
83	0.030	-0.780	16.401
84	0.026	-0.720	16.600
85	0.022	-0.660	16.801
86	0.014	-0.600	17.001
87	0.012	-0.520	17.200
88	0.014	-0.440	17.400
89	0.010	-0.400	17.601
90	0.006	-0.320	17.800
91	0.004	-0.260	18.000
92	0.004	-0.200	18.201
93	0.004	-0.120	18.401
94	0.000	-0.060	18.600
95	0.002	0.000	18.800
96	0.000	0.020	19.001
97	0.002	0.100	19.203
98	0.000	0.160	19.401
99	0.000	0.220	19.600
100	0.000	0.300	19.805
101	0.000	0.340	20.000
102	0.002	0.420	20.201
103	0.000	0.500	20.401
104	0.000	0.580	20.601
105	0.002	0.620	20.800
106	0.002	0.700	21.000
107	-0.004	0.780	21.201
108	0.000	0.820	21.401
109	0.002	0.900	21.600
110	0.000	0.960	21.800
111	0.000	0.980	22.000
112	0.000	0.980	22.200
113	0.000	0.980	22.401
114	0.000	0.980	22.603
115	0.000	0.980	22.803
116	0.000	0.960	23.003
117	0.000	0.900	23.200
118	0.002	0.820	23.401
119	0.000	0.780	23.600
120	0.002	0.700	23.801
121	0.000	0.620	24.001
122	-0.002	0.580	24.200
123	0.000	0.500	24.401
124	0.002	0.440	24.601
125	0.000	0.380	24.800
126	-0.002	0.300	25.001
127	0.002	0.220	25.201
128	0.000	0.160	25.401
129	-0.002	0.100	25.601
130	0.000	0.020	25.800
131	0.002	0.000	26.005
132	0.000	-0.060	26.201
133	0.000	-0.120	26.401
134	0.004	-0.200	26.601
135	0.006	-0.260	26.800
136	0.008	-0.320	27.000
137	0.012	-0.400	27.201
138	0.012	-0.440	27.401
139	0.014	-0.520	27.601
140	0.018	-0.580	27.800
141	0.022	-0.660	28.002
142	0.026	-0.720	28.201
143	0.030	-0.780	28.401
144	0.038	-0.860	28.601
145	0.042	-0.920	28.801
146	0.048	-0.960	29.001
147	0.050	-0.980	29.201
148	0.048	-0.980	29.401
149	0.048	-0.980	29.600
150	0.048	-0.980	29.800
151	0.048	-0.980	30.001
152	0.048	-0.980	30.200
153	0.048	-0.980	30.401
154	0.048	-0.980	30.600
155	0.048	-0.980	30.803
156	0.048	-0.980	31.001
157	0.046	-0.980	31.202
158	0.046	-0.980	31.401
159	0.048	-0.980	31.600
160	0.048	-0.980	31.802
161	0.046	-0.980	32.000
162	0.046	-0.980	32.201
163	0.046	-0.980	32.400
164	0.046	-0.980	32.600
165	0.046	-0.980	32.800
166	0.046	-0.980	33.000
167	0.046	-0.980	33.201
168	0.046	-0.980	33.401
169	0.046	-0.980	33.600
170	0.046	-0.980	33.800
171	0.046	-0.980	34.001
172	0.046	-0.980	34.201
173	0.040	-0.920	34.401
174	0.036	-0.860	34.600
175	0.032	-0.780	34.800
176	0.028	-0.720	35.000
177	0.022	-0.660	35.201
178	0.014	-0.600	35.401
179	0.012	-0.520	35.601
180	0.012	-0.440	35.802
181	0.010	-0.400	36.016
182	0.008	-0.320	36.201
183	0.004	-0.260	36.401
184	0.002	-0.200	36.600
185	0.004	-0.140	36.801
186	0.000	-0.060	37.005
187	0.002	-0.020	37.200
188	0.004	0.020	37.401
189	0.000	0.100	37.600
190	-0.004	0.160	37.800
191	0.000	0.220	38.001
192	0.004	0.300	38.201
193	0.000	0.340	38.400
194	0.000	0.420	38.600
195	0.004	0.500	38.801
196	0.000	0.540	39.001
197	-0.002	0.620	39.202
198	0.002	0.700	39.400
199	-0.002	0.780	39.601
200	0.000	0.820	39.801
201	0.000	0.900	40.001
202	0.000	0.960	40.201
203	0.000	0.980	40.401
204	0.000	0.980	40.600
205	0.000	0.980	40.800
206	0.000	0.980	41.000
207	0.000	0.980	41.201
208	-0.002	0.960	41.400
209	0.000	0.880	41.600
210	0.000	0.820	41.801
211	-0.002	0.760	42.000
212	0.000	0.680	42.201
213	0.000	0.620	42.400
214	0.002	0.540	42.601
215	-0.002	0.480	42.800
216	0.000	0.400	43.001
217	0.002	0.340	43.200
218	0.002	0.260	43.400
219	-0.002	0.220	43.600
220	0.000	0.140	43.801
221	0.000	0.060	44.001
222	-0.002	0.020	44.201
223	0.002	-0.020	44.401
224	0.004	-0.100	44.601
225	0.002	-0.140	44.800
226	0.004	-0.220	45.001
227	0.008	-0.260	45.201
228	0.008	-0.340	45.401
229	0.010	-0.400	45.601
230	0.014	-0.480	45.801
231	0.016	-0.540	46.001
232	0.018	-0.600	46.200
233	0.022	-0.680	46.401
234	0.028	-0.720	46.601
235	0.034	-0.800	46.800
236	0.042	-0.880	47.001
237	0.046	-0.920	47.200
238	0.046	-0.960	47.401
239	0.050	-0.980	47.601
240	0.048	-0.980	47.801
241	0.048	-0.980	48.001
242	0.048	-0.980	48.201
243	0.048	-0.980	48.401
244	0.048	-0.980	48.601
245	0.048	-0.980	48.800
246	0.048	-0.980	49.000
247	0.046	-0.980	49.201
248	0.046	-0.980	49.401
249	0.046	-0.980	49.600
250	0.046	-0.980	49.801
251	0.048	-0.980	50.000
252	0.046	-0.980	50.201
253	0.046	-0.980	50.400
254	0.046	-0.980	50.601
255	0.046	-0.980	50.802
256	0.046	-0.980	51.001
257	0.046	-0.980	51.201
258	0.046	-0.980	51.401
259	0.046	-0.980	51.600
260	0.046	-0.980	51.800
261	0.046	-0.980	52.001
262	0.046	-0.980	52.201
263	0.046	-0.980	52.400
264	0.050	-0.960	52.604
265	0.040	-0.900	52.801
266	0.034	-0.820	53.000
267	0.028	-0.780	53.200
268	0.024	-0.700	53.401
269	0.016	-0.620	53.601
270	0.016	-0.580	53.801
271	0.014	-0.500	54.000
272	0.010	-0.440	54.200
273	0.008	-0.380	54.401
274	0.006	-0.300	54.600
275	0.006	-0.240	54.800
276	0.004	-0.160	55.001
277	0.000	-0.120	55.200
278	0.000	-0.040	55.401
279	0.000	0.000	55.600
280	0.002	0.040	55.801
281	0.000	0.120	56.001
282	0.000	0.160	56.201
283	-0.002	0.240	56.401
284	0.000	0.320	56.601
285	0.002	0.380	56.801
286	0.000	0.440	57.000
287	-0.002	0.520	57.200
288	0.004	0.600	57.400
289	0.000	0.660	57.601
290	-0.002	0.720	57.800
291	0.002	0.780	58.001
292	0.000	0.860	58.202
293	0.000	0.920	58.401
294	0.002	0.980	58.635
295	0.000	0.980	58.801
296	0.000	0.980	59.000
297	0.000	0.980	59.201
298	0.000	0.980	59.400
299	0.000	0.980	59.601
300	0.000	0.980	59.800
301	0.000	0.980	60.001
302	0.000	0.980	60.201
303	0.000	0.980	60.401
304	0.000	0.980	60.601
305	0.000	0.980	60.802
306	0.000	0.980	61.001
307	0.000	0.980	61.201
308	0.000	0.980	61.401
