27/06/2025  2:51 PM
Units: N
Readings: Continuous
X-Axis: Travel
Travel Unit: mm
Reading	Load	Travel	Time
1	0.000	0.980	0.000
2	0.000	0.980	0.198
3	0.000	0.980	0.399
4	0.000	0.980	0.600
5	0.000	0.980	0.799
6	0.000	0.980	0.998
7	0.000	0.980	1.198
8	0.000	0.980	1.399
9	0.002	0.980	1.599
10	0.000	0.980	1.798
11	0.000	0.980	1.999
12	0.000	0.980	2.198
13	0.002	0.980	2.398
14	0.000	0.980	2.598
15	0.000	0.980	2.799
16	0.000	0.980	2.999
17	0.000	0.980	3.199
18	0.000	0.980	3.398
19	0.000	0.960	3.599
20	0.002	0.920	3.799
21	0.004	0.900	3.999
22	0.004	0.880	4.198
23	0.002	0.820	4.399
24	0.000	0.800	4.598
25	-0.002	0.780	4.798
26	-0.002	0.720	4.998
27	-0.002	0.700	5.199
28	0.000	0.680	5.399
29	-0.002	0.620	5.600
30	-0.004	0.600	5.798
31	-0.002	0.580	5.999
32	-0.002	0.540	6.198
33	0.002	0.500	6.398
34	0.004	0.480	6.599
35	0.004	0.420	6.798
36	0.004	0.400	6.999
37	0.004	0.340	7.199
38	0.002	0.320	7.399
39	0.004	0.300	7.599
40	0.006	0.260	7.799
41	0.004	0.220	7.998
42	0.002	0.200	8.199
43	0.000	0.160	8.398
44	-0.002	0.120	8.598
45	-0.004	0.100	8.799
46	0.000	0.060	8.998
47	0.000	0.020	9.199
48	-0.004	0.000	9.400
49	-0.004	-0.020	9.598
50	-0.004	-0.040	9.799
51	0.000	-0.060	9.998
52	0.002	-0.120	10.199
53	0.004	-0.140	10.398
54	0.006	-0.160	10.598
55	0.002	-0.220	10.799
56	0.004	-0.240	10.998
57	0.008	-0.260	11.199
58	0.010	-0.300	11.399
59	0.010	-0.340	11.598
60	0.010	-0.380	11.799
61	0.010	-0.400	11.998
62	0.008	-0.440	12.199
63	0.016	-0.480	12.399
64	0.014	-0.500	12.599
65	0.012	-0.520	12.798
66	0.012	-0.580	12.998
67	0.014	-0.600	13.198
68	0.018	-0.620	13.398
69	0.022	-0.680	13.599
70	0.026	-0.700	13.798
71	0.024	-0.720	14.000
72	0.028	-0.780	14.198
73	0.034	-0.800	14.400
74	0.038	-0.820	14.599
75	0.042	-0.880	14.800
76	0.042	-0.900	14.998
77	0.044	-0.920	15.199
78	0.046	-0.960	15.400
79	0.048	-0.980	15.598
80	0.048	-0.980	15.799
81	0.048	-0.980	15.999
82	0.048	-0.980	16.198
83	0.048	-0.980	16.399
84	0.048	-0.980	16.599
85	0.048	-0.980	16.798
86	0.048	-0.980	17.000
87	0.048	-0.980	17.199
88	0.048	-0.980	17.399
89	0.048	-0.980	17.598
90	0.048	-0.980	17.799
91	0.048	-0.980	17.998
92	0.048	-0.980	18.198
93	0.048	-0.980	18.399
94	0.048	-0.980	18.599
95	0.048	-0.980	18.799
96	0.048	-0.980	18.999
97	0.048	-0.980	19.198
98	0.048	-0.980	19.407
99	0.048	-0.980	19.598
100	0.048	-0.980	19.798
101	0.046	-0.980	19.998
102	0.048	-0.980	20.198
103	0.048	-0.980	20.398
104	0.048	-0.980	20.598
105	0.044	-0.920	20.800
106	0.046	-0.900	20.999
107	0.032	-0.880	21.199
108	0.038	-0.820	21.399
109	0.034	-0.800	21.599
110	0.024	-0.780	21.799
111	0.032	-0.760	21.999
112	0.022	-0.700	22.198
113	0.018	-0.680	22.399
114	0.018	-0.660	22.599
115	0.022	-0.620	22.799
116	0.008	-0.580	22.999
117	0.014	-0.540	23.198
118	0.016	-0.520	23.399
119	0.008	-0.480	23.598
120	0.016	-0.440	23.799
121	0.012	-0.420	23.999
122	0.008	-0.400	24.200
123	0.002	-0.340	24.398
124	0.010	-0.320	24.598
125	0.004	-0.300	24.798
126	0.004	-0.260	24.998
127	0.008	-0.220	25.198
128	-0.002	-0.200	25.398
129	0.002	-0.160	25.599
130	0.002	-0.120	25.798
131	0.002	-0.100	25.998
132	-0.002	-0.060	26.199
133	0.006	-0.020	26.400
134	0.000	0.000	26.598
135	0.000	0.000	26.799
136	0.004	0.020	26.999
137	-0.004	0.060	27.198
138	-0.004	0.100	27.398
139	0.004	0.120	27.598
140	0.004	0.160	27.799
141	-0.004	0.200	27.999
142	0.006	0.240	28.198
143	0.000	0.260	28.399
144	-0.004	0.300	28.599
145	0.006	0.340	28.799
146	0.006	0.380	29.000
147	-0.004	0.400	29.202
148	0.004	0.440	29.399
149	0.002	0.480	29.599
150	-0.004	0.500	29.799
151	0.006	0.540	30.003
152	0.000	0.580	30.200
153	-0.002	0.600	30.399
154	0.008	0.660	30.599
155	0.006	0.680	30.798
156	-0.006	0.700	31.000
157	0.002	0.760	31.199
158	0.004	0.780	31.399
159	-0.004	0.800	31.599
160	0.008	0.860	31.798
161	0.000	0.880	31.999
162	-0.002	0.920	32.198
163	-0.002	0.960	32.399
164	0.006	0.980	32.599
165	0.000	0.980	32.798
166	0.000	0.980	32.999
167	0.000	0.980	33.198
168	0.000	0.980	33.399
169	0.000	0.980	33.599
170	0.000	0.960	33.798
171	0.000	0.920	33.999
172	0.002	0.900	34.198
173	0.004	0.860	34.398
174	0.004	0.820	34.599
175	0.004	0.800	34.799
176	0.002	0.780	34.999
177	0.000	0.720	35.200
178	-0.002	0.700	35.398
179	-0.004	0.660	35.599
180	0.002	0.620	35.798
181	0.000	0.600	35.998
182	-0.004	0.540	36.199
183	-0.004	0.520	36.398
184	-0.004	0.500	36.599
185	-0.002	0.440	36.799
186	0.000	0.420	36.998
187	0.004	0.400	37.199
188	-0.002	0.340	37.399
189	0.000	0.320	37.598
190	0.002	0.260	37.799
191	0.004	0.240	37.998
192	0.006	0.220	38.199
193	0.006	0.160	38.399
194	0.004	0.140	38.599
195	0.002	0.120	38.800
196	0.006	0.060	39.000
197	0.004	0.040	39.198
198	0.004	0.020	39.399
199	0.000	0.000	39.598
200	-0.002	-0.020	39.799
201	-0.004	-0.040	39.998
202	-0.004	-0.060	40.199
203	-0.002	-0.120	40.398
204	0.002	-0.140	40.599
205	0.000	-0.160	40.798
206	0.000	-0.220	40.999
207	0.004	-0.240	41.199
208	0.004	-0.260	41.400
209	0.008	-0.300	41.599
210	0.010	-0.340	41.800
211	0.012	-0.380	41.999
212	0.012	-0.400	42.199
213	0.014	-0.440	42.398
214	0.016	-0.480	42.598
215	0.018	-0.500	42.799
216	0.016	-0.540	42.998
217	0.014	-0.580	43.198
218	0.014	-0.600	43.399
219	0.014	-0.620	43.598
220	0.018	-0.680	43.799
221	0.024	-0.700	43.998
222	0.024	-0.720	44.199
223	0.028	-0.780	44.399
224	0.032	-0.800	44.599
225	0.036	-0.820	44.799
226	0.040	-0.880	44.999
227	0.046	-0.900	45.198
228	0.048	-0.920	45.399
229	0.048	-0.960	45.599
230	0.048	-0.980	45.799
231	0.048	-0.980	45.999
232	0.048	-0.980	46.198
233	0.048	-0.980	46.399
234	0.048	-0.980	46.599
235	0.048	-0.980	46.799
236	0.048	-0.980	46.999
237	0.048	-0.980	47.199
238	0.048	-0.980	47.398
239	0.048	-0.980	47.599
240	0.048	-0.980	47.799
241	0.048	-0.980	47.999
242	0.048	-0.980	48.198
243	0.048	-0.980	48.399
244	0.046	-0.980	48.598
245	0.048	-0.980	48.799
246	0.048	-0.980	48.999
247	0.046	-0.980	49.198
248	0.048	-0.980	49.398
249	0.046	-0.980	49.599
250	0.048	-0.980	49.798
251	0.046	-0.980	49.999
252	0.048	-0.980	50.198
253	0.046	-0.980	50.399
254	0.046	-0.980	50.599
255	0.046	-0.960	50.798
256	0.044	-0.920	50.999
257	0.044	-0.900	51.198
258	0.032	-0.880	51.399
259	0.038	-0.820	51.599
260	0.034	-0.800	51.799
261	0.022	-0.780	51.999
262	0.032	-0.720	52.198
263	0.028	-0.700	52.399
264	0.016	-0.680	52.598
265	0.018	-0.620	52.799
266	0.024	-0.600	53.000
267	0.010	-0.580	53.198
268	0.014	-0.540	53.399
269	0.014	-0.500	53.599
270	0.006	-0.480	53.800
271	0.006	-0.440	53.998
272	0.014	-0.400	54.199
273	0.008	-0.380	54.398
274	0.002	-0.340	54.599
275	0.010	-0.300	54.798
276	0.002	-0.260	54.999
277	0.004	-0.240	55.199
278	0.008	-0.220	55.398
279	-0.002	-0.160	55.598
280	-0.002	-0.140	55.798
281	0.002	-0.120	55.998
282	0.000	-0.100	56.199
283	-0.004	-0.040	56.399
284	0.004	-0.020	56.599
285	0.000	0.000	56.799
286	0.000	0.020	56.999
287	0.006	0.040	57.199
288	0.004	0.060	57.398
289	-0.004	0.120	57.599
290	0.004	0.140	57.798
291	0.002	0.160	57.999
292	-0.002	0.220	58.199
293	0.006	0.240	58.398
294	0.000	0.260	58.599
295	-0.002	0.300	58.798
296	0.004	0.340	58.998
297	0.006	0.380	59.198
298	-0.004	0.400	59.400
299	0.004	0.440	59.598
300	0.004	0.480	59.800
301	-0.006	0.520	59.999
302	0.006	0.540	60.198
303	0.000	0.580	60.399
304	-0.004	0.620	60.600
305	0.002	0.660	60.798
306	0.008	0.680	60.998
307	-0.004	0.720	61.198
308	0.002	0.760	61.399
309	0.002	0.780	61.602
310	-0.004	0.820	61.799
311	0.004	0.860	61.999
312	0.000	0.880	62.198
313	-0.002	0.920	62.399
314	-0.002	0.960	62.599
315	0.000	0.980	62.799
316	0.000	0.980	62.998
317	0.000	0.980	63.199
318	0.000	0.980	63.400
319	0.000	0.980	63.599
320	0.000	0.980	63.799
321	0.002	0.960	64.000
322	0.000	0.920	64.199
323	0.002	0.880	64.399
324	0.004	0.860	64.599
325	0.006	0.820	64.799
326	0.004	0.780	64.998
327	0.002	0.760	65.199
328	0.000	0.720	65.399
329	-0.002	0.680	65.599
330	0.004	0.660	65.806
331	0.000	0.620	65.999
332	-0.002	0.600	66.198
333	-0.004	0.540	66.399
334	-0.004	0.520	66.599
335	-0.004	0.480	66.800
336	-0.002	0.440	66.999
337	0.000	0.400	67.199
338	-0.002	0.380	67.398
339	0.000	0.340	67.599
340	0.000	0.300	67.798
341	0.002	0.260	68.014
342	0.004	0.240	68.198
343	0.006	0.220	68.398
344	0.006	0.160	68.598
345	0.002	0.140	68.799
346	0.004	0.120	68.999
347	0.006	0.060	69.198
348	0.004	0.040	69.400
349	0.002	0.000	69.599
350	0.002	0.000	69.799
351	-0.002	-0.020	69.999
352	-0.004	-0.060	70.200
353	-0.004	-0.100	70.399
354	-0.002	-0.120	70.599
355	0.000	-0.160	70.799
356	0.000	-0.200	71.000
357	0.000	-0.220	71.199
358	0.004	-0.240	71.399
359	0.004	-0.300	71.598
360	0.008	-0.320	71.799
361	0.010	-0.340	71.998
362	0.014	-0.400	72.198
363	0.012	-0.420	72.398
364	0.014	-0.440	72.600
365	0.016	-0.500	72.800
366	0.018	-0.520	72.998
367	0.016	-0.540	73.198
368	0.014	-0.580	73.399
369	0.014	-0.620	73.599
370	0.016	-0.660	73.799
371	0.024	-0.680	73.999
372	0.024	-0.720	74.199
373	0.026	-0.760	74.399
374	0.028	-0.780	74.598
375	0.032	-0.820	74.798
376	0.038	-0.860	74.998
377	0.042	-0.880	75.198
378	0.046	-0.920	75.398
379	0.048	-0.960	75.603
380	0.048	-0.960	75.798
381	0.048	-0.980	75.999
382	0.048	-0.980	76.199
383	0.048	-0.980	76.399
384	0.048	-0.980	76.599
385	0.048	-0.980	76.799
386	0.048	-0.980	77.003
387	0.048	-0.980	77.199
388	0.048	-0.980	77.400
389	0.046	-0.980	77.599
390	0.048	-0.980	77.800
391	0.046	-0.980	77.998
392	0.048	-0.980	78.199
393	0.048	-0.980	78.399
394	0.048	-0.980	78.599
395	0.048	-0.980	78.799
396	0.046	-0.980	78.999
397	0.046	-0.980	79.199
398	0.048	-0.980	79.399
399	0.046	-0.980	79.599
400	0.046	-0.980	79.802
401	0.046	-0.980	79.999
402	0.048	-0.980	80.198
403	0.046	-0.980	80.399
404	0.046	-0.980	80.599
405	0.048	-0.980	80.801
406	0.044	-0.960	80.999
407	0.046	-0.920	81.199
408	0.034	-0.880	81.398
409	0.040	-0.860	81.599
410	0.036	-0.820	81.799
411	0.026	-0.800	81.999
412	0.032	-0.760	82.199
413	0.024	-0.720	82.399
414	0.020	-0.700	82.602
415	0.018	-0.660	82.798
416	0.024	-0.620	82.999
417	0.010	-0.600	83.199
418	0.016	-0.580	83.405
419	0.016	-0.520	83.601
420	0.006	-0.500	83.799
421	0.016	-0.480	83.998
422	0.014	-0.440	84.199
423	0.010	-0.400	84.400
424	0.004	-0.380	84.598
425	0.010	-0.340	84.798
426	0.004	-0.300	84.999
427	0.002	-0.260	85.199
428	0.008	-0.240	85.398
429	-0.002	-0.220	85.598
430	0.004	-0.160	85.798
431	0.002	-0.140	85.999
432	0.002	-0.120	86.198
433	-0.002	-0.060	86.398
434	0.004	-0.040	86.599
435	0.000	-0.020	86.798
436	0.000	0.000	86.999
437	0.006	0.020	87.198
438	-0.002	0.040	87.399
439	-0.004	0.060	87.599
440	0.002	0.120	87.800
441	0.004	0.140	87.998
442	-0.004	0.160	88.199
443	0.006	0.220	88.399
444	0.000	0.240	88.599
445	-0.002	0.300	88.799
446	0.006	0.320	89.000
447	0.004	0.340	89.198
448	-0.004	0.400	89.399
449	0.004	0.420	89.599
450	0.006	0.440	89.801
451	-0.006	0.500	89.998
452	0.004	0.520	90.198
453	0.000	0.540	90.399
454	-0.004	0.600	90.599
455	0.000	0.620	90.798
456	0.008	0.660	91.000
457	-0.004	0.700	91.199
458	0.002	0.720	91.398
459	0.002	0.780	91.599
460	-0.004	0.800	91.799
461	0.006	0.820	91.998
462	0.002	0.880	92.200
463	0.002	0.900	92.398
464	-0.004	0.920	92.599
465	0.006	0.960	92.798
466	0.000	0.980	92.998
467	0.000	0.980	93.198
468	0.002	0.980	93.399
469	0.000	0.980	93.598
470	0.000	0.980	93.799
471	0.000	0.980	93.999
472	0.000	0.980	94.199
473	0.000	0.980	94.399
