27/06/2025  1:56 PM
Units: N
Readings: Continuous
X-Axis: Travel
Travel Unit: mm
Reading	Load	Travel	Time
1	0.002	0.980	0.000
2	0.002	0.980	0.100
3	0.002	0.980	0.117
4	0.002	0.980	0.163
5	0.002	0.980	0.180
6	0.002	0.980	0.224
7	0.002	0.980	0.241
8	0.002	0.980	0.292
9	0.002	0.980	0.312
10	0.002	0.980	0.358
11	0.002	0.980	0.376
12	0.002	0.980	0.432
13	0.000	0.980	0.452
14	0.002	0.980	0.516
15	0.002	0.980	0.534
16	0.002	0.980	0.592
17	0.002	0.980	0.612
18	0.002	0.980	0.673
19	0.000	0.980	0.692
20	0.002	0.980	0.766
21	0.002	0.980	0.783
22	0.002	0.980	0.854
23	0.002	0.980	0.872
24	0.002	0.980	0.943
25	0.002	0.980	0.960
26	0.002	0.980	1.032
27	0.002	0.980	1.053
28	0.002	0.980	1.118
29	0.002	0.980	1.136
30	0.002	0.980	1.212
31	0.002	0.980	1.232
32	0.002	0.980	1.302
33	0.002	0.980	1.319
34	0.002	0.980	1.392
35	0.002	0.980	1.412
36	0.002	0.980	1.480
37	0.002	0.980	1.498
38	0.002	0.980	1.572
39	0.002	0.980	1.592
40	0.002	0.980	1.662
41	0.002	0.980	1.679
42	0.002	0.980	1.753
43	0.002	0.980	1.772
44	0.002	0.980	1.844
45	0.002	0.980	1.862
46	0.002	0.980	1.932
47	0.002	0.980	1.953
48	0.002	0.980	2.021
49	0.002	0.980	2.038
50	0.002	0.980	2.114
51	0.002	0.980	2.132
52	0.002	0.980	2.204
53	0.002	0.980	2.224
54	0.002	0.980	2.300
55	0.002	0.980	2.318
56	0.002	0.980	2.392
57	0.002	0.980	2.413
58	0.002	0.980	2.482
59	0.002	0.980	2.500
60	0.000	0.980	2.574
61	0.002	0.980	2.592
62	0.002	0.980	2.666
63	0.002	0.980	2.684
64	0.002	0.980	2.757
65	0.002	0.980	2.774
66	0.002	0.980	2.860
67	0.002	0.980	2.878
68	0.002	0.980	2.952
69	0.000	0.980	2.972
70	0.002	0.980	3.042
71	0.000	0.980	3.059
72	0.002	0.980	3.134
73	0.002	0.980	3.152
74	0.002	0.980	3.232
75	0.002	0.980	3.252
76	0.002	0.980	3.332
77	0.002	0.980	3.353
78	0.002	0.960	3.546
79	0.002	0.960	3.560
80	0.002	0.960	3.635
81	0.002	0.960	3.652
82	0.002	0.920	3.732
83	-0.002	0.920	3.752
84	0.002	0.880	3.834
85	0.002	0.880	3.852
86	0.002	0.860	3.932
87	0.000	0.860	3.953
88	0.000	0.820	4.022
89	0.000	0.820	4.035
90	0.000	0.800	4.112
91	0.000	0.780	4.132
92	0.002	0.760	4.212
93	0.000	0.760	4.232
94	0.000	0.720	4.312
95	0.000	0.720	4.332
96	0.000	0.700	4.413
97	0.004	0.680	4.433
98	0.002	0.660	4.518
99	0.002	0.660	4.533
100	0.000	0.620	4.612
101	0.000	0.620	4.632
102	0.002	0.600	4.712
103	0.000	0.600	4.732
104	0.000	0.540	4.814
105	0.000	0.540	4.832
106	0.002	0.520	4.912
107	0.002	0.520	4.933
108	0.002	0.500	5.012
109	0.002	0.500	5.032
110	0.000	0.480	5.100
111	0.004	0.480	5.114
112	0.002	0.440	5.194
113	0.002	0.420	5.213
114	0.002	0.400	5.292
115	0.002	0.400	5.313
116	0.000	0.380	5.381
117	0.002	0.380	5.394
118	0.002	0.340	5.476
119	0.002	0.340	5.492
120	0.002	0.300	5.572
121	0.000	0.300	5.592
122	0.000	0.260	5.672
123	0.000	0.260	5.692
124	0.002	0.240	5.772
125	0.000	0.240	5.792
126	0.000	0.220	5.872
127	0.000	0.200	5.892
128	0.000	0.160	5.972
129	0.004	0.160	5.993
130	0.004	0.140	6.072
131	0.004	0.120	6.092
132	0.002	0.100	6.172
133	0.002	0.100	6.192
134	0.002	0.060	6.272
135	-0.002	0.060	6.292
136	0.000	0.040	6.373
137	0.000	0.020	6.392
138	0.000	0.020	6.461
139	0.000	0.000	6.475
140	0.002	0.000	6.555
141	0.000	0.000	6.573
142	-0.002	-0.020	6.652
143	-0.002	-0.020	6.673
144	-0.002	-0.040	6.752
145	0.004	-0.040	6.772
146	0.002	-0.060	6.853
147	0.002	-0.100	6.872
148	0.004	-0.120	6.952
149	0.004	-0.120	6.972
150	0.006	-0.140	7.055
151	0.002	-0.160	7.072
152	0.006	-0.200	7.153
153	0.006	-0.200	7.172
154	0.006	-0.220	7.252
155	0.006	-0.220	7.272
156	0.004	-0.240	7.352
157	0.004	-0.260	7.372
158	0.008	-0.300	7.442
159	0.010	-0.300	7.456
160	0.012	-0.320	7.552
161	0.012	-0.320	7.573
162	0.014	-0.340	7.654
163	0.014	-0.340	7.673
164	0.016	-0.400	7.752
165	0.016	-0.400	7.772
166	0.016	-0.420	7.852
167	0.014	-0.420	7.872
168	0.016	-0.440	7.952
169	0.018	-0.440	7.973
170	0.018	-0.480	8.052
171	0.018	-0.500	8.072
172	0.020	-0.500	8.153
173	0.024	-0.520	8.172
174	0.026	-0.540	8.253
175	0.026	-0.540	8.272
176	0.028	-0.580	8.352
177	0.028	-0.580	8.372
178	0.030	-0.600	8.453
179	0.030	-0.620	8.473
180	0.032	-0.660	8.553
181	0.032	-0.660	8.572
182	0.032	-0.680	8.655
183	0.036	-0.680	8.672
184	0.036	-0.700	8.758
185	0.036	-0.720	8.772
186	0.040	-0.720	8.853
187	0.040	-0.760	8.872
188	0.044	-0.780	8.952
189	0.044	-0.780	8.972
190	0.046	-0.800	9.054
191	0.046	-0.820	9.073
192	0.046	-0.820	9.160
193	0.046	-0.860	9.173
194	0.050	-0.880	9.253
195	0.050	-0.880	9.272
196	0.052	-0.900	9.353
197	0.052	-0.900	9.372
198	0.058	-0.920	9.452
199	0.058	-0.920	9.473
200	0.060	-0.960	9.553
201	0.062	-0.980	9.573
202	0.060	-0.980	9.652
203	0.060	-0.980	9.672
204	0.060	-0.980	9.753
205	0.060	-0.980	9.773
206	0.060	-0.980	9.853
207	0.060	-0.980	9.872
208	0.060	-0.980	9.954
209	0.060	-0.980	9.972
210	0.060	-0.980	10.052
211	0.060	-0.980	10.073
212	0.060	-0.980	10.152
213	0.060	-0.980	10.172
214	0.060	-0.980	10.252
215	0.060	-0.980	10.272
216	0.060	-0.980	10.353
217	0.060	-0.980	10.372
218	0.060	-0.980	10.452
219	0.060	-0.980	10.472
220	0.060	-0.980	10.540
221	0.060	-0.980	10.554
222	0.060	-0.980	10.632
223	0.060	-0.980	10.653
224	0.060	-0.980	10.732
225	0.060	-0.980	10.753
226	0.060	-0.980	10.833
227	0.060	-0.980	10.853
228	0.060	-0.980	10.920
229	0.060	-0.980	10.933
230	0.060	-0.980	11.016
231	0.060	-0.980	11.032
232	0.060	-0.980	11.112
233	0.060	-0.980	11.133
234	0.060	-0.980	11.212
235	0.060	-0.980	11.233
236	0.060	-0.980	11.313
237	0.060	-0.980	11.332
238	0.060	-0.980	11.412
239	0.060	-0.980	11.432
240	0.060	-0.980	11.502
241	0.060	-0.980	11.516
242	0.060	-0.980	11.593
243	0.060	-0.980	11.612
244	0.060	-0.980	11.692
245	0.060	-0.980	11.712
246	0.060	-0.980	11.783
247	0.060	-0.980	11.796
248	0.058	-0.980	11.875
249	0.058	-0.980	11.892
250	0.060	-0.980	11.973
251	0.060	-0.980	11.993
252	0.060	-0.980	12.072
253	0.060	-0.980	12.092
254	0.060	-0.980	12.173
255	0.060	-0.980	12.192
256	0.058	-0.980	12.263
257	0.058	-0.980	12.276
258	0.060	-0.980	12.356
259	0.060	-0.980	12.373
260	0.060	-0.980	12.452
261	0.058	-0.980	12.472
262	0.060	-0.980	12.542
263	0.060	-0.980	12.556
264	0.060	-0.980	12.632
265	0.060	-0.980	12.652
266	0.058	-0.980	12.732
267	0.060	-0.980	12.752
268	0.058	-0.980	12.832
269	0.058	-0.980	12.853
270	0.058	-0.980	12.932
271	0.058	-0.980	12.952
272	0.058	-0.980	13.032
273	0.058	-0.980	13.052
274	0.058	-0.980	13.122
275	0.058	-0.980	13.136
276	0.058	-0.980	13.212
277	0.058	-0.980	13.232
278	0.058	-0.980	13.314
279	0.058	-0.980	13.332
280	0.058	-0.980	13.412
281	0.058	-0.980	13.432
282	0.058	-0.980	13.501
283	0.058	-0.980	13.515
284	0.058	-0.980	13.592
285	0.058	-0.980	13.612
286	0.058	-0.980	13.692
287	0.058	-0.980	13.712
288	0.058	-0.980	13.781
289	0.058	-0.980	13.795
290	0.058	-0.980	13.872
291	0.058	-0.980	13.892
292	0.058	-0.980	13.972
293	0.058	-0.980	13.992
294	0.058	-0.980	14.072
295	0.058	-0.980	14.092
296	0.058	-0.980	14.160
297	0.058	-0.980	14.173
298	0.058	-0.980	14.252
299	0.058	-0.980	14.273
300	0.058	-0.980	14.343
301	0.058	-0.980	14.357
302	0.058	-0.980	14.434
303	0.058	-0.980	14.452
304	0.058	-0.980	14.532
305	0.058	-0.980	14.553
306	0.058	-0.980	14.632
307	0.058	-0.980	14.652
308	0.056	-0.960	14.732
309	0.056	-0.960	14.752
310	0.054	-0.920	14.832
311	0.054	-0.920	14.853
312	0.050	-0.880	14.932
313	0.050	-0.880	14.952
314	0.046	-0.860	15.033
315	0.046	-0.860	15.052
316	0.044	-0.820	15.132
317	0.044	-0.820	15.153
318	0.042	-0.800	15.232
319	0.038	-0.780	15.253
320	0.038	-0.760	15.333
321	0.034	-0.760	15.352
322	0.034	-0.720	15.432
323	0.034	-0.720	15.453
324	0.030	-0.680	15.532
325	0.034	-0.680	15.552
326	0.032	-0.660	15.632
327	0.032	-0.660	15.653
328	0.026	-0.620	15.732
329	0.028	-0.620	15.752
330	0.026	-0.600	15.833
331	0.026	-0.600	15.853
332	0.024	-0.540	15.932
333	0.018	-0.540	15.953
334	0.018	-0.520	16.032
335	0.018	-0.520	16.052
336	0.016	-0.500	16.134
337	0.016	-0.500	16.152
338	0.012	-0.480	16.232
339	0.018	-0.440	16.252
340	0.014	-0.440	16.333
341	0.014	-0.420	16.352
342	0.014	-0.400	16.432
343	0.014	-0.400	16.452
344	0.014	-0.380	16.532
345	0.014	-0.380	16.553
346	0.014	-0.340	16.632
347	0.008	-0.340	16.653
348	0.008	-0.300	16.732
349	0.008	-0.300	16.752
350	0.008	-0.260	16.833
351	0.006	-0.260	16.852
352	0.002	-0.240	16.932
353	0.002	-0.240	16.953
354	0.004	-0.220	17.032
355	0.006	-0.200	17.053
356	0.004	-0.160	17.132
357	0.004	-0.160	17.153
358	0.004	-0.140	17.232
359	0.004	-0.120	17.253
360	0.004	-0.100	17.332
361	0.000	-0.100	17.353
362	0.000	-0.060	17.439
363	0.000	-0.060	17.453
364	0.002	-0.020	17.532
365	0.000	-0.020	17.552
366	0.000	0.000	17.633
367	0.000	0.000	17.653
368	0.002	0.000	17.732
369	0.004	0.000	17.752
370	0.002	0.020	17.833
371	0.002	0.020	17.853
372	0.004	0.060	17.933
373	0.004	0.060	17.952
374	0.002	0.100	18.032
375	0.002	0.100	18.052
376	0.000	0.120	18.133
377	0.000	0.120	18.152
378	0.002	0.160	18.232
379	0.000	0.160	18.252
380	0.000	0.200	18.332
381	0.000	0.200	18.352
382	0.002	0.220	18.432
383	0.002	0.240	18.452
384	0.002	0.260	18.532
385	0.002	0.260	18.552
386	0.000	0.300	18.632
387	0.002	0.300	18.652
388	0.000	0.320	18.732
389	0.002	0.340	18.752
390	0.000	0.380	18.833
391	0.000	0.380	18.853
392	0.002	0.400	18.932
393	0.000	0.400	18.953
394	0.004	0.420	19.032
395	0.004	0.440	19.052
396	0.002	0.480	19.132
397	0.002	0.480	19.152
398	0.002	0.500	19.234
399	0.002	0.500	19.253
400	0.002	0.520	19.332
401	0.000	0.540	19.353
402	0.000	0.580	19.432
403	0.000	0.580	19.453
404	0.000	0.600	19.538
405	0.000	0.600	19.553
406	0.000	0.620	19.633
407	0.002	0.620	19.652
408	0.004	0.680	19.732
409	0.004	0.680	19.752
410	0.002	0.700	19.832
411	0.002	0.700	19.853
412	0.002	0.720	19.933
413	0.002	0.720	19.953
414	0.004	0.780	20.032
415	-0.002	0.780	20.053
416	0.000	0.800	20.133
417	0.000	0.800	20.152
418	0.000	0.820	20.234
419	0.000	0.820	20.252
420	0.000	0.880	20.334
421	0.002	0.880	20.352
422	0.004	0.900	20.432
423	0.004	0.900	20.453
424	0.002	0.920	20.533
425	0.002	0.920	20.553
426	0.000	0.960	20.632
427	0.000	0.960	20.652
428	0.002	0.980	20.732
429	0.002	0.980	20.753
430	0.002	0.980	20.832
431	0.002	0.980	20.853
432	0.002	0.980	20.932
433	0.000	0.980	20.953
434	0.000	0.980	21.033
435	0.000	0.980	21.053
436	0.002	0.980	21.138
437	0.002	0.980	21.152
438	0.002	0.980	21.254
439	0.002	0.980	21.272
440	0.002	0.980	21.373
441	0.002	0.980	21.393
442	0.002	0.980	21.480
443	0.002	0.980	21.496
444	0.002	0.980	21.601
445	0.002	0.980	21.615
446	0.002	0.980	21.713
447	0.002	0.980	21.732
448	0.002	0.980	21.812
449	0.002	0.980	21.833
450	0.004	0.960	21.912
451	0.004	0.960	21.932
452	0.004	0.920	22.013
453	0.000	0.900	22.032
454	0.000	0.880	22.114
455	0.000	0.880	22.132
456	0.002	0.860	22.212
457	-0.002	0.860	22.232
458	0.000	0.820	22.312
459	0.000	0.800	22.332
460	0.002	0.780	22.412
461	0.002	0.780	22.432
462	0.002	0.760	22.512
463	0.002	0.760	22.533
464	0.004	0.720	22.615
465	0.004	0.700	22.632
466	0.002	0.680	22.732
467	0.002	0.680	22.752
468	0.000	0.620	22.842
469	0.002	0.620	22.856
470	-0.002	0.600	22.953
471	0.004	0.600	22.972
472	0.002	0.580	23.073
473	0.000	0.540	23.092
474	0.000	0.540	23.172
475	0.000	0.520	23.192
476	0.002	0.500	23.272
477	0.000	0.500	23.292
478	0.000	0.480	23.376
479	0.000	0.440	23.393
480	0.004	0.420	23.492
481	0.004	0.420	23.512
482	0.002	0.400	23.592
483	0.002	0.400	23.612
484	0.002	0.340	23.700
485	0.000	0.340	23.714
486	0.000	0.320	23.812
487	0.004	0.320	23.833
488	0.002	0.300	23.912
489	0.002	0.260	23.932
490	0.000	0.240	24.012
491	0.002	0.240	24.033
492	0.002	0.220	24.112
493	0.002	0.220	24.132
494	0.004	0.160	24.213
495	0.000	0.160	24.233
496	0.000	0.140	24.312
497	0.000	0.140	24.332
498	0.000	0.120	24.412
499	0.002	0.120	24.432
500	0.000	0.060	24.513
501	0.004	0.060	24.532
502	0.002	0.040	24.632
503	0.000	0.020	24.653
504	0.000	0.000	24.735
505	0.000	0.000	24.752
506	0.000	0.000	24.834
507	0.000	0.000	24.852
508	0.000	-0.020	24.932
509	0.000	-0.020	24.952
510	0.000	-0.040	25.032
511	0.004	-0.060	25.052
512	0.002	-0.100	25.132
513	0.002	-0.100	25.152
514	0.000	-0.120	25.233
515	0.004	-0.120	25.253
516	0.004	-0.140	25.332
517	0.004	-0.160	25.355
518	0.002	-0.200	25.432
519	0.002	-0.200	25.452
520	0.006	-0.220	25.532
521	0.006	-0.220	25.553
522	0.008	-0.260	25.638
523	0.008	-0.260	25.652
524	0.012	-0.300	25.741
525	0.012	-0.300	25.756
526	0.012	-0.320	25.815
527	0.012	-0.320	25.833
528	0.012	-0.340	25.913
529	0.012	-0.340	25.932
530	0.012	-0.380	26.012
531	0.014	-0.400	26.032
532	0.018	-0.420	26.116
533	0.014	-0.420	26.132
534	0.018	-0.440	26.219
535	0.018	-0.440	26.234
536	0.018	-0.480	26.318
537	0.018	-0.480	26.332
538	0.018	-0.500	26.419
539	0.018	-0.520	26.433
540	0.026	-0.540	26.521
541	0.026	-0.540	26.535
542	0.026	-0.580	26.633
543	0.026	-0.600	26.652
544	0.030	-0.620	26.737
545	0.030	-0.620	26.753
546	0.030	-0.660	26.838
547	0.030	-0.660	26.853
548	0.034	-0.680	26.935
549	0.034	-0.680	26.953
550	0.038	-0.700	27.032
551	0.038	-0.720	27.053
552	0.038	-0.760	27.136
553	0.042	-0.760	27.152
554	0.042	-0.780	27.240
555	0.042	-0.780	27.254
556	0.044	-0.820	27.340
557	0.044	-0.820	27.354
558	0.048	-0.860	27.440
559	0.048	-0.860	27.454
560	0.050	-0.880	27.536
561	0.050	-0.880	27.553
562	0.054	-0.900	27.634
563	0.054	-0.920	27.652
564	0.058	-0.960	27.738
565	0.058	-0.960	27.752
566	0.060	-0.960	27.852
567	0.060	-0.960	27.872
568	0.058	-0.960	27.952
569	0.060	-0.960	27.973
570	0.062	-0.980	28.052
571	0.062	-0.980	28.072
572	0.060	-0.980	28.152
573	0.060	-0.980	28.173
574	0.060	-0.980	28.252
575	0.060	-0.980	28.272
576	0.060	-0.980	28.353
577	0.060	-0.980	28.372
578	0.060	-0.980	28.453
579	0.060	-0.980	28.472
580	0.060	-0.980	28.553
581	0.060	-0.980	28.573
582	0.060	-0.980	28.652
583	0.060	-0.980	28.672
584	0.060	-0.980	28.752
585	0.060	-0.980	28.772
586	0.060	-0.980	28.872
587	0.060	-0.980	28.893
588	0.060	-0.980	28.972
589	0.060	-0.980	28.992
590	0.060	-0.980	29.073
591	0.060	-0.980	29.092
592	0.060	-0.980	29.172
593	0.058	-0.980	29.193
594	0.058	-0.980	29.272
595	0.058	-0.980	29.292
596	0.058	-0.980	29.372
597	0.058	-0.980	29.393
598	0.060	-0.980	29.473
599	0.060	-0.980	29.492
600	0.058	-0.980	29.572
601	0.058	-0.980	29.593
602	0.058	-0.980	29.672
603	0.058	-0.980	29.692
604	0.058	-0.980	29.776
605	0.058	-0.980	29.793
606	0.058	-0.980	29.881
607	0.058	-0.980	29.895
608	0.058	-0.980	29.992
609	0.058	-0.980	30.012
610	0.058	-0.980	30.093
611	0.058	-0.980	30.112
612	0.058	-0.980	30.192
613	0.058	-0.980	30.212
614	0.058	-0.980	30.292
615	0.058	-0.980	30.312
616	0.058	-0.980	30.392
617	0.058	-0.980	30.413
618	0.058	-0.980	30.493
619	0.058	-0.980	30.512
620	0.058	-0.980	30.593
621	0.058	-0.980	30.612
622	0.058	-0.980	30.692
623	0.058	-0.980	30.712
624	0.058	-0.980	30.792
625	0.058	-0.980	30.812
626	0.058	-0.980	30.900
627	0.058	-0.980	30.918
628	0.058	-0.980	31.014
629	0.058	-0.980	31.033
630	0.058	-0.980	31.113
631	0.058	-0.980	31.132
632	0.058	-0.980	31.212
633	0.058	-0.980	31.233
634	0.058	-0.980	31.312
635	0.058	-0.980	31.333
636	0.058	-0.980	31.412
637	0.058	-0.980	31.433
638	0.058	-0.980	31.512
639	0.058	-0.980	31.532
640	0.058	-0.980	31.612
641	0.058	-0.980	31.633
642	0.058	-0.980	31.713
643	0.058	-0.980	31.733
644	0.058	-0.980	31.814
645	0.058	-0.980	31.833
646	0.058	-0.980	31.914
647	0.058	-0.980	31.932
648	0.058	-0.980	32.032
649	0.058	-0.980	32.053
650	0.058	-0.980	32.133
651	0.058	-0.980	32.153
652	0.058	-0.980	32.240
653	0.058	-0.980	32.255
654	0.058	-0.980	32.352
655	0.058	-0.980	32.372
656	0.058	-0.980	32.452
657	0.058	-0.980	32.473
658	0.058	-0.980	32.553
659	0.058	-0.980	32.573
660	0.058	-0.980	32.653
661	0.058	-0.980	32.672
662	0.058	-0.980	32.752
663	0.058	-0.980	32.772
664	0.058	-0.980	32.852
665	0.058	-0.980	32.872
666	0.058	-0.980	32.953
667	0.058	-0.980	32.972
668	0.058	-0.980	33.052
669	0.058	-0.980	33.072
670	0.058	-0.980	33.153
671	0.056	-0.980	33.172
672	0.054	-0.960	33.253
673	0.054	-0.960	33.272
674	0.052	-0.920	33.354
675	0.052	-0.900	33.373
676	0.052	-0.880	33.458
677	0.052	-0.880	33.472
678	0.046	-0.860	33.532
679	0.046	-0.860	33.553
680	0.044	-0.820	33.632
681	0.044	-0.820	33.652
682	0.042	-0.780	33.734
683	0.036	-0.780	33.753
684	0.034	-0.760	33.836
685	0.034	-0.760	33.853
686	0.036	-0.720	33.936
687	0.032	-0.720	33.953
688	0.032	-0.700	34.036
689	0.032	-0.680	34.052
690	0.032	-0.660	34.152
691	0.032	-0.660	34.172
692	0.028	-0.620	34.253
693	0.026	-0.620	34.273
694	0.026	-0.600	34.359
695	0.022	-0.600	34.374
696	0.018	-0.540	34.460
697	0.018	-0.540	34.474
698	0.018	-0.520	34.560
699	0.018	-0.520	34.574
700	0.018	-0.500	34.633
701	0.016	-0.500	34.653
702	0.014	-0.480	34.732
703	0.014	-0.480	34.753
704	0.010	-0.440	34.834
705	0.016	-0.420	34.853
706	0.014	-0.400	34.936
707	0.014	-0.400	34.952
708	0.010	-0.380	35.036
709	0.010	-0.380	35.052
710	0.012	-0.340	35.141
711	0.008	-0.340	35.155
712	0.008	-0.300	35.243
713	0.008	-0.300	35.257
714	0.006	-0.260	35.314
715	0.006	-0.260	35.332
716	0.008	-0.240	35.418
717	0.004	-0.240	35.432
718	0.004	-0.220	35.520
719	0.004	-0.220	35.534
720	0.004	-0.200	35.592
721	0.004	-0.160	35.612
722	0.004	-0.140	35.701
723	0.004	-0.140	35.716
724	0.000	-0.120	35.800
725	0.000	-0.120	35.816
726	0.002	-0.060	35.913
727	0.002	-0.060	35.935
728	0.000	-0.040	36.016
729	0.000	-0.040	36.032
730	0.000	-0.020	36.120
731	0.002	0.000	36.134
732	0.002	0.000	36.201
733	0.002	0.000	36.216
734	0.002	0.020	36.298
735	0.002	0.020	36.313
736	0.002	0.040	36.413
737	0.002	0.060	36.432
738	0.000	0.100	36.532
739	0.000	0.100	36.553
740	0.002	0.120	36.643
741	0.002	0.120	36.658
742	0.000	0.140	36.721
743	0.000	0.160	36.736
744	0.002	0.160	36.796
745	0.002	0.160	36.812
746	0.000	0.220	36.912
747	0.004	0.220	36.933
748	0.000	0.260	37.018
749	0.004	0.260	37.032
750	0.000	0.260	37.098
751	0.002	0.300	37.112
752	0.002	0.300	37.180
753	0.002	0.320	37.196
754	0.004	0.340	37.299
755	0.000	0.340	37.314
756	0.002	0.380	37.372
757	0.004	0.380	37.393
758	0.002	0.420	37.482
759	0.002	0.420	37.496
760	0.002	0.440	37.561
761	0.002	0.440	37.576
762	0.004	0.480	37.640
763	0.000	0.480	37.655
764	0.002	0.500	37.718
765	0.002	0.500	37.732
766	0.002	0.520	37.794
767	0.002	0.520	37.813
768	0.004	0.540	37.912
769	0.004	0.540	37.933
770	0.000	0.600	38.023
771	0.000	0.600	38.038
772	0.002	0.620	38.101
773	0.002	0.620	38.116
774	0.002	0.660	38.183
775	0.002	0.660	38.198
776	0.004	0.680	38.262
777	0.004	0.680	38.277
778	0.002	0.700	38.372
779	0.002	0.720	38.392
780	0.002	0.720	38.474
781	0.002	0.760	38.493
782	0.000	0.780	38.576
783	0.004	0.780	38.592
784	0.004	0.800	38.678
785	0.004	0.820	38.694
786	0.000	0.860	38.782
787	0.002	0.860	38.797
788	0.002	0.880	38.860
789	0.000	0.880	38.874
790	0.000	0.900	38.933
791	0.004	0.900	38.953
792	0.004	0.920	39.041
793	0.004	0.920	39.056
794	0.002	0.960	39.153
795	0.002	0.980	39.172
796	0.002	0.980	39.256
797	0.002	0.980	39.272
798	0.002	0.980	39.360
799	0.002	0.980	39.375
800	0.002	0.980	39.459
801	0.002	0.980	39.474
802	0.002	0.980	39.560
803	0.002	0.980	39.575
804	0.002	0.980	39.672
805	0.002	0.980	39.692
806	0.002	0.980	39.773
807	0.002	0.980	39.792
808	0.002	0.980	39.877
809	0.002	0.980	39.892
810	0.002	0.980	39.978
811	0.002	0.980	39.992
812	0.002	0.980	40.080
813	0.002	0.980	40.095
814	0.002	0.980	40.181
815	0.002	0.980	40.196
816	0.002	0.980	40.293
817	0.002	0.980	40.312
818	0.000	0.960	40.402
819	0.000	0.960	40.417
820	0.004	0.920	40.481
821	0.004	0.920	40.495
822	0.002	0.920	40.554
823	0.002	0.900	40.572
824	0.004	0.880	40.656
825	0.000	0.880	40.672
826	0.002	0.860	40.758
827	0.002	0.820	40.772
828	0.002	0.820	40.832
829	0.002	0.820	40.873
830	0.002	0.780	40.932
831	0.000	0.780	40.952
832	0.000	0.760	41.035
833	0.000	0.760	41.053
834	0.000	0.720	41.152
835	0.000	0.700	41.173
836	0.002	0.680	41.257
837	0.002	0.680	41.272
838	0.004	0.660	41.338
839	0.004	0.660	41.353
840	0.002	0.620	41.413
841	0.002	0.620	41.432
842	0.000	0.600	41.517
843	0.002	0.600	41.532
844	0.002	0.580	41.596
845	0.002	0.580	41.612
846	0.004	0.540	41.698
847	0.004	0.520	41.714
848	0.002	0.500	41.812
849	0.002	0.500	41.832
850	0.002	0.480	41.916
851	0.002	0.440	41.932
852	-0.002	0.420	42.032
853	0.004	0.420	42.053
854	0.002	0.400	42.136
855	0.000	0.400	42.153
856	0.000	0.340	42.241
857	0.000	0.340	42.255
858	0.004	0.320	42.316
859	0.004	0.320	42.332
860	0.004	0.300	42.396
861	0.004	0.300	42.412
862	0.002	0.260	42.472
863	0.002	0.260	42.493
864	0.002	0.240	42.574
865	0.000	0.240	42.593
866	0.002	0.220	42.677
867	0.002	0.200	42.693
868	0.004	0.160	42.756
869	0.000	0.160	42.772
870	0.000	0.140	42.858
871	0.000	0.140	42.873
872	0.000	0.120	42.932
873	0.000	0.120	42.953
874	0.002	0.060	43.034
875	0.000	0.060	43.052
876	0.000	0.040	43.138
877	0.000	0.040	43.152
878	0.000	0.020	43.212
879	0.000	0.020	43.233
880	0.000	0.000	43.316
881	0.002	0.000	43.332
882	0.000	0.000	43.421
883	0.002	-0.020	43.436
884	0.002	-0.040	43.532
885	0.002	-0.040	43.552
886	0.000	-0.060	43.638
887	0.000	-0.060	43.653
888	0.002	-0.100	43.716
889	0.002	-0.120	43.732
890	0.004	-0.120	43.792
891	0.004	-0.120	43.813
892	0.004	-0.160	43.896
893	0.002	-0.160	43.912
894	0.002	-0.200	44.000
895	0.002	-0.220	44.015
896	0.006	-0.220	44.077
897	0.006	-0.220	44.092
898	0.008	-0.240	44.155
899	0.008	-0.260	44.172
900	0.008	-0.300	44.272
901	0.008	-0.300	44.292
902	0.010	-0.320	44.393
903	0.010	-0.340	44.412
904	0.012	-0.380	44.512
905	0.012	-0.380	44.533
906	0.014	-0.400	44.619
907	0.014	-0.400	44.634
908	0.014	-0.420	44.698
909	0.014	-0.420	44.713
910	0.016	-0.440	44.774
911	0.016	-0.440	44.793
912	0.018	-0.500	44.876
913	0.020	-0.500	44.892
914	0.022	-0.500	44.952
915	0.020	-0.520	44.973
916	0.022	-0.540	45.055
917	0.022	-0.540	45.072
918	0.028	-0.580	45.162
919	0.028	-0.580	45.177
920	0.030	-0.600	45.240
921	0.030	-0.600	45.254
922	0.030	-0.620	45.314
923	0.030	-0.620	45.333
924	0.030	-0.680	45.420
925	0.034	-0.680	45.435
926	0.032	-0.680	45.498
927	0.038	-0.700	45.514
928	0.040	-0.720	45.601
929	0.040	-0.720	45.616
930	0.040	-0.760	45.676
931	0.040	-0.760	45.692
932	0.040	-0.780	45.753
933	0.040	-0.780	45.772
934	0.046	-0.800	45.859
935	0.046	-0.820	45.874
936	0.048	-0.820	45.937
937	0.048	-0.820	45.952
938	0.048	-0.860	46.012
939	0.050	-0.880	46.033
940	0.052	-0.900	46.117
941	0.054	-0.900	46.132
942	0.052	-0.920	46.198
943	0.058	-0.920	46.214
944	0.054	-0.960	46.280
945	0.058	-0.960	46.294
946	0.060	-0.960	46.354
947	0.058	-0.960	46.372
948	0.060	-0.960	46.461
949	0.060	-0.960	46.476
950	0.060	-0.980	46.540
951	0.060	-0.980	46.556
952	0.060	-0.980	46.619
953	0.060	-0.980	46.634
954	0.060	-0.980	46.721
955	0.060	-0.980	46.736
956	0.060	-0.980	46.798
957	0.060	-0.980	46.813
958	0.060	-0.980	46.912
959	0.060	-0.980	46.932
960	0.060	-0.980	47.021
961	0.060	-0.980	47.035
962	0.060	-0.980	47.094
963	0.060	-0.980	47.112
964	0.060	-0.980	47.200
965	0.060	-0.980	47.217
966	0.060	-0.980	47.312
967	0.060	-0.980	47.332
968	0.060	-0.980	47.418
969	0.060	-0.980	47.432
970	0.060	-0.980	47.493
971	0.060	-0.980	47.512
972	0.058	-0.980	47.599
973	0.058	-0.980	47.614
974	0.058	-0.980	47.676
975	0.058	-0.980	47.692
976	0.058	-0.980	47.753
977	0.058	-0.980	47.772
978	0.058	-0.980	47.874
979	0.058	-0.980	47.893
980	0.060	-0.980	47.952
981	0.058	-0.980	47.973
982	0.058	-0.980	48.059
983	0.058	-0.980	48.073
984	0.058	-0.980	48.132
985	0.058	-0.980	48.153
986	0.058	-0.980	48.236
987	0.058	-0.980	48.252
988	0.058	-0.980	48.352
989	0.058	-0.980	48.373
990	0.058	-0.980	48.456
991	0.058	-0.980	48.472
992	0.058	-0.980	48.560
993	0.058	-0.980	48.576
994	0.058	-0.980	48.678
995	0.058	-0.980	48.692
996	0.058	-0.980	48.753
997	0.058	-0.980	48.772
998	0.058	-0.980	48.857
999	0.058	-0.980	48.872
1000	0.058	-0.980	48.972
1001	0.058	-0.980	48.993
1002	0.058	-0.980	49.076
1003	0.058	-0.980	49.092
1004	0.058	-0.980	49.180
1005	0.058	-0.980	49.195
1006	0.058	-0.980	49.292
1007	0.058	-0.980	49.313
1008	0.058	-0.980	49.398
1009	0.058	-0.980	49.414
1010	0.058	-0.980	49.475
1011	0.058	-0.980	49.492
1012	0.058	-0.980	49.579
1013	0.058	-0.980	49.594
1014	0.058	-0.980	49.693
1015	0.058	-0.980	49.713
1016	0.058	-0.980	49.798
1017	0.058	-0.980	49.814
1018	0.058	-0.980	49.873
1019	0.058	-0.980	49.892
1020	0.058	-0.980	49.980
1021	0.058	-0.980	49.995
1022	0.058	-0.980	50.056
1023	0.058	-0.980	50.073
1024	0.058	-0.980	50.162
1025	0.058	-0.980	50.177
1026	0.058	-0.980	50.238
1027	0.058	-0.980	50.252
1028	0.058	-0.980	50.320
1029	0.058	-0.980	50.334
1030	0.058	-0.980	50.392
1031	0.058	-0.980	50.412
1032	0.058	-0.980	50.495
1033	0.058	-0.980	50.512
1034	0.058	-0.980	50.602
1035	0.058	-0.980	50.616
1036	0.058	-0.980	50.676
1037	0.058	-0.980	50.693
1038	0.058	-0.980	50.762
1039	0.058	-0.980	50.777
1040	0.058	-0.980	50.872
1041	0.058	-0.980	50.892
1042	0.058	-0.980	50.977
1043	0.058	-0.980	50.992
1044	0.058	-0.980	51.056
1045	0.058	-0.980	51.072
1046	0.058	-0.980	51.161
1047	0.058	-0.980	51.177
1048	0.058	-0.980	51.273
1049	0.058	-0.980	51.292
1050	0.058	-0.980	51.380
1051	0.058	-0.980	51.396
1052	0.058	-0.980	51.492
1053	0.058	-0.980	51.513
1054	0.058	-0.980	51.603
1055	0.058	-0.980	51.618
1056	0.058	-0.980	51.712
1057	0.056	-0.960	51.732
1058	0.052	-0.920	51.822
1059	0.056	-0.920	51.836
1060	0.052	-0.900	51.900
1061	0.052	-0.900	51.916
1062	0.048	-0.880	51.974
1063	0.048	-0.880	51.992
1064	0.046	-0.860	52.092
1065	0.046	-0.860	52.113
1066	0.040	-0.820	52.200
1067	0.040	-0.800	52.216
1068	0.040	-0.780	52.280
1069	0.040	-0.780	52.296
1070	0.038	-0.780	52.356
1071	0.038	-0.760	52.372
1072	0.034	-0.720	52.472
1073	0.034	-0.720	52.492
1074	0.032	-0.680	52.582
1075	0.032	-0.680	52.598
1076	0.028	-0.680	52.659
1077	0.028	-0.660	52.674
1078	0.026	-0.620	52.733
1079	0.026	-0.620	52.752
1080	0.026	-0.600	52.856
1081	0.026	-0.600	52.872
1082	0.024	-0.580	52.932
1083	0.024	-0.580	52.953
1084	0.020	-0.540	53.053
1085	0.020	-0.520	53.072
1086	0.018	-0.500	53.163
1087	0.016	-0.500	53.178
1088	0.014	-0.480	53.243
1089	0.014	-0.480	53.259
1090	0.014	-0.440	53.319
1091	0.014	-0.440	53.334
1092	0.014	-0.420	53.396
1093	0.014	-0.420	53.412
1094	0.012	-0.400	53.473
1095	0.014	-0.400	53.492
1096	0.012	-0.380	53.578
1097	0.008	-0.340	53.594
1098	0.010	-0.340	53.656
1099	0.010	-0.340	53.672
1100	0.008	-0.320	53.733
1101	0.010	-0.320	53.752
1102	0.008	-0.300	53.816
1103	0.010	-0.300	53.833
1104	0.004	-0.260	53.893
1105	0.010	-0.260	53.912
1106	0.008	-0.220	54.012
1107	0.004	-0.220	54.032
1108	0.004	-0.200	54.122
1109	0.004	-0.200	54.137
1110	0.006	-0.160	54.201
1111	0.006	-0.160	54.216
1112	0.006	-0.120	54.292
1113	0.000	-0.120	54.313
1114	0.000	-0.100	54.400
1115	0.002	-0.100	54.415
1116	0.002	-0.060	54.481
1117	0.000	-0.060	54.497
1118	0.004	-0.040	54.560
1119	-0.002	-0.020	54.576
1120	0.004	-0.020	54.638
1121	0.000	-0.020	54.653
1122	0.002	0.000	54.718
1123	0.000	0.000	54.732
1124	0.002	0.000	54.799
1125	0.002	0.020	54.814
1126	0.004	0.020	54.882
1127	0.004	0.020	54.897
1128	0.004	0.060	54.972
1129	0.004	0.060	54.992
1130	0.000	0.100	55.078
1131	0.000	0.100	55.094
1132	0.000	0.120	55.158
1133	0.000	0.120	55.172
1134	0.004	0.140	55.239
1135	0.004	0.140	55.254
1136	0.002	0.160	55.318
1137	0.002	0.160	55.334
1138	0.002	0.200	55.396
1139	0.002	0.220	55.412
1140	0.002	0.220	55.475
1141	0.002	0.240	55.493
1142	0.000	0.260	55.553
1143	0.000	0.260	55.573
1144	0.000	0.300	55.672
1145	0.000	0.300	55.692
1146	0.000	0.340	55.793
1147	0.000	0.340	55.813
1148	0.000	0.380	55.912
1149	0.000	0.400	55.932
1150	0.000	0.420	56.032
1151	0.000	0.420	56.053
1152	0.000	0.440	56.140
1153	0.000	0.440	56.156
1154	0.000	0.480	56.219
1155	0.000	0.500	56.234
1156	0.002	0.500	56.298
1157	0.002	0.520	56.313
1158	0.000	0.540	56.379
1159	0.000	0.540	56.394
1160	0.002	0.540	56.454
1161	0.002	0.580	56.472
1162	0.000	0.600	56.573
1163	0.000	0.600	56.592
1164	0.002	0.620	56.692
1165	0.002	0.620	56.712
1166	0.002	0.680	56.812
1167	0.002	0.680	56.832
1168	0.002	0.720	56.932
1169	0.002	0.720	56.952
1170	0.002	0.760	57.020
1171	0.004	0.760	57.036
1172	0.000	0.780	57.102
1173	0.002	0.780	57.118
1174	0.002	0.800	57.182
1175	0.000	0.800	57.198
1176	0.002	0.820	57.261
1177	0.002	0.820	57.276
1178	0.000	0.860	57.352
1179	0.000	0.860	57.372
1180	0.002	0.900	57.472
1181	0.002	0.900	57.492
1182	0.002	0.920	57.592
1183	0.002	0.920	57.612
1184	0.000	0.980	57.712
1185	0.000	0.980	57.732
1186	0.002	0.980	57.832
1187	0.002	0.980	57.852
1188	0.002	0.980	57.953
1189	0.002	0.980	57.973
1190	0.002	0.980	58.062
1191	0.002	0.980	58.076
1192	0.002	0.980	58.138
1193	0.002	0.980	58.153
1194	0.002	0.980	58.214
1195	0.002	0.980	58.232
1196	0.002	0.980	58.322
1197	0.002	0.980	58.338
1198	0.002	0.980	58.412
1199	0.002	0.980	58.432
1200	0.002	0.980	58.521
1201	0.002	0.980	58.536
1202	0.002	0.980	58.598
1203	0.002	0.980	58.614
1204	0.002	0.980	58.678
1205	0.002	0.980	58.692
1206	0.002	0.980	58.757
1207	0.002	0.980	58.773
1208	0.002	0.980	58.836
1209	0.002	0.980	58.852
1210	0.002	0.980	58.924
1211	0.002	0.980	58.940
1212	0.002	0.980	59.012
1213	0.002	0.980	59.032
1214	0.002	0.980	59.102
1215	0.002	0.980	59.118
1216	0.002	0.980	59.177
1217	0.002	0.980	59.192
1218	0.002	0.980	59.252
1219	0.002	0.980	59.273
1220	0.002	0.980	59.362
1221	0.002	0.980	59.377
1222	0.002	0.980	59.443
1223	0.002	0.980	59.458
1224	0.002	0.980	59.533
1225	0.002	0.980	59.552
1226	0.002	0.980	59.653
1227	0.002	0.980	59.672
1228	0.002	0.980	59.763
1229	0.002	0.980	59.778
1230	0.002	0.980	59.839
1231	0.002	0.980	59.854
1232	0.002	0.980	59.916
1233	0.002	0.980	59.932
1234	0.002	0.980	59.998
1235	0.002	0.980	60.014
1236	0.002	0.980	60.078
1237	0.002	0.980	60.093
1238	0.002	0.980	60.156
1239	0.002	0.980	60.172
1240	0.002	0.980	60.234
1241	0.002	0.980	60.252
1242	0.002	0.980	60.342
1243	0.002	0.980	60.358
1244	0.002	0.980	60.453
1245	0.002	0.980	60.472
1246	0.002	0.980	60.572
1247	0.002	0.980	60.592
1248	0.002	0.980	60.678
1249	0.002	0.980	60.692
1250	0.002	0.980	60.758
1251	0.002	0.980	60.774
1252	0.002	0.980	60.838
1253	0.002	0.980	60.854
1254	0.002	0.980	60.952
1255	0.002	0.980	60.972
1256	0.002	0.980	61.072
1257	0.002	0.980	61.092
1258	0.002	0.980	61.196
1259	0.002	0.980	61.212
1260	0.002	0.980	61.274
1261	0.002	0.980	61.292
1262	0.002	0.980	61.380
