27/06/2025  2:38 PM
Units: N
Readings: Continuous
X-Axis: Travel
Travel Unit: mm
Reading	Load	Travel	Time
1	0.000	0.980	0.000
2	0.000	0.980	0.201
3	0.000	0.980	0.401
4	0.000	0.980	0.601
5	0.000	0.980	0.801
6	0.000	0.980	1.001
7	0.000	0.980	1.202
8	0.000	0.980	1.403
9	0.000	0.980	1.601
10	0.000	0.980	1.801
11	0.000	0.980	2.001
12	0.000	0.980	2.200
13	0.000	0.980	2.401
14	0.000	0.980	2.602
15	0.000	0.980	2.800
16	0.000	0.980	3.001
17	0.000	0.980	3.207
18	0.000	0.980	3.400
19	0.000	0.980	3.600
20	0.000	0.980	3.801
21	0.000	0.980	4.000
22	0.000	0.980	4.201
23	0.000	0.980	4.401
24	0.000	0.980	4.601
25	0.000	0.980	4.801
26	0.000	0.980	5.001
27	0.000	0.960	5.200
28	0.000	0.960	5.400
29	0.002	0.900	5.600
30	0.000	0.820	5.801
31	0.004	0.780	6.000
32	0.000	0.700	6.200
33	0.000	0.620	6.401
34	0.000	0.580	6.601
35	0.000	0.500	6.801
36	0.002	0.420	7.000
37	0.000	0.340	7.201
38	0.004	0.300	7.401
39	0.000	0.220	7.601
40	-0.002	0.160	7.800
41	0.002	0.100	8.000
42	0.000	0.020	8.200
43	0.002	0.000	8.400
44	0.000	-0.060	8.601
45	0.000	-0.140	8.800
46	0.002	-0.200	9.000
47	0.006	-0.260	9.200
48	0.008	-0.320	9.402
49	0.010	-0.400	9.601
50	0.012	-0.440	9.800
51	0.014	-0.520	10.002
52	0.018	-0.600	10.201
53	0.022	-0.660	10.401
54	0.024	-0.720	10.602
55	0.032	-0.780	10.802
56	0.038	-0.860	11.000
57	0.040	-0.920	11.201
58	0.046	-0.980	11.400
59	0.048	-0.980	11.601
60	0.048	-0.980	11.800
61	0.048	-0.980	12.000
62	0.048	-0.980	12.200
63	0.048	-0.980	12.400
64	0.048	-0.980	12.601
65	0.048	-0.980	12.802
66	0.048	-0.980	13.001
67	0.046	-0.980	13.201
68	0.046	-0.980	13.401
69	0.046	-0.980	13.600
70	0.048	-0.980	13.801
71	0.046	-0.980	14.001
72	0.046	-0.980	14.201
73	0.046	-0.980	14.401
74	0.048	-0.980	14.601
75	0.046	-0.980	14.801
76	0.046	-0.980	15.001
77	0.046	-0.980	15.201
78	0.046	-0.980	15.400
79	0.046	-0.980	15.601
80	0.046	-0.980	15.800
81	0.046	-0.980	16.002
82	0.046	-0.980	16.201
83	0.046	-0.980	16.401
84	0.046	-0.980	16.601
85	0.046	-0.980	16.801
86	0.046	-0.980	17.000
87	0.046	-0.980	17.200
88	0.046	-0.980	17.402
89	0.046	-0.980	17.600
90	0.046	-0.980	17.800
91	0.046	-0.980	18.001
92	0.046	-0.980	18.200
93	0.046	-0.980	18.401
94	0.046	-0.980	18.601
95	0.046	-0.980	18.800
96	0.046	-0.980	19.001
97	0.046	-0.980	19.201
98	0.046	-0.980	19.401
99	0.046	-0.980	19.601
100	0.046	-0.980	19.801
101	0.046	-0.980	20.000
102	0.046	-0.980	20.201
103	0.046	-0.980	20.401
104	0.046	-0.980	20.601
105	0.046	-0.980	20.800
106	0.046	-0.980	21.001
107	0.046	-0.980	21.208
108	0.046	-0.980	21.402
109	0.046	-0.980	21.601
110	0.046	-0.980	21.801
111	0.046	-0.980	22.002
112	0.046	-0.980	22.202
113	0.046	-0.980	22.401
114	0.046	-0.980	22.601
115	0.046	-0.980	22.801
116	0.046	-0.980	23.000
117	0.046	-0.980	23.201
118	0.046	-0.980	23.400
119	0.046	-0.980	23.600
120	0.046	-0.980	23.801
121	0.046	-0.980	24.001
122	0.046	-0.980	24.200
123	0.046	-0.980	24.401
124	0.046	-0.980	24.600
125	0.046	-0.980	24.800
126	0.046	-0.980	25.001
127	0.046	-0.980	25.201
128	0.046	-0.980	25.400
129	0.046	-0.980	25.600
130	0.046	-0.980	25.801
131	0.046	-0.980	26.002
132	0.046	-0.980	26.201
133	0.046	-0.980	26.400
134	0.046	-0.980	26.601
135	0.046	-0.980	26.800
136	0.046	-0.980	27.001
137	0.046	-0.980	27.201
138	0.046	-0.980	27.400
139	0.046	-0.980	27.601
140	0.046	-0.980	27.801
141	0.046	-0.980	28.001
142	0.046	-0.980	28.200
143	0.046	-0.980	28.401
144	0.046	-0.980	28.601
145	0.046	-0.980	28.801
146	0.046	-0.980	29.001
147	0.046	-0.980	29.201
148	0.046	-0.980	29.400
149	0.046	-0.980	29.600
150	0.046	-0.980	29.801
151	0.046	-0.980	30.001
152	0.046	-0.980	30.200
153	0.046	-0.980	30.401
154	0.046	-0.980	30.601
155	0.046	-0.980	30.801
156	0.046	-0.980	31.000
157	0.046	-0.980	31.201
158	0.046	-0.980	31.400
159	0.046	-0.980	31.600
160	0.046	-0.980	31.801
161	0.046	-0.980	32.002
162	0.046	-0.980	32.200
163	0.046	-0.980	32.400
164	0.046	-0.980	32.600
165	0.046	-0.980	32.801
166	0.046	-0.980	33.001
167	0.046	-0.980	33.201
168	0.046	-0.980	33.400
169	0.046	-0.980	33.600
170	0.046	-0.980	33.800
171	0.046	-0.980	34.001
172	0.046	-0.980	34.200
173	0.046	-0.980	34.401
174	0.046	-0.980	34.601
175	0.046	-0.980	34.800
176	0.046	-0.980	35.002
177	0.046	-0.980	35.200
178	0.046	-0.980	35.401
179	0.046	-0.980	35.601
180	0.046	-0.980	35.800
181	0.046	-0.980	36.000
182	0.046	-0.980	36.201
183	0.046	-0.980	36.401
184	0.046	-0.980	36.603
185	0.046	-0.980	36.800
186	0.046	-0.980	37.001
187	0.046	-0.980	37.200
188	0.046	-0.980	37.400
189	0.046	-0.980	37.601
190	0.046	-0.980	37.800
191	0.046	-0.980	38.002
192	0.046	-0.980	38.202
193	0.046	-0.980	38.401
194	0.046	-0.980	38.600
195	0.046	-0.980	38.801
196	0.046	-0.980	39.001
197	0.046	-0.980	39.201
198	0.046	-0.980	39.400
199	0.046	-0.980	39.600
200	0.046	-0.980	39.800
201	0.046	-0.980	40.001
202	0.046	-0.980	40.202
203	0.046	-0.980	40.400
204	0.046	-0.980	40.600
205	0.046	-0.980	40.801
206	0.046	-0.980	41.000
207	0.046	-0.980	41.201
208	0.046	-0.980	41.400
209	0.038	-0.920	41.600
210	0.036	-0.860	41.801
211	0.028	-0.780	42.000
212	0.024	-0.720	42.200
213	0.018	-0.660	42.400
214	0.016	-0.600	42.600
215	0.010	-0.520	42.800
216	0.010	-0.440	43.000
217	0.010	-0.400	43.200
218	0.008	-0.320	43.401
219	0.004	-0.260	43.601
220	0.002	-0.200	43.800
221	0.002	-0.140	44.001
222	0.000	-0.060	44.200
223	0.004	0.000	44.401
224	0.000	0.020	44.601
225	-0.002	0.100	44.800
226	0.000	0.160	45.000
227	0.000	0.220	45.201
228	0.004	0.300	45.401
229	0.000	0.340	45.600
230	0.000	0.420	45.801
231	0.000	0.500	46.000
232	0.002	0.580	46.200
233	0.000	0.620	46.400
234	0.002	0.700	46.600
235	0.002	0.780	46.800
236	-0.002	0.820	47.001
237	0.002	0.900	47.200
238	0.002	0.960	47.400
239	0.000	0.980	47.600
240	0.000	0.980	47.801
241	0.000	0.980	48.000
242	0.000	0.980	48.200
243	0.000	0.980	48.400
244	0.000	0.980	48.601
245	0.000	0.980	48.801
246	0.000	0.980	49.001
247	0.000	0.980	49.201
248	0.000	0.980	49.400
249	0.000	0.980	49.601
250	0.000	0.980	49.800
251	0.000	0.980	50.001
252	0.000	0.980	50.201
253	0.000	0.980	50.401
254	0.000	0.980	50.601
255	0.000	0.980	50.800
256	0.000	0.980	51.000
257	0.000	0.980	51.200
258	0.000	0.980	51.400
259	0.000	0.980	51.600
260	0.000	0.980	51.800
261	0.000	0.980	52.001
262	0.000	0.980	52.200
263	0.000	0.980	52.401
264	0.000	0.980	52.600
265	0.000	0.980	52.800
266	0.000	0.980	53.000
