27/06/2025  1:55 PM
Units: N
Readings: Continuous
X-Axis: Travel
Travel Unit: mm
Reading	Load	Travel	Time
1	0.002	0.980	0.000
2	0.002	0.980	0.106
3	0.000	0.980	0.123
4	0.002	0.980	0.181
5	0.000	0.980	0.199
6	0.000	0.980	0.246
7	0.000	0.980	0.265
8	0.002	0.980	0.312
9	0.002	0.980	0.329
10	0.002	0.980	0.381
11	0.002	0.980	0.400
12	0.002	0.980	0.454
13	0.000	0.980	0.471
14	0.002	0.980	0.534
15	0.000	0.980	0.552
16	0.002	0.980	0.619
17	0.002	0.980	0.639
18	0.002	0.980	0.710
19	0.002	0.980	0.728
20	0.000	0.980	0.800
21	0.000	0.980	0.820
22	0.002	0.980	0.893
23	0.002	0.980	0.911
24	0.000	0.980	0.994
25	0.002	0.980	1.012
26	0.002	0.980	1.092
27	0.002	0.980	1.110
28	0.002	0.980	1.192
29	0.002	0.980	1.210
30	0.002	0.980	1.300
31	0.002	0.980	1.319
32	0.002	0.980	1.406
33	0.002	0.980	1.424
34	0.002	0.980	1.508
35	0.002	0.980	1.525
36	0.000	0.980	1.605
37	0.002	0.980	1.623
38	0.002	0.980	1.706
39	0.002	0.980	1.723
40	0.000	0.980	1.809
41	0.000	0.980	1.827
42	0.002	0.980	1.919
43	0.002	0.980	1.939
44	0.002	0.980	2.019
45	0.002	0.980	2.039
46	0.000	0.980	2.121
47	0.000	0.980	2.139
48	0.002	0.980	2.219
49	0.002	0.980	2.239
50	0.002	0.980	2.321
51	0.000	0.980	2.339
52	0.002	0.980	2.420
53	0.002	0.980	2.439
54	0.002	0.980	2.512
55	0.002	0.980	2.529
56	0.002	0.980	2.609
57	0.002	0.980	2.627
58	0.000	0.980	2.699
59	0.002	0.980	2.719
60	0.002	0.980	2.799
61	0.000	0.980	2.819
62	0.002	0.980	2.894
63	0.000	0.980	2.911
64	0.002	0.980	2.987
65	0.002	0.980	3.005
66	0.002	0.980	3.079
67	0.002	0.980	3.099
68	0.002	0.980	3.173
69	0.002	0.980	3.190
70	0.002	0.980	3.260
71	0.002	0.980	3.279
72	0.000	0.980	3.359
73	0.002	0.980	3.379
74	0.002	0.980	3.451
75	0.002	0.980	3.469
76	0.002	0.980	3.539
77	0.002	0.980	3.559
78	0.000	0.980	3.629
79	0.002	0.980	3.646
80	0.002	0.980	3.723
81	0.002	0.980	3.739
82	0.002	0.980	3.822
83	0.002	0.980	3.839
84	0.000	0.980	3.913
85	0.002	0.980	3.930
86	0.000	0.980	4.007
87	0.000	0.980	4.024
88	0.000	0.980	4.099
89	0.002	0.980	4.119
90	0.000	0.980	4.191
91	0.002	0.980	4.208
92	0.000	0.980	4.285
93	0.002	0.980	4.302
94	0.002	0.980	4.379
95	0.002	0.980	4.400
96	0.000	0.980	4.479
97	0.002	0.980	4.499
98	0.000	0.960	4.748
99	0.000	0.960	4.762
100	0.000	0.960	4.840
101	0.000	0.960	4.859
102	0.002	0.920	4.930
103	0.002	0.920	4.944
104	0.000	0.880	5.021
105	0.002	0.880	5.040
106	0.000	0.860	5.120
107	0.000	0.860	5.139
108	0.002	0.820	5.219
109	0.000	0.820	5.239
110	0.004	0.780	5.319
111	0.004	0.780	5.340
112	0.002	0.760	5.419
113	0.002	0.760	5.439
114	0.002	0.720	5.519
115	0.002	0.720	5.539
116	0.000	0.700	5.619
117	0.000	0.680	5.639
118	0.000	0.660	5.719
119	0.002	0.660	5.740
120	0.000	0.620	5.819
121	0.000	0.620	5.839
122	0.002	0.600	5.922
123	0.000	0.600	5.939
124	0.002	0.540	6.020
125	0.002	0.540	6.039
126	0.002	0.520	6.120
127	0.002	0.520	6.140
128	0.000	0.500	6.210
129	0.000	0.500	6.224
130	0.000	0.480	6.299
131	0.000	0.480	6.319
132	0.002	0.440	6.400
133	0.000	0.420	6.419
134	0.002	0.400	6.500
135	0.002	0.400	6.519
136	0.002	0.380	6.600
137	0.002	0.380	6.619
138	0.000	0.340	6.699
139	0.002	0.320	6.719
140	0.000	0.300	6.799
141	0.000	0.300	6.819
142	0.002	0.260	6.900
143	0.000	0.260	6.919
144	0.002	0.220	6.999
145	0.002	0.220	7.019
146	0.002	0.200	7.099
147	0.002	0.200	7.120
148	0.000	0.160	7.200
149	0.002	0.160	7.219
150	0.002	0.120	7.300
151	0.002	0.120	7.319
152	0.000	0.100	7.399
153	0.002	0.100	7.419
154	0.000	0.060	7.499
155	0.000	0.060	7.519
156	0.004	0.020	7.599
157	0.000	0.020	7.619
158	0.002	0.000	7.689
159	0.002	0.000	7.703
160	0.002	0.000	7.781
161	0.002	0.000	7.799
162	0.000	-0.020	7.879
163	0.000	-0.020	7.899
164	0.000	-0.060	7.981
165	0.002	-0.060	7.999
166	0.000	-0.100	8.080
167	0.000	-0.100	8.099
168	0.002	-0.120	8.180
169	0.002	-0.120	8.200
170	0.006	-0.160	8.279
171	0.006	-0.160	8.300
172	0.006	-0.200	8.383
173	0.006	-0.200	8.399
174	0.006	-0.220	8.480
175	0.006	-0.240	8.500
176	0.008	-0.260	8.580
177	0.006	-0.260	8.600
178	0.008	-0.300	8.679
179	0.008	-0.300	8.699
180	0.010	-0.320	8.780
181	0.012	-0.340	8.801
182	0.014	-0.380	8.890
183	0.014	-0.380	8.904
184	0.016	-0.400	8.983
185	0.016	-0.400	9.000
186	0.014	-0.420	9.079
187	0.016	-0.420	9.099
188	0.016	-0.440	9.179
189	0.016	-0.440	9.200
190	0.020	-0.500	9.279
191	0.018	-0.500	9.299
192	0.022	-0.520	9.380
193	0.022	-0.520	9.400
194	0.024	-0.540	9.479
195	0.026	-0.540	9.500
196	0.028	-0.600	9.580
197	0.028	-0.600	9.600
198	0.030	-0.620	9.679
199	0.030	-0.620	9.700
200	0.030	-0.660	9.785
201	0.032	-0.660	9.799
202	0.034	-0.680	9.883
203	0.034	-0.680	9.900
204	0.038	-0.720	9.979
205	0.036	-0.720	10.000
206	0.040	-0.760	10.100
207	0.040	-0.760	10.119
208	0.046	-0.780	10.199
209	0.046	-0.800	10.219
210	0.048	-0.820	10.301
211	0.048	-0.820	10.320
212	0.048	-0.860	10.400
213	0.048	-0.860	10.419
214	0.050	-0.880	10.500
215	0.052	-0.880	10.519
216	0.052	-0.920	10.600
217	0.054	-0.920	10.619
218	0.058	-0.960	10.691
219	0.058	-0.960	10.704
220	0.062	-0.980	10.800
221	0.062	-0.980	10.819
222	0.060	-0.980	10.899
223	0.060	-0.980	10.919
224	0.060	-0.980	11.000
225	0.060	-0.980	11.019
226	0.060	-0.980	11.099
227	0.060	-0.980	11.120
228	0.060	-0.980	11.199
229	0.060	-0.980	11.219
230	0.060	-0.980	11.299
231	0.060	-0.980	11.320
232	0.060	-0.980	11.400
233	0.060	-0.980	11.419
234	0.060	-0.980	11.500
235	0.060	-0.980	11.519
236	0.060	-0.980	11.599
237	0.060	-0.980	11.620
238	0.060	-0.980	11.689
239	0.060	-0.980	11.703
240	0.060	-0.980	11.783
241	0.060	-0.980	11.800
242	0.060	-0.980	11.879
243	0.060	-0.980	11.899
244	0.060	-0.980	11.968
245	0.060	-0.980	11.982
246	0.058	-0.980	12.061
247	0.058	-0.980	12.080
248	0.058	-0.980	12.179
249	0.058	-0.980	12.199
250	0.058	-0.980	12.279
251	0.058	-0.980	12.299
252	0.058	-0.980	12.380
253	0.058	-0.980	12.400
254	0.058	-0.980	12.480
255	0.058	-0.980	12.499
256	0.058	-0.980	12.579
257	0.058	-0.980	12.600
258	0.058	-0.980	12.679
259	0.058	-0.980	12.699
260	0.058	-0.980	12.779
261	0.058	-0.980	12.799
262	0.058	-0.980	12.879
263	0.058	-0.980	12.899
264	0.058	-0.980	12.979
265	0.058	-0.980	12.999
266	0.058	-0.980	13.079
267	0.058	-0.980	13.099
268	0.058	-0.980	13.180
269	0.058	-0.980	13.199
270	0.058	-0.980	13.280
271	0.058	-0.980	13.300
272	0.058	-0.980	13.379
273	0.058	-0.980	13.400
274	0.058	-0.980	13.479
275	0.058	-0.980	13.500
276	0.058	-0.980	13.579
277	0.058	-0.980	13.599
278	0.058	-0.980	13.679
279	0.058	-0.980	13.699
280	0.058	-0.980	13.767
281	0.058	-0.980	13.781
282	0.058	-0.980	13.859
283	0.058	-0.980	13.880
284	0.058	-0.980	13.959
285	0.058	-0.980	13.979
286	0.058	-0.980	14.045
287	0.058	-0.980	14.059
288	0.058	-0.980	14.143
289	0.058	-0.980	14.159
290	0.058	-0.980	14.247
291	0.058	-0.980	14.263
292	0.058	-0.980	14.339
293	0.058	-0.980	14.359
294	0.058	-0.980	14.429
295	0.058	-0.980	14.443
296	0.058	-0.980	14.520
297	0.058	-0.980	14.540
298	0.058	-0.980	14.608
299	0.058	-0.980	14.622
300	0.058	-0.980	14.700
301	0.058	-0.980	14.719
302	0.058	-0.980	14.799
303	0.058	-0.980	14.819
304	0.058	-0.980	14.888
305	0.058	-0.980	14.902
306	0.058	-0.980	14.979
307	0.058	-0.980	15.000
308	0.058	-0.980	15.070
309	0.058	-0.980	15.084
310	0.058	-0.980	15.159
311	0.058	-0.980	15.179
312	0.058	-0.980	15.259
313	0.058	-0.980	15.279
314	0.058	-0.980	15.359
315	0.058	-0.980	15.379
316	0.058	-0.980	15.459
317	0.058	-0.980	15.479
318	0.058	-0.980	15.559
319	0.058	-0.980	15.580
320	0.058	-0.980	15.659
321	0.058	-0.980	15.679
322	0.058	-0.980	15.759
323	0.058	-0.980	15.779
324	0.058	-0.980	15.849
325	0.058	-0.980	15.863
326	0.056	-0.960	15.943
327	0.056	-0.960	15.959
328	0.054	-0.920	16.039
329	0.054	-0.920	16.060
330	0.050	-0.900	16.140
331	0.050	-0.880	16.159
332	0.048	-0.860	16.252
333	0.042	-0.860	16.267
334	0.040	-0.820	16.359
335	0.040	-0.820	16.379
336	0.040	-0.780	16.460
337	0.038	-0.780	16.482
338	0.038	-0.760	16.560
339	0.038	-0.760	16.579
340	0.036	-0.720	16.659
341	0.032	-0.720	16.680
342	0.032	-0.700	16.760
343	0.032	-0.680	16.779
344	0.028	-0.660	16.859
345	0.030	-0.660	16.880
346	0.024	-0.620	16.959
347	0.024	-0.620	16.979
348	0.024	-0.600	17.059
349	0.024	-0.600	17.079
350	0.022	-0.580	17.159
351	0.022	-0.540	17.179
352	0.022	-0.520	17.260
353	0.022	-0.520	17.279
354	0.018	-0.500	17.359
355	0.018	-0.500	17.380
356	0.014	-0.480	17.459
357	0.014	-0.440	17.479
358	0.014	-0.440	17.559
359	0.012	-0.420	17.579
360	0.012	-0.400	17.659
361	0.012	-0.400	17.679
362	0.012	-0.380	17.759
363	0.010	-0.380	17.779
364	0.010	-0.340	17.859
365	0.010	-0.320	17.879
366	0.006	-0.300	17.959
367	0.010	-0.300	17.979
368	0.008	-0.260	18.059
369	0.008	-0.260	18.080
370	0.004	-0.240	18.159
371	0.004	-0.240	18.180
372	0.004	-0.220	18.259
373	0.002	-0.200	18.279
374	0.002	-0.160	18.360
375	0.002	-0.160	18.380
376	0.002	-0.140	18.461
377	0.002	-0.120	18.479
378	0.002	-0.100	18.559
379	0.002	-0.100	18.580
380	0.000	-0.060	18.659
381	0.002	-0.060	18.679
382	0.002	-0.040	18.759
383	0.002	-0.020	18.779
384	0.000	0.000	18.859
385	0.000	0.000	18.879
386	0.002	0.000	18.960
387	0.000	0.000	18.979
388	0.002	0.020	19.059
389	0.002	0.020	19.079
390	0.000	0.060	19.159
391	0.002	0.060	19.179
392	0.002	0.100	19.260
393	0.002	0.100	19.279
394	0.000	0.120	19.359
395	0.000	0.120	19.380
396	0.000	0.160	19.459
397	0.000	0.160	19.480
398	0.004	0.200	19.559
399	0.000	0.200	19.580
400	0.004	0.220	19.659
401	0.004	0.220	19.680
402	0.002	0.260	19.759
403	0.002	0.260	19.779
404	0.000	0.300	19.859
405	0.004	0.300	19.880
406	0.000	0.320	19.959
407	0.000	0.340	19.979
408	0.002	0.380	20.060
409	0.000	0.380	20.079
410	0.002	0.400	20.160
411	0.002	0.400	20.179
412	0.002	0.440	20.259
413	0.002	0.440	20.279
414	0.002	0.480	20.359
415	0.002	0.480	20.379
416	0.002	0.500	20.465
417	0.002	0.500	20.479
418	0.000	0.540	20.568
419	0.002	0.540	20.581
420	0.000	0.580	20.665
421	0.000	0.580	20.679
422	0.004	0.600	20.766
423	-0.002	0.600	20.780
424	0.002	0.620	20.879
425	0.000	0.660	20.900
426	0.002	0.680	20.983
427	0.002	0.680	20.999
428	0.000	0.700	21.080
429	0.004	0.700	21.100
430	0.002	0.720	21.179
431	0.002	0.720	21.200
432	0.000	0.780	21.279
433	0.000	0.780	21.299
434	0.000	0.800	21.379
435	0.000	0.800	21.400
436	0.000	0.820	21.481
437	0.000	0.860	21.499
438	0.004	0.880	21.579
439	0.000	0.880	21.599
440	0.002	0.900	21.679
441	0.002	0.900	21.699
442	-0.002	0.920	21.779
443	0.004	0.960	21.799
444	0.000	0.960	21.879
445	0.000	0.980	21.900
446	0.002	0.980	21.980
447	0.002	0.980	21.999
448	0.002	0.980	22.079
449	0.002	0.980	22.099
450	0.002	0.980	22.179
451	0.002	0.980	22.199
452	0.002	0.980	22.279
453	0.002	0.980	22.299
454	0.002	0.980	22.380
455	0.002	0.980	22.400
456	0.000	0.980	22.479
457	0.000	0.980	22.499
458	0.000	0.980	22.585
459	0.000	0.980	22.600
460	0.002	0.980	22.679
461	0.002	0.980	22.699
462	0.002	0.980	22.780
463	0.002	0.980	22.799
464	0.000	0.980	22.880
465	0.002	0.980	22.899
466	0.002	0.980	22.980
467	0.002	0.980	23.000
468	0.002	0.980	23.085
469	0.002	0.980	23.099
470	0.002	0.980	23.179
471	0.000	0.980	23.200
472	0.002	0.980	23.279
473	0.002	0.980	23.299
474	0.002	0.980	23.380
475	0.002	0.980	23.400
476	0.000	0.980	23.479
477	0.000	0.980	23.500
478	0.002	0.980	23.579
479	0.002	0.980	23.599
480	0.000	0.980	23.680
481	0.000	0.980	23.700
482	0.002	0.980	23.779
483	0.002	0.980	23.800
484	0.000	0.980	23.879
485	0.002	0.980	23.900
486	0.000	0.980	23.979
487	0.000	0.980	23.999
488	0.000	0.980	24.079
489	0.002	0.980	24.100
490	0.002	0.980	24.179
491	0.002	0.980	24.200
492	0.002	0.980	24.280
493	0.000	0.980	24.300
494	0.000	0.980	24.379
495	0.000	0.980	24.399
496	0.002	0.980	24.480
497	0.002	0.980	24.500
498	0.002	0.980	24.581
499	0.002	0.980	24.599
500	0.002	0.980	24.689
501	0.002	0.980	24.703
502	0.002	0.980	24.785
503	0.002	0.980	24.800
504	0.002	0.980	24.883
505	0.002	0.980	24.899
506	0.000	0.980	24.982
507	0.002	0.980	24.999
508	0.002	0.980	25.080
509	0.002	0.980	25.099
510	0.002	0.980	25.179
511	0.002	0.980	25.200
512	0.002	0.980	25.279
513	0.002	0.980	25.299
514	0.002	0.980	25.379
515	0.002	0.980	25.400
516	0.002	0.980	25.479
517	0.002	0.980	25.499
518	0.002	0.980	25.579
519	0.002	0.980	25.600
520	0.002	0.980	25.679
521	0.002	0.980	25.700
522	0.002	0.980	25.779
523	0.002	0.980	25.800
524	0.002	0.980	25.880
525	0.002	0.980	25.900
526	0.002	0.980	25.979
527	0.002	0.980	25.999
528	0.002	0.980	26.079
529	0.000	0.980	26.100
530	0.000	0.980	26.181
531	0.000	0.980	26.199
532	0.002	0.980	26.281
533	0.002	0.980	26.299
534	0.002	0.980	26.380
535	0.002	0.980	26.399
536	0.000	0.980	26.479
537	0.000	0.980	26.499
538	0.002	0.980	26.579
539	0.002	0.980	26.600
540	0.002	0.980	26.679
541	0.002	0.980	26.699
542	0.002	0.980	26.783
543	0.002	0.980	26.800
544	0.000	0.980	26.879
545	0.000	0.980	26.899
546	0.002	0.980	26.979
547	0.002	0.980	26.999
548	0.002	0.980	27.079
