27/06/2025  2:43 PM
Units: N
Readings: Continuous
X-Axis: Travel
Travel Unit: mm
Reading	Load	Travel	Time
1	0.000	0.980	0.000
2	0.000	0.980	0.201
3	0.000	0.980	0.400
4	0.000	0.980	0.600
5	0.000	0.980	0.801
6	0.000	0.980	1.001
7	0.000	0.980	1.201
8	0.000	0.980	1.401
9	0.000	0.980	1.601
10	0.000	0.980	1.802
11	0.000	0.980	2.002
12	0.000	0.980	2.204
13	0.000	0.980	2.400
14	0.000	0.980	2.600
15	0.000	0.980	2.801
16	0.000	0.980	3.000
17	0.000	0.980	3.201
18	0.000	0.960	3.401
19	0.002	0.960	3.601
20	0.000	0.880	3.801
21	0.002	0.820	4.000
22	0.000	0.760	4.201
23	0.002	0.700	4.404
24	0.002	0.620	4.601
25	0.000	0.540	4.801
26	-0.002	0.500	5.001
27	0.004	0.420	5.201
28	0.002	0.340	5.400
29	0.000	0.300	5.601
30	0.002	0.220	5.801
31	0.000	0.140	6.001
32	-0.002	0.060	6.201
33	0.000	0.020	6.401
34	0.004	-0.020	6.602
35	0.000	-0.060	6.800
36	0.000	-0.140	7.000
37	0.004	-0.220	7.202
38	0.004	-0.260	7.400
39	0.006	-0.340	7.600
40	0.012	-0.400	7.801
41	0.014	-0.480	8.001
42	0.014	-0.520	8.200
43	0.018	-0.600	8.401
44	0.022	-0.680	8.601
45	0.028	-0.720	8.801
46	0.032	-0.800	9.001
47	0.040	-0.860	9.200
48	0.042	-0.920	9.401
49	0.050	-0.980	9.601
50	0.050	-0.980	9.801
51	0.050	-0.980	10.001
52	0.048	-0.980	10.200
53	0.048	-0.980	10.401
54	0.048	-0.980	10.601
55	0.048	-0.980	10.802
56	0.048	-0.980	11.000
57	0.048	-0.980	11.201
58	0.048	-0.980	11.401
59	0.048	-0.980	11.600
60	0.048	-0.980	11.801
61	0.048	-0.980	12.001
62	0.048	-0.980	12.200
63	0.048	-0.980	12.401
64	0.048	-0.980	12.601
65	0.048	-0.980	12.801
66	0.048	-0.980	13.001
67	0.048	-0.980	13.206
68	0.048	-0.980	13.400
69	0.048	-0.980	13.601
70	0.048	-0.980	13.801
71	0.048	-0.980	14.001
72	0.048	-0.980	14.201
73	0.048	-0.980	14.400
74	0.048	-0.980	14.601
75	0.040	-0.920	14.801
76	0.036	-0.860	15.000
77	0.030	-0.780	15.200
78	0.028	-0.720	15.400
79	0.020	-0.660	15.601
80	0.018	-0.600	15.800
81	0.012	-0.520	16.000
82	0.012	-0.440	16.201
83	0.008	-0.400	16.401
84	0.008	-0.320	16.601
85	0.006	-0.260	16.802
86	0.000	-0.200	17.001
87	0.002	-0.140	17.200
88	0.002	-0.060	17.401
89	0.000	-0.020	17.600
90	0.002	0.020	17.802
91	0.002	0.100	18.001
92	-0.002	0.160	18.202
93	0.000	0.220	18.400
94	0.004	0.300	18.600
95	0.000	0.340	18.802
96	0.000	0.420	19.001
97	0.004	0.500	19.200
98	0.002	0.540	19.400
99	-0.002	0.620	19.601
100	0.002	0.700	19.801
101	0.000	0.780	20.001
102	0.000	0.820	20.200
103	0.000	0.900	20.400
104	0.000	0.960	20.600
105	0.000	0.980	20.800
106	0.000	0.980	21.000
107	0.000	0.980	21.201
108	0.000	0.980	21.401
109	0.002	0.980	21.601
110	0.000	0.980	21.801
111	0.004	0.920	22.001
112	0.000	0.860	22.200
113	0.000	0.780	22.400
114	0.002	0.720	22.601
115	-0.002	0.660	22.800
116	0.000	0.580	23.001
117	0.004	0.500	23.201
118	0.000	0.440	23.400
119	-0.002	0.380	23.601
120	0.000	0.300	23.801
121	0.002	0.240	24.000
122	-0.002	0.160	24.200
123	0.002	0.120	24.401
124	0.002	0.040	24.601
125	0.000	0.000	24.801
126	0.000	-0.060	25.001
127	0.002	-0.120	25.200
128	0.004	-0.200	25.401
129	0.004	-0.240	25.600
130	0.006	-0.300	25.801
131	0.010	-0.380	26.000
132	0.010	-0.440	26.200
133	0.014	-0.500	26.400
134	0.018	-0.580	26.601
135	0.022	-0.620	26.802
136	0.024	-0.700	27.000
137	0.028	-0.780	27.200
138	0.038	-0.820	27.400
139	0.042	-0.900	27.600
140	0.046	-0.960	27.800
141	0.050	-0.980	28.000
142	0.048	-0.980	28.200
143	0.048	-0.980	28.401
144	0.048	-0.980	28.601
145	0.048	-0.980	28.800
146	0.048	-0.980	29.000
147	0.048	-0.980	29.200
148	0.048	-0.980	29.400
149	0.048	-0.980	29.602
150	0.048	-0.980	29.801
151	0.048	-0.980	30.001
152	0.048	-0.980	30.200
153	0.048	-0.980	30.400
154	0.048	-0.980	30.600
155	0.048	-0.980	30.801
156	0.048	-0.980	31.000
157	0.048	-0.980	31.202
158	0.048	-0.980	31.401
159	0.048	-0.980	31.600
160	0.048	-0.980	31.800
161	0.048	-0.980	32.001
162	0.048	-0.980	32.201
163	0.048	-0.980	32.400
164	0.048	-0.980	32.601
165	0.048	-0.980	32.801
166	0.048	-0.980	33.000
167	0.042	-0.920	33.201
168	0.036	-0.860	33.401
169	0.034	-0.800	33.600
170	0.024	-0.720	33.800
171	0.018	-0.680	34.001
172	0.014	-0.600	34.201
173	0.014	-0.520	34.400
174	0.010	-0.480	34.600
175	0.010	-0.400	34.801
176	0.010	-0.340	35.001
177	0.004	-0.260	35.200
178	0.002	-0.220	35.401
179	0.002	-0.140	35.600
180	0.002	-0.060	35.801
181	0.002	-0.020	36.000
182	0.002	0.020	36.200
183	-0.002	0.060	36.401
184	0.000	0.140	36.601
185	0.004	0.220	36.800
186	0.002	0.260	37.000
187	0.000	0.340	37.201
188	0.000	0.420	37.401
189	0.000	0.500	37.601
190	-0.004	0.540	37.800
191	0.002	0.620	38.001
192	0.000	0.680	38.201
193	0.002	0.760	38.400
194	0.000	0.820	38.602
195	0.000	0.900	38.801
196	0.002	0.960	39.001
197	0.000	0.980	39.200
198	0.000	0.980	39.401
199	0.000	0.980	39.601
200	0.002	0.980	39.801
201	0.000	0.980	40.000
202	0.000	0.980	40.201
203	0.000	0.920	40.401
204	0.000	0.860	40.601
205	0.000	0.780	40.801
206	0.000	0.720	41.001
207	0.004	0.660	41.201
208	0.000	0.600	41.400
209	0.000	0.520	41.601
210	0.000	0.440	41.801
211	0.002	0.380	42.001
212	0.002	0.320	42.201
213	0.000	0.240	42.401
214	0.002	0.200	42.601
215	-0.002	0.120	42.801
216	0.000	0.040	43.002
217	0.002	0.000	43.201
218	0.002	-0.040	43.401
219	0.002	-0.120	43.602
220	0.000	-0.160	43.800
221	0.004	-0.240	44.001
222	0.004	-0.300	44.201
223	0.008	-0.380	44.401
224	0.012	-0.440	44.600
225	0.014	-0.500	44.801
226	0.016	-0.580	45.000
227	0.018	-0.620	45.200
228	0.026	-0.700	45.400
229	0.030	-0.760	45.600
230	0.034	-0.820	45.800
231	0.042	-0.900	46.001
232	0.046	-0.960	46.200
233	0.050	-0.980	46.401
234	0.048	-0.980	46.600
235	0.048	-0.980	46.801
236	0.048	-0.980	47.000
237	0.048	-0.980	47.201
238	0.048	-0.980	47.400
239	0.048	-0.980	47.600
240	0.048	-0.980	47.801
241	0.048	-0.980	48.001
242	0.048	-0.980	48.201
243	0.048	-0.980	48.401
244	0.048	-0.980	48.600
245	0.048	-0.980	48.801
246	0.048	-0.980	49.000
247	0.048	-0.980	49.200
248	0.046	-0.980	49.400
249	0.048	-0.980	49.601
250	0.048	-0.980	49.801
251	0.046	-0.980	50.001
252	0.048	-0.980	50.200
253	0.048	-0.980	50.401
254	0.048	-0.980	50.600
255	0.046	-0.980	50.801
256	0.046	-0.980	51.001
257	0.048	-0.980	51.201
258	0.046	-0.980	51.401
259	0.046	-0.920	51.601
260	0.036	-0.880	51.801
261	0.032	-0.800	52.001
262	0.028	-0.720	52.201
263	0.020	-0.680	52.401
264	0.016	-0.600	52.600
265	0.016	-0.540	52.801
266	0.012	-0.480	53.001
267	0.006	-0.400	53.200
268	0.008	-0.340	53.400
269	0.008	-0.260	53.601
270	0.004	-0.220	53.800
271	0.000	-0.160	54.001
272	0.004	-0.100	54.200
273	0.000	-0.020	54.401
274	0.000	0.000	54.601
275	0.002	0.060	54.801
276	0.000	0.140	55.000
277	0.000	0.220	55.202
278	0.000	0.260	55.400
279	0.002	0.340	55.600
280	0.000	0.400	55.801
281	0.004	0.480	56.001
282	0.000	0.540	56.202
283	0.000	0.620	56.401
284	0.000	0.680	56.601
285	0.000	0.760	56.800
286	0.004	0.820	57.000
287	0.000	0.880	57.200
288	-0.002	0.960	57.400
289	0.000	0.980	57.600
290	0.000	0.980	57.801
291	0.000	0.980	58.001
292	0.000	0.980	58.200
293	0.000	0.980	58.400
294	0.000	0.980	58.600
295	0.000	0.980	58.801
296	0.000	0.980	59.001
297	0.000	0.980	59.201
298	0.000	0.980	59.400
299	0.000	0.980	59.601
300	0.000	0.980	59.800
301	0.000	0.980	60.000
302	0.000	0.980	60.201
303	0.000	0.980	60.400
304	0.000	0.980	60.600
