17/07/2025  3:36 PM
Units: N
Readings: Continuous
X-Axis: Travel
Travel Unit: mm
Reading	Load	Travel	Time
1	0.0014	0.000	0.000
2	0.0020	0.000	0.102
3	-0.0012	0.000	0.120
4	-0.0008	0.000	0.180
5	-0.0002	0.000	0.200
6	-0.0002	0.000	0.240
7	0.0008	0.000	0.260
8	0.0002	0.000	0.302
9	0.0002	0.000	0.320
10	0.0016	0.000	0.364
11	-0.0006	0.000	0.380
12	0.0008	0.000	0.440
13	0.0018	0.000	0.460
14	0.0020	0.000	0.520
15	0.0020	0.000	0.540
16	0.0014	0.000	0.620
17	0.0020	0.000	0.640
18	0.0006	0.000	0.700
19	0.0022	0.000	0.721
20	0.0002	0.000	0.787
21	0.0006	0.000	0.800
22	0.0026	0.000	0.880
23	0.0014	0.000	0.900
24	0.0024	0.000	0.980
25	0.0002	0.000	1.000
26	0.0024	0.000	1.082
27	0.0000	0.000	1.101
28	-0.0010	0.000	1.180
29	-0.0014	0.000	1.201
30	-0.0014	0.000	1.280
31	-0.0010	0.000	1.300
32	0.0002	0.000	1.380
33	-0.0002	0.000	1.400
34	0.0004	0.000	1.481
35	0.0002	0.000	1.500
36	0.0010	0.000	1.585
37	-0.0004	0.000	1.601
38	-0.0006	0.000	1.681
39	0.0018	0.000	1.700
40	0.0016	0.000	1.781
41	0.0016	0.000	1.800
42	0.0012	0.000	1.880
43	0.0016	0.000	1.900
44	0.0018	0.000	1.980
45	0.0016	0.000	2.001
46	-0.0002	0.000	2.088
47	0.0008	0.000	2.101
48	0.0024	0.000	2.180
49	0.0012	0.000	2.201
50	-0.0006	0.000	2.280
51	-0.0006	0.000	2.301
52	-0.0008	0.000	2.369
53	0.0028	0.000	2.380
54	0.0028	0.000	2.460
55	-0.0014	0.000	2.480
56	-0.0020	-0.020	2.690
57	-0.0020	-0.020	2.700
58	-0.0002	-0.020	2.782
59	-0.0002	-0.020	2.800
60	0.0016	-0.060	2.881
61	0.0016	-0.060	2.901
62	0.0032	-0.100	2.980
63	0.0044	-0.100	3.000
64	0.0036	-0.120	3.101
65	0.0036	-0.140	3.120
66	0.0046	-0.160	3.220
67	0.0046	-0.160	3.240
68	-0.0108	-0.220	3.323
69	-0.0070	-0.220	3.341
70	0.0140	-0.240	3.420
71	0.0140	-0.240	3.441
72	0.0176	-0.260	3.520
73	0.0188	-0.260	3.540
74	0.0362	-0.320	3.641
75	0.0170	-0.320	3.660
76	0.0176	-0.340	3.740
77	0.0176	-0.340	3.760
78	0.0030	-0.380	3.840
79	0.0020	-0.400	3.861
80	0.0122	-0.420	3.940
81	0.0122	-0.420	3.960
82	0.0368	-0.440	4.040
83	0.0368	-0.440	4.060
84	0.0646	-0.480	4.140
85	0.0658	-0.500	4.160
86	0.0538	-0.520	4.240
87	0.0538	-0.520	4.260
88	0.0390	-0.540	4.341
89	0.0264	-0.540	4.361
90	0.0226	-0.600	4.441
91	0.0226	-0.600	4.460
92	0.0398	-0.620	4.540
93	0.0580	-0.620	4.560
94	0.0748	-0.660	4.640
95	0.0748	-0.660	4.660
96	0.0896	-0.680	4.740
97	0.0896	-0.700	4.760
98	0.0650	-0.720	4.840
99	0.0650	-0.720	4.860
100	0.0570	-0.760	4.940
101	0.0570	-0.780	4.961
102	0.0586	-0.780	5.040
103	0.0682	-0.800	5.060
104	0.0894	-0.820	5.140
105	0.0894	-0.820	5.161
106	0.1066	-0.860	5.240
107	0.1082	-0.860	5.260
108	0.0960	-0.880	5.340
109	0.0960	-0.880	5.360
110	0.0942	-0.880	5.441
111	0.0932	-0.880	5.460
112	0.0930	-0.880	5.540
113	0.0930	-0.880	5.560
114	0.0816	-0.880	5.622
115	0.0816	-0.880	5.641
116	0.0968	-0.880	5.721
117	0.0968	-0.880	5.740
118	0.0968	-0.880	5.820
119	0.0960	-0.880	5.840
120	0.0944	-0.880	5.920
121	0.0944	-0.880	5.940
122	0.0936	-0.880	6.001
123	0.0936	-0.880	6.021
124	0.0940	-0.880	6.100
125	0.0946	-0.880	6.120
126	0.0956	-0.880	6.200
127	0.0956	-0.880	6.220
128	0.0960	-0.880	6.281
129	0.0960	-0.880	6.301
130	0.0956	-0.880	6.380
131	0.0950	-0.880	6.400
132	0.0938	-0.880	6.481
133	0.0932	-0.880	6.500
134	0.0930	-0.880	6.580
135	0.0930	-0.880	6.600
136	0.0938	-0.880	6.681
137	0.0946	-0.880	6.700
138	0.0954	-0.880	6.780
139	0.0954	-0.880	6.800
140	0.0954	-0.880	6.881
141	0.0950	-0.880	6.901
142	0.0940	-0.880	6.981
143	0.0940	-0.880	7.000
144	0.0934	-0.880	7.080
145	0.0936	-0.880	7.100
146	0.0938	-0.880	7.180
147	0.0938	-0.880	7.201
148	0.0944	-0.880	7.281
149	0.0946	-0.880	7.300
150	0.0946	-0.880	7.381
151	0.0946	-0.880	7.400
152	0.0944	-0.880	7.480
153	0.0944	-0.880	7.500
154	0.0940	-0.880	7.581
155	0.0938	-0.880	7.600
156	0.0938	-0.880	7.681
157	0.0938	-0.880	7.701
158	0.0940	-0.880	7.781
159	0.0942	-0.880	7.800
160	0.0942	-0.880	7.880
161	0.0942	-0.880	7.900
162	0.0940	-0.880	7.980
163	0.0940	-0.880	8.000
164	0.0942	-0.880	8.080
165	0.0942	-0.880	8.101
166	0.0942	-0.880	8.181
167	0.0942	-0.880	8.200
168	0.0942	-0.880	8.280
169	0.0940	-0.880	8.300
170	0.0936	-0.880	8.381
171	0.0936	-0.880	8.400
172	0.0938	-0.880	8.480
173	0.0938	-0.880	8.501
174	0.0944	-0.880	8.580
175	0.0944	-0.880	8.600
176	0.0944	-0.880	8.680
177	0.0940	-0.880	8.700
178	0.0938	-0.880	8.780
179	0.0938	-0.880	8.800
180	0.0934	-0.880	8.880
181	0.0934	-0.880	8.900
182	0.0934	-0.880	8.980
183	0.0936	-0.880	9.000
184	0.0938	-0.880	9.081
185	0.0940	-0.880	9.100
186	0.0946	-0.880	9.180
187	0.0946	-0.880	9.201
188	0.0940	-0.880	9.281
189	0.0940	-0.880	9.300
190	0.0932	-0.880	9.380
191	0.0928	-0.880	9.400
192	0.0928	-0.880	9.480
193	0.0928	-0.880	9.501
194	0.0936	-0.880	9.560
195	0.0936	-0.880	9.581
196	0.0948	-0.880	9.660
197	0.0948	-0.880	9.680
198	0.0946	-0.880	9.760
199	0.0946	-0.880	9.781
200	0.0934	-0.880	9.861
201	0.0934	-0.880	9.880
202	0.0928	-0.880	9.960
203	0.0928	-0.880	9.980
204	0.0932	-0.880	10.060
205	0.0932	-0.880	10.081
206	0.0942	-0.880	10.160
207	0.0946	-0.880	10.180
208	0.0946	-0.880	10.261
209	0.0946	-0.880	10.281
210	0.0938	-0.880	10.361
211	0.0936	-0.880	10.380
212	0.0918	-0.860	10.480
213	0.0902	-0.820	10.500
214	0.0864	-0.820	10.580
215	0.0864	-0.800	10.600
216	0.0794	-0.780	10.681
217	0.0794	-0.780	10.700
218	0.0756	-0.760	10.781
219	0.0722	-0.760	10.801
220	0.0660	-0.720	10.880
221	0.0660	-0.700	10.900
222	0.0624	-0.680	10.981
223	0.0600	-0.680	11.001
224	0.0560	-0.660	11.080
225	0.0560	-0.660	11.101
226	0.0540	-0.620	11.180
227	0.0528	-0.600	11.200
228	0.0478	-0.600	11.280
229	0.0478	-0.580	11.300
230	0.0434	-0.540	11.380
231	0.0414	-0.540	11.401
232	0.0374	-0.520	11.480
233	0.0374	-0.500	11.500
234	0.0342	-0.480	11.580
235	0.0342	-0.480	11.600
236	0.0324	-0.440	11.680
237	0.0306	-0.440	11.701
238	0.0382	-0.400	11.780
239	0.0382	-0.400	11.801
240	0.0226	-0.380	11.880
241	0.0204	-0.380	11.901
242	0.0172	-0.340	11.981
243	0.0172	-0.340	12.000
244	0.0180	-0.300	12.080
245	0.0176	-0.300	12.100
246	0.0150	-0.260	12.180
247	0.0150	-0.260	12.201
248	0.0122	-0.240	12.281
249	0.0214	-0.240	12.300
250	0.0066	-0.220	12.380
251	0.0068	-0.220	12.400
252	0.0070	-0.160	12.480
253	0.0070	-0.160	12.500
254	0.0074	-0.140	12.580
255	0.0060	-0.140	12.600
256	0.0144	-0.100	12.701
257	-0.0004	-0.100	12.720
258	-0.0030	-0.060	12.801
259	-0.0030	-0.060	12.820
260	-0.0206	-0.020	12.900
261	-0.0190	-0.020	12.920
262	0.0036	0.000	13.000
263	0.0036	0.000	13.021
264	0.0186	0.000	13.100
265	0.0186	0.000	13.120
266	0.0100	0.000	13.200
267	-0.0026	0.000	13.220
268	-0.0152	0.000	13.300
269	-0.0152	0.000	13.320
270	-0.0168	0.000	13.400
271	-0.0112	0.000	13.421
272	0.0042	0.000	13.500
273	0.0042	0.000	13.520
274	0.0198	0.000	13.600
275	0.0176	0.000	13.621
276	-0.0020	0.000	13.701
277	-0.0020	0.000	13.721
278	-0.0024	0.000	13.800
279	-0.0136	0.000	13.820
280	-0.0112	0.000	13.900
281	-0.0112	0.000	13.920
282	0.0028	0.000	14.000
283	0.0028	0.000	14.020
284	0.0024	0.000	14.101
285	0.0132	0.000	14.120
286	-0.0004	0.000	14.200
287	-0.0004	0.000	14.220
288	-0.0020	0.000	14.300
289	-0.0022	0.000	14.320
290	-0.0164	0.000	14.400
291	-0.0164	0.000	14.420
292	0.0034	0.000	14.500
293	0.0034	0.000	14.521
294	0.0166	0.000	14.600
295	0.0166	0.000	14.620
296	0.0214	0.000	14.700
297	0.0152	0.000	14.720
298	-0.0032	0.000	14.801
299	-0.0032	0.000	14.820
300	-0.0194	0.000	14.901
301	-0.0194	0.000	14.920
302	0.0028	0.000	15.000
303	0.0036	0.000	15.020
304	0.0146	0.000	15.100
305	0.0146	0.000	15.121
306	0.0148	0.000	15.200
307	-0.0002	0.000	15.221
308	-0.0018	0.000	15.301
309	-0.0018	0.000	15.320
310	-0.0018	0.000	15.401
311	-0.0126	0.000	15.420
312	-0.0112	0.000	15.500
313	-0.0112	0.000	15.521
314	0.0032	0.000	15.601
315	0.0034	0.000	15.620
316	0.0168	0.000	15.701
317	0.0154	0.000	15.720
318	-0.0018	0.000	15.800
319	-0.0018	0.000	15.820
320	-0.0022	0.000	15.900
321	-0.0148	0.000	15.921
322	-0.0106	0.000	16.000
323	-0.0106	0.000	16.020
324	0.0030	0.000	16.100
325	0.0030	0.000	16.120
326	0.0016	0.000	16.200
327	0.0016	0.000	16.221
328	-0.0002	0.000	16.301
329	-0.0008	0.000	16.321
330	-0.0012	0.000	16.400
331	-0.0012	0.000	16.420
332	0.0002	0.000	16.500
333	0.0002	0.000	16.520
334	0.0018	0.000	16.601
335	0.0022	0.000	16.620
336	0.0024	0.000	16.700
337	0.0024	0.000	16.720
338	0.0008	0.000	16.801
339	-0.0004	0.000	16.821
340	-0.0014	0.000	16.900
341	-0.0014	0.000	16.920
342	-0.0004	0.000	17.000
343	0.0004	0.000	17.021
344	0.0020	0.000	17.101
345	0.0020	0.000	17.121
346	0.0014	0.000	17.201
347	0.0014	0.000	17.220
348	0.0000	0.000	17.301
349	-0.0004	0.000	17.320
350	-0.0002	0.000	17.400
351	-0.0002	0.000	17.420
352	0.0008	0.000	17.500
353	0.0012	0.000	17.521
354	0.0008	0.000	17.600
355	0.0008	0.000	17.620
356	0.0006	0.000	17.700
357	0.0006	0.000	17.720
358	0.0006	0.000	17.800
359	0.0006	0.000	17.821
360	0.0006	0.000	17.900
361	0.0006	0.000	17.920
362	0.0006	0.000	18.000
363	0.0006	0.000	18.021
364	0.0020	-0.020	18.100
365	0.0020	-0.020	18.120
366	0.0010	-0.040	18.221
367	0.0004	-0.060	18.240
368	0.0012	-0.100	18.320
369	0.0010	-0.100	18.340
370	0.0028	-0.120	18.420
371	0.0028	-0.120	18.440
372	0.0066	-0.140	18.521
373	0.0070	-0.160	18.540
374	0.0086	-0.200	18.621
375	0.0086	-0.200	18.640
376	0.0214	-0.220	18.720
377	0.0098	-0.220	18.740
378	0.0110	-0.260	18.820
379	0.0110	-0.260	18.840
380	0.0154	-0.300	18.921
381	0.0154	-0.300	18.940
382	0.0194	-0.320	19.020
383	0.0194	-0.320	19.041
384	0.0234	-0.340	19.120
385	0.0234	-0.340	19.140
386	0.0382	-0.400	19.220
387	0.0414	-0.400	19.240
388	0.0264	-0.420	19.320
389	0.0264	-0.420	19.340
390	0.0288	-0.440	19.420
391	0.0184	-0.440	19.441
392	0.0194	-0.500	19.520
393	0.0194	-0.500	19.541
394	0.0418	-0.520	19.620
395	0.0434	-0.520	19.640
396	0.0472	-0.540	19.720
397	0.0472	-0.580	19.740
398	0.0606	-0.600	19.820
399	0.0606	-0.600	19.840
400	0.0512	-0.620	19.920
401	0.0528	-0.620	19.941
402	0.0432	-0.680	20.023
403	0.0432	-0.680	20.040
404	0.0490	-0.700	20.120
405	0.0670	-0.700	20.140
406	0.0726	-0.720	20.221
407	0.0726	-0.720	20.241
408	0.0930	-0.780	20.322
409	0.0930	-0.780	20.340
410	0.0932	-0.800	20.420
411	0.0932	-0.800	20.440
412	0.0856	-0.820	20.520
413	0.0856	-0.820	20.541
414	0.0920	-0.860	20.620
415	0.0920	-0.860	20.640
416	0.0958	-0.860	20.721
417	0.0958	-0.860	20.741
418	0.0968	-0.880	20.821
419	0.0964	-0.880	20.840
420	0.0950	-0.880	20.920
421	0.0950	-0.880	20.940
422	0.0936	-0.880	21.021
423	0.0932	-0.880	21.040
424	0.0932	-0.880	21.120
425	0.0932	-0.880	21.140
426	0.0944	-0.880	21.221
427	0.0944	-0.880	21.241
428	0.0950	-0.880	21.320
429	0.0950	-0.880	21.341
430	0.0946	-0.880	21.420
431	0.0946	-0.880	21.441
432	0.0940	-0.880	21.520
433	0.0940	-0.880	21.540
434	0.0938	-0.880	21.620
435	0.0938	-0.880	21.640
436	0.0944	-0.880	21.720
437	0.0946	-0.880	21.740
438	0.0950	-0.880	21.820
439	0.0950	-0.880	21.841
440	0.0944	-0.880	21.920
441	0.0942	-0.880	21.940
442	0.0934	-0.880	22.020
443	0.0934	-0.880	22.040
444	0.0934	-0.880	22.120
445	0.0934	-0.880	22.141
446	0.0942	-0.880	22.220
447	0.0942	-0.880	22.241
448	0.0946	-0.880	22.320
449	0.0946	-0.880	22.340
450	0.0940	-0.880	22.420
451	0.0936	-0.880	22.440
452	0.0930	-0.880	22.520
453	0.0930	-0.880	22.540
454	0.0930	-0.880	22.620
455	0.0934	-0.880	22.641
456	0.0942	-0.880	22.720
457	0.0942	-0.880	22.740
458	0.0948	-0.880	22.820
459	0.0948	-0.880	22.840
460	0.0940	-0.880	22.920
461	0.0940	-0.880	22.940
462	0.0922	-0.880	23.021
463	0.0922	-0.880	23.041
464	0.0926	-0.880	23.120
465	0.0926	-0.880	23.141
466	0.0944	-0.880	23.220
467	0.0944	-0.880	23.241
468	0.0952	-0.880	23.320
469	0.0950	-0.880	23.340
470	0.0938	-0.880	23.420
471	0.0938	-0.880	23.441
472	0.0922	-0.880	23.520
473	0.0920	-0.880	23.540
474	0.0922	-0.880	23.620
475	0.0922	-0.880	23.641
476	0.0940	-0.880	23.720
477	0.0940	-0.880	23.740
478	0.0952	-0.880	23.822
479	0.0952	-0.880	23.840
480	0.0942	-0.880	23.920
481	0.0942	-0.880	23.940
482	0.0924	-0.880	24.020
483	0.0924	-0.880	24.040
484	0.0918	-0.880	24.121
485	0.0918	-0.880	24.140
486	0.0930	-0.880	24.220
487	0.0942	-0.880	24.240
488	0.0952	-0.880	24.321
489	0.0952	-0.880	24.341
490	0.0942	-0.880	24.420
491	0.0942	-0.880	24.440
492	0.0924	-0.880	24.540
493	0.0918	-0.880	24.560
494	0.0914	-0.880	24.640
495	0.0914	-0.880	24.660
496	0.0936	-0.880	24.781
497	0.0944	-0.880	24.800
498	0.0954	-0.880	24.880
499	0.0952	-0.880	24.901
500	0.0936	-0.880	24.980
501	0.0936	-0.880	25.001
502	0.0920	-0.880	25.080
503	0.0914	-0.880	25.101
504	0.0914	-0.880	25.180
505	0.0914	-0.880	25.200
506	0.0932	-0.880	25.281
507	0.0942	-0.880	25.301
508	0.0952	-0.880	25.380
509	0.0952	-0.880	25.400
510	0.0938	-0.880	25.481
511	0.0938	-0.880	25.500
512	0.0920	-0.880	25.581
513	0.0920	-0.880	25.600
514	0.0916	-0.880	25.681
515	0.0916	-0.880	25.700
516	0.0928	-0.880	25.780
517	0.0936	-0.880	25.800
518	0.0948	-0.880	25.880
519	0.0948	-0.880	25.900
520	0.0924	-0.820	25.980
521	0.0898	-0.820	26.000
522	0.0842	-0.800	26.080
523	0.0842	-0.800	26.100
524	0.0754	-0.780	26.180
525	0.0754	-0.780	26.200
526	0.0732	-0.760	26.280
527	0.0732	-0.720	26.301
528	0.0676	-0.700	26.380
529	0.0676	-0.700	26.400
530	0.0640	-0.680	26.480
531	0.0640	-0.680	26.500
532	0.0542	-0.660	26.600
533	0.0526	-0.620	26.620
534	0.0486	-0.600	26.701
535	0.0486	-0.600	26.720
536	0.0306	-0.580	26.800
537	0.0458	-0.580	26.821
538	0.0428	-0.540	26.900
539	0.0428	-0.520	26.920
540	0.0368	-0.500	27.000
541	0.0368	-0.500	27.020
542	0.0316	-0.480	27.101
543	0.0316	-0.480	27.121
544	0.0262	-0.420	27.220
545	0.0262	-0.420	27.240
546	0.0108	-0.400	27.320
547	0.0108	-0.400	27.340
548	0.0220	-0.340	27.420
549	0.0210	-0.340	27.441
550	0.0186	-0.320	27.521
551	0.0186	-0.320	27.540
552	0.0130	-0.300	27.640
553	0.0130	-0.260	27.661
554	0.0112	-0.240	27.740
555	0.0112	-0.240	27.761
556	0.0092	-0.220	27.840
557	0.0092	-0.220	27.860
558	0.0066	-0.160	27.941
559	0.0066	-0.160	27.960
560	0.0032	-0.140	28.040
561	0.0032	-0.140	28.060
562	0.0036	-0.120	28.141
563	0.0036	-0.120	28.160
564	0.0010	-0.060	28.240
565	0.0004	-0.060	28.260
566	-0.0026	-0.040	28.340
567	-0.0026	-0.040	28.360
568	-0.0030	-0.020	28.440
569	-0.0006	-0.020	28.460
570	0.0014	0.000	28.540
571	0.0014	0.000	28.561
572	0.0018	0.000	28.661
573	0.0018	0.000	28.680
574	-0.0008	0.000	28.780
575	-0.0008	0.000	28.800
576	-0.0008	0.000	28.881
577	-0.0008	0.000	28.901
578	0.0002	0.000	28.980
579	0.0002	0.000	29.000
580	0.0016	0.000	29.081
581	0.0016	0.000	29.100
582	0.0016	0.000	29.200
583	0.0016	0.000	29.220
584	0.0006	0.000	29.301
585	-0.0002	0.000	29.321
586	-0.0016	0.000	29.401
587	-0.0016	0.000	29.420
588	-0.0012	0.000	29.500
589	-0.0124	0.000	29.521
590	0.0024	0.000	29.600
591	0.0024	0.000	29.621
592	0.0024	0.000	29.700
593	0.0024	0.000	29.720
594	0.0000	0.000	29.800
595	0.0000	0.000	29.821
596	-0.0016	0.000	29.901
597	-0.0016	0.000	29.921
598	-0.0004	0.000	30.000
599	0.0004	0.000	30.021
600	0.0018	0.000	30.100
601	0.0018	0.000	30.120
602	0.0022	0.000	30.200
603	0.0020	0.000	30.221
604	0.0010	0.000	30.300
605	0.0010	0.000	30.320
606	-0.0006	0.000	30.401
607	-0.0012	0.000	30.420
608	-0.0016	0.000	30.500
609	-0.0016	0.000	30.520
610	0.0016	0.000	30.601
611	0.0016	0.000	30.620
612	0.0032	0.000	30.720
613	0.0032	0.000	30.740
614	0.0150	0.000	30.820
615	-0.0006	0.000	30.840
616	-0.0022	0.000	30.921
617	-0.0022	0.000	30.941
618	-0.0120	0.000	31.020
619	-0.0120	0.000	31.040
620	0.0022	0.000	31.120
621	0.0026	0.000	31.180
622	0.0024	0.000	31.200
623	0.0012	0.000	31.280
624	0.0012	0.000	31.301
625	-0.0008	0.000	31.400
626	-0.0008	0.000	31.420
627	-0.0006	0.000	31.500
628	-0.0006	0.000	31.520
629	0.0012	0.000	31.621
630	0.0012	0.000	31.640
631	0.0022	0.000	31.720
632	0.0022	0.000	31.740
633	0.0012	0.000	31.820
634	0.0012	0.000	31.841
635	-0.0008	0.000	31.921
636	-0.0016	0.000	31.940
637	-0.0012	0.000	32.040
638	-0.0128	0.000	32.060
639	0.0024	0.000	32.141
640	0.0030	0.000	32.200
641	0.0030	0.000	32.220
642	0.0010	0.000	32.301
643	0.0000	0.000	32.320
644	-0.0014	0.000	32.400
645	-0.0014	0.000	32.420
646	-0.0008	0.000	32.500
647	-0.0002	0.000	32.520
648	0.0014	0.000	32.601
649	0.0014	0.000	32.620
650	0.0024	0.000	32.700
651	0.0024	0.000	32.720
652	0.0014	0.000	32.821
653	0.0006	0.000	32.840
654	-0.0012	0.000	32.920
655	-0.0012	0.000	32.940
656	-0.0126	0.000	33.020
657	-0.0126	0.000	33.041
658	0.0014	0.000	33.120
659	0.0014	0.000	33.140
660	0.0034	0.000	33.220
661	0.0034	0.000	33.241
662	0.0168	0.000	33.320
663	0.0152	0.000	33.340
664	-0.0020	0.000	33.420
665	-0.0020	0.000	33.441
666	-0.0142	0.000	33.520
667	-0.0178	0.000	33.540
668	-0.0094	-0.020	33.620
669	-0.0094	-0.020	33.641
670	0.0030	-0.060	33.741
671	0.0030	-0.060	33.760
672	0.0014	-0.100	33.861
673	0.0014	-0.120	33.880
674	0.0024	-0.140	33.980
675	0.0024	-0.140	34.000
676	-0.0100	-0.160	34.100
677	-0.0062	-0.200	34.120
678	0.0116	-0.220	34.220
679	0.0140	-0.220	34.240
680	0.0308	-0.260	34.340
681	0.0346	-0.260	34.360
682	0.0354	-0.300	34.460
683	0.0274	-0.300	34.481
684	0.0146	-0.340	34.580
685	0.0022	-0.340	34.600
686	0.0090	-0.400	34.701
687	0.0090	-0.400	34.721
688	0.0334	-0.420	34.820
689	0.0334	-0.440	34.840
690	0.0572	-0.440	34.901
691	0.0572	-0.440	34.921
692	0.0512	-0.500	35.020
693	0.0512	-0.500	35.040
694	0.0230	-0.540	35.140
695	0.0230	-0.540	35.160
696	0.0222	-0.580	35.260
697	0.0222	-0.580	35.281
698	0.0576	-0.620	35.381
699	0.0576	-0.620	35.401
700	0.0856	-0.660	35.500
701	0.0856	-0.680	35.521
702	0.0802	-0.700	35.620
703	0.0802	-0.700	35.641
704	0.0536	-0.720	35.740
705	0.0536	-0.760	35.760
706	0.0588	-0.780	35.840
707	0.0588	-0.780	35.860
708	0.0874	-0.800	35.960
709	0.0874	-0.820	35.980
710	0.1084	-0.860	36.062
711	0.1084	-0.860	36.080
712	0.1044	-0.860	36.180
713	0.0920	-0.860	36.200
714	0.0924	-0.880	36.281
715	0.0924	-0.880	36.300
716	0.0808	-0.880	36.380
717	0.0808	-0.880	36.401
718	0.0950	-0.880	36.460
719	0.0950	-0.880	36.480
720	0.0960	-0.880	36.540
721	0.0960	-0.880	36.561
722	0.0956	-0.880	36.640
723	0.0952	-0.880	36.661
724	0.0944	-0.880	36.761
725	0.0940	-0.880	36.781
726	0.0938	-0.880	36.880
727	0.0938	-0.880	36.901
728	0.0942	-0.880	37.001
729	0.0946	-0.880	37.020
730	0.0946	-0.880	37.101
731	0.0946	-0.880	37.120
732	0.0942	-0.880	37.200
733	0.0942	-0.880	37.221
734	0.0936	-0.880	37.301
735	0.0936	-0.880	37.320
736	0.0934	-0.880	37.401
737	0.0934	-0.880	37.420
738	0.0938	-0.880	37.501
739	0.0938	-0.880	37.520
740	0.0942	-0.880	37.600
741	0.0942	-0.880	37.621
742	0.0938	-0.880	37.701
743	0.0938	-0.880	37.720
744	0.0938	-0.880	37.821
745	0.0938	-0.880	37.840
746	0.0938	-0.880	37.920
747	0.0938	-0.880	37.940
748	0.0936	-0.880	38.040
749	0.0936	-0.880	38.060
750	0.0934	-0.880	38.160
751	0.0934	-0.880	38.180
752	0.0936	-0.880	38.260
753	0.0936	-0.880	38.281
754	0.0938	-0.880	38.360
755	0.0942	-0.880	38.380
756	0.0938	-0.880	38.460
757	0.0938	-0.880	38.480
758	0.0932	-0.880	38.560
759	0.0932	-0.880	38.580
760	0.0928	-0.880	38.661
761	0.0928	-0.880	38.680
762	0.0934	-0.880	38.760
763	0.0934	-0.880	38.780
764	0.0936	-0.880	38.880
765	0.0940	-0.880	38.900
766	0.0944	-0.880	38.980
767	0.0944	-0.880	39.000
768	0.0932	-0.880	39.100
769	0.0928	-0.880	39.120
770	0.0922	-0.880	39.220
771	0.0924	-0.880	39.240
772	0.0934	-0.880	39.320
773	0.0938	-0.880	39.381
774	0.0942	-0.880	39.401
775	0.0946	-0.880	39.481
776	0.0946	-0.880	39.502
777	0.0932	-0.880	39.604
778	0.0932	-0.880	39.620
779	0.0924	-0.880	39.681
780	0.0924	-0.880	39.702
781	0.0922	-0.880	39.800
782	0.0922	-0.880	39.820
783	0.0940	-0.880	39.920
784	0.0944	-0.880	39.941
785	0.0946	-0.880	40.040
786	0.0940	-0.880	40.060
787	0.0928	-0.880	40.160
788	0.0924	-0.880	40.180
789	0.0918	-0.880	40.261
790	0.0918	-0.880	40.281
791	0.0928	-0.880	40.362
792	0.0928	-0.880	40.381
793	0.0942	-0.880	40.480
794	0.0946	-0.880	40.501
795	0.0940	-0.880	40.581
796	0.0940	-0.880	40.601
797	0.0922	-0.880	40.680
798	0.0922	-0.880	40.701
799	0.0916	-0.880	40.780
800	0.0920	-0.880	40.801
801	0.0928	-0.880	40.881
802	0.0928	-0.880	40.900
803	0.0942	-0.880	41.000
804	0.0942	-0.880	41.021
805	0.0938	-0.880	41.121
806	0.0938	-0.880	41.140
807	0.0928	-0.880	41.200
808	0.0928	-0.880	41.221
809	0.0920	-0.880	41.300
810	0.0920	-0.880	41.321
811	0.0926	-0.860	41.401
812	0.0926	-0.860	41.420
813	0.0894	-0.820	41.502
814	0.0894	-0.820	41.520
815	0.0832	-0.800	41.620
816	0.0810	-0.780	41.641
817	0.0720	-0.760	41.740
818	0.0720	-0.760	41.761
819	0.0660	-0.720	41.860
820	0.0660	-0.700	41.880
821	0.0620	-0.680	41.981
822	0.0620	-0.680	42.001
823	0.0548	-0.620	42.100
824	0.0548	-0.620	42.120
825	0.0474	-0.600	42.221
826	0.0474	-0.600	42.240
827	0.0428	-0.540	42.341
828	0.0428	-0.540	42.360
829	0.0396	-0.520	42.461
830	0.0372	-0.500	42.481
831	0.0320	-0.480	42.601
832	0.0320	-0.440	42.620
833	0.0254	-0.420	42.720
834	0.0254	-0.420	42.740
835	0.0080	-0.400	42.840
836	0.0080	-0.380	42.860
837	0.0214	-0.340	42.960
838	0.0214	-0.340	42.981
839	0.0296	-0.300	43.080
840	0.0296	-0.300	43.100
841	0.0084	-0.260	43.201
842	0.0084	-0.260	43.220
843	-0.0084	-0.220	43.281
844	-0.0084	-0.220	43.300
845	0.0102	-0.200	43.400
846	0.0114	-0.200	43.421
847	0.0288	-0.160	43.500
848	0.0288	-0.140	43.521
849	-0.0010	-0.120	43.621
850	-0.0010	-0.120	43.640
851	-0.0252	-0.060	43.740
852	-0.0252	-0.060	43.760
853	0.0022	-0.040	43.842
854	0.0022	-0.020	43.860
855	0.0194	0.000	43.960
856	0.0272	0.000	43.980
857	-0.0028	0.000	44.080
858	-0.0038	0.000	44.100
859	-0.0224	0.000	44.182
860	-0.0216	0.000	44.200
861	0.0034	0.000	44.300
862	0.0044	0.000	44.321
863	0.0196	0.000	44.420
864	0.0196	0.000	44.440
865	-0.0016	0.000	44.541
866	-0.0022	0.000	44.560
867	-0.0016	0.000	44.641
868	-0.0016	0.000	44.660
869	0.0000	0.000	44.740
870	0.0006	0.000	44.760
871	0.0018	0.000	44.841
872	0.0018	0.000	44.860
873	0.0024	0.000	44.960
874	0.0020	0.000	44.980
875	0.0122	0.000	45.060
876	0.0122	0.000	45.081
877	-0.0026	0.000	45.180
878	-0.0026	0.000	45.201
879	-0.0172	0.000	45.300
880	-0.0172	0.000	45.321
881	0.0044	0.000	45.420
882	0.0044	0.000	45.440
883	0.0180	0.000	45.541
884	0.0180	0.000	45.560
885	-0.0024	0.000	45.661
886	-0.0024	0.000	45.681
887	-0.0130	0.000	45.780
888	0.0010	0.000	45.801
889	0.0024	0.000	45.880
890	0.0024	0.000	45.900
891	0.0018	0.000	45.981
892	0.0018	0.000	46.001
893	0.0006	0.000	46.100
894	-0.0002	0.000	46.120
895	-0.0014	0.000	46.220
896	-0.0014	0.000	46.240
897	-0.0004	0.000	46.340
898	0.0006	0.000	46.360
899	0.0022	0.000	46.440
900	0.0022	0.000	46.461
901	0.0020	0.000	46.561
902	0.0122	0.000	46.580
903	-0.0010	0.000	46.681
904	-0.0014	0.000	46.700
905	-0.0014	0.000	46.760
906	-0.0006	0.000	46.781
907	0.0012	0.000	46.880
908	0.0018	0.000	46.900
909	0.0016	0.000	46.981
910	0.0012	0.000	47.040
911	0.0006	0.000	47.060
912	0.0004	0.000	47.160
913	0.0004	0.000	47.181
914	0.0004	0.000	47.280
915	0.0004	0.000	47.301
916	0.0004	0.000	47.401
917	0.0004	0.000	47.420
918	0.0006	0.000	47.501
919	0.0008	0.000	47.520
920	0.0012	0.000	47.620
921	0.0012	0.000	47.640
922	0.0002	0.000	47.720
923	0.0002	0.000	47.741
